日志时间：2019-07-29 10:02:03,645 
日志级别：INFO   
日志内容：Multi-tool Start: Running...

日志时间：2019-07-29 10:02:27,053 
日志级别：INFO   
日志内容：Multi-tool Stop: Closed...

日志时间：2019-07-29 10:27:50,619 
日志级别：INFO   
日志内容：Multi-tool Start: Running...

日志时间：2019-07-29 10:28:15,713 
日志级别：INFO   
日志内容：打开串口

日志时间：2019-07-29 10:28:22,983 
日志级别：INFO   
日志内容：关闭串口

日志时间：2019-07-29 10:28:28,326 
日志级别：INFO   
日志内容：打开串口

日志时间：2019-07-29 10:28:29,224 
日志级别：INFO   
日志内容：关闭串口

日志时间：2019-07-29 10:28:40,280 
日志级别：INFO   
日志内容：打开串口

日志时间：2019-07-29 10:28:44,171 
日志级别：INFO   
日志内容：关闭串口

日志时间：2019-07-29 10:28:50,395 
日志级别：INFO   
日志内容：打开串口

日志时间：2019-07-29 10:28:52,026 
日志级别：INFO   
日志内容：关闭串口

日志时间：2019-07-29 10:29:04,081 
日志级别：INFO   
日志内容：打开串口

日志时间：2019-07-29 10:29:05,676 
日志级别：INFO   
日志内容：关闭串口

日志时间：2019-07-29 10:29:07,884 
日志级别：INFO   
日志内容：Multi-tool Stop: Closed...

日志时间：2019-07-29 15:48:44,754 
日志级别：INFO   
日志内容：Multi-tool Start: Running...

日志时间：2019-07-29 15:50:39,561 
日志级别：INFO   
日志内容：Multi-tool Stop: Closed...

日志时间：2019-07-29 15:52:32,474 
日志级别：INFO   
日志内容：Multi-tool Start: Running...

日志时间：2019-07-29 15:53:04,514 
日志级别：INFO   
日志内容：Multi-tool Stop: Closed...

日志时间：2019-07-29 16:14:14,929 
日志级别：INFO   
日志内容：Multi-tool Start: Running...

日志时间：2019-07-29 16:15:44,770 
日志级别：INFO   
日志内容：Multi-tool Stop: Closed...

日志时间：2019-07-29 16:53:50,493 
日志级别：INFO   
日志内容：Multi-tool Start: Running...

日志时间：2019-07-29 16:54:32,967 
日志级别：INFO   
日志内容：Multi-tool Stop: Closed...

日志时间：2019-07-29 16:55:30,152 
日志级别：INFO   
日志内容：Multi-tool Start: Running...

日志时间：2019-07-29 16:55:55,430 
日志级别：INFO   
日志内容：Multi-tool Stop: Closed...

日志时间：2019-07-29 16:58:17,019 
日志级别：INFO   
日志内容：Multi-tool Start: Running...

日志时间：2019-07-29 16:58:33,729 
日志级别：INFO   
日志内容：Multi-tool Stop: Closed...

日志时间：2019-07-29 17:06:32,837 
日志级别：INFO   
日志内容：Multi-tool Start: Running...

日志时间：2019-07-29 17:07:50,521 
日志级别：INFO   
日志内容：WOL Date: 35:36:35:45:35:35

日志时间：2019-07-29 17:08:21,604 
日志级别：INFO   
日志内容：Multi-tool Stop: Closed...

