日志时间：2019-07-09 16:33:19,632 
日志级别：INFO   
日志内容：Multi-tool Start: Running...

日志时间：2019-07-09 16:33:58,026 
日志级别：INFO   
日志内容：Multi-tool Stop: Closed...

日志时间：2019-07-09 16:34:43,612 
日志级别：INFO   
日志内容：Multi-tool Start: Running...

日志时间：2019-07-09 16:35:06,919 
日志级别：INFO   
日志内容：Multi-tool Stop: Closed...

日志时间：2019-07-09 16:35:34,309 
日志级别：INFO   
日志内容：Multi-tool Start: Running...

日志时间：2019-07-09 16:36:13,765 
日志级别：INFO   
日志内容：Multi-tool Stop: Closed...

日志时间：2019-07-09 16:58:51,077 
日志级别：INFO   
日志内容：Multi-tool Start: Running...

日志时间：2019-07-09 16:59:01,090 
日志级别：INFO   
日志内容：Multi-tool Stop: Closed...

日志时间：2019-07-09 16:59:40,831 
日志级别：INFO   
日志内容：Multi-tool Start: Running...

日志时间：2019-07-09 16:59:44,336 
日志级别：INFO   
日志内容：打开串口

日志时间：2019-07-09 16:59:55,936 
日志级别：INFO   
日志内容：串口 DataReceived：%1 POWR 0

日志时间：2019-07-09 16:59:57,462 
日志级别：INFO   
日志内容：串口 DataReceived：%1 POWR 0

日志时间：2019-07-09 16:59:57,693 
日志级别：INFO   
日志内容：串口 DataReceived：%1 POWR 0

日志时间：2019-07-09 16:59:57,942 
日志级别：INFO   
日志内容：串口 DataReceived：%1 POWR 0

日志时间：2019-07-09 17:00:03,247 
日志级别：INFO   
日志内容：串口 DataReceived：%1 POWR 0sfsfsfGG

日志时间：2019-07-09 17:00:08,495 
日志级别：INFO   
日志内容：串口 DataReceived：%1 POWR 0123

日志时间：2019-07-09 17:00:16,377 
日志级别：INFO   
日志内容：串口 DataReceived：%1 POWR 0g5gs65gg65g6gg

日志时间：2019-07-09 17:00:19,239 
日志级别：INFO   
日志内容：串口 DataReceived：%1 POWR 0g5gs65gg65g6gg

日志时间：2019-07-09 17:00:19,414 
日志级别：INFO   
日志内容：串口 DataReceived：%1 POWR 0g5gs65gg65g6gg

日志时间：2019-07-09 17:00:19,570 
日志级别：INFO   
日志内容：串口 DataReceived：%1 POWR 0g5gs65gg65g6gg

日志时间：2019-07-09 17:00:19,734 
日志级别：INFO   
日志内容：串口 DataReceived：%1 POWR 0g5gs65gg65g6gg

日志时间：2019-07-09 17:00:19,921 
日志级别：INFO   
日志内容：串口 DataReceived：%1 POWR 0g5gs65gg65g6gg

日志时间：2019-07-09 17:00:28,131 
日志级别：INFO   
日志内容：串口 DataReceived：%1 POWR 0g5gs65gwgwg555555

日志时间：2019-07-09 17:05:20,233 
日志级别：INFO   
日志内容：Multi-tool Stop: Closed...

日志时间：2019-07-09 18:47:48,635 
日志级别：INFO   
日志内容：Multi-tool Start: Running...

日志时间：2019-07-09 18:47:52,012 
日志级别：INFO   
日志内容：打开串口

日志时间：2019-07-09 18:48:20,329 
日志级别：INFO   
日志内容：串口 DataReceived：%1 POWR 0g5gs65gwgwg555555

日志时间：2019-07-09 18:48:24,266 
日志级别：INFO   
日志内容：串口 DataReceived：%1 POWR 0g5gs65gwgwg555555

日志时间：2019-07-09 18:48:24,648 
日志级别：INFO   
日志内容：串口 DataReceived：%1 POWR 0g5gs65gwgwg555555

日志时间：2019-07-09 18:48:24,929 
日志级别：INFO   
日志内容：串口 DataReceived：%1 POWR 0g5gs65gwgwg555555

日志时间：2019-07-09 18:48:29,001 
日志级别：INFO   
日志内容：串口 DataReceived：%1 POWR 0g5gs65gwsggggg55

日志时间：2019-07-09 18:48:32,782 
日志级别：INFO   
日志内容：串口 DataReceived：%1 POWR 0g5gs6444455

日志时间：2019-07-09 18:48:36,551 
日志级别：INFO   
日志内容：串口 DataReceived：%1 POWR 0g55

日志时间：2019-07-09 18:48:42,304 
日志级别：INFO   
日志内容：串口 DataReceived：%14tettte POWR 0g55

日志时间：2019-07-09 18:48:47,941 
日志级别：INFO   
日志内容：串口 DataReceived：%14tettte POWR 0666

日志时间：2019-07-09 18:49:22,838 
日志级别：INFO   
日志内容：Multi-tool Stop: Closed...

日志时间：2019-07-09 18:49:36,575 
日志级别：INFO   
日志内容：Multi-tool Start: Running...

日志时间：2019-07-09 18:49:39,179 
日志级别：INFO   
日志内容：打开串口

日志时间：2019-07-09 18:49:43,282 
日志级别：INFO   
日志内容：串口 DataReceived：%14tettte POWR 0666

日志时间：2019-07-09 18:49:43,977 
日志级别：INFO   
日志内容：串口 DataReceived：%14tettte POWR 0666

日志时间：2019-07-09 18:49:46,837 
日志级别：INFO   
日志内容：串口 DataReceived：%14tettte POWR 0sfsf

日志时间：2019-07-09 18:49:51,276 
日志级别：INFO   
日志内容：串口 DataReceived：%14tettte POWR 4g4g4eggagae4g

日志时间：2019-07-09 18:49:55,481 
日志级别：INFO   
日志内容：串口 DataReceived：%14tettte POWR 44

日志时间：2019-07-09 18:49:59,492 
日志级别：INFO   
日志内容：串口 DataReceived：%14tettte POWR 4567889909

日志时间：2019-07-09 18:50:03,918 
日志级别：INFO   
日志内容：串口 DataReceived：%14tettte POWR hhhhh

日志时间：2019-07-09 18:50:10,783 
日志级别：INFO   
日志内容：串口 DataReceived：%14tettte POWR r4g4g4g4

日志时间：2019-07-09 18:50:50,064 
日志级别：INFO   
日志内容：Multi-tool Stop: Closed...

日志时间：2019-07-09 18:50:57,847 
日志级别：INFO   
日志内容：Multi-tool Start: Running...

日志时间：2019-07-09 18:50:59,825 
日志级别：INFO   
日志内容：打开串口

日志时间：2019-07-09 18:51:02,288 
日志级别：INFO   
日志内容：串口 DataReceived：%14tettte POWR r4g4g4g4

日志时间：2019-07-09 18:51:06,165 
日志级别：INFO   
日志内容：串口 DataReceived：%14tettte POWR r4g4g4g4

日志时间：2019-07-09 18:51:09,603 
日志级别：INFO   
日志内容：串口 DataReceived：%14tettte POWR r5555

日志时间：2019-07-09 18:51:12,266 
日志级别：INFO   
日志内容：串口 DataReceived：%14tettte POWR r65656

日志时间：2019-07-09 18:51:15,397 
日志级别：INFO   
日志内容：串口 DataReceived：%14tettte POWR rhrhrhrh

日志时间：2019-07-09 18:55:32,440 
日志级别：INFO   
日志内容：Multi-tool Start: Running...

日志时间：2019-07-09 18:55:36,977 
日志级别：INFO   
日志内容：打开串口

日志时间：2019-07-09 18:55:38,715 
日志级别：INFO   
日志内容：串口 DataReceived：%14tettte POWR rhrhrhrh

日志时间：2019-07-09 18:55:42,385 
日志级别：INFO   
日志内容：串口 DataReceived：%14tettte POWR rhrhrhrh

日志时间：2019-07-09 18:55:43,205 
日志级别：INFO   
日志内容：串口 DataReceived：%14tettte POWR rhrhrhrh

日志时间：2019-07-09 18:55:43,469 
日志级别：INFO   
日志内容：串口 DataReceived：%14tettte POWR rhrhrhrh

日志时间：2019-07-09 18:55:46,253 
日志级别：INFO   
日志内容：串口 DataReceived：%14tettte POWR rhrererrh

日志时间：2019-07-09 18:55:48,828 
日志级别：INFO   
日志内容：串口 DataReceived：%14tettte POWR545455

日志时间：2019-07-09 18:55:53,123 
日志级别：INFO   
日志内容：串口 DataReceived：%14tettte POWR54 566666

日志时间：2019-07-09 18:55:57,452 
日志级别：INFO   
日志内容：串口 DataReceived：%14tettte POWR54 757757

日志时间：2019-07-09 18:56:53,396 
日志级别：INFO   
日志内容：Multi-tool Stop: Closed...

日志时间：2019-07-09 18:57:39,160 
日志级别：INFO   
日志内容：Multi-tool Start: Running...

日志时间：2019-07-09 18:57:43,632 
日志级别：INFO   
日志内容：打开串口

日志时间：2019-07-09 18:57:45,842 
日志级别：INFO   
日志内容：串口 DataReceived：%14tettte POWR54 757757

日志时间：2019-07-09 18:57:49,088 
日志级别：INFO   
日志内容：串口 DataReceived：%14tettte POWR54 fsf

日志时间：2019-07-09 18:57:54,357 
日志级别：INFO   
日志内容：串口 DataReceived：%14tettte POWR54 sgeggsgg===

日志时间：2019-07-09 18:57:58,944 
日志级别：INFO   
日志内容：串口 DataReceived：%14tettte POWR54 -=-=-=

日志时间：2019-07-09 18:58:27,143 
日志级别：INFO   
日志内容：Multi-tool Stop: Closed...

日志时间：2019-07-09 18:58:44,864 
日志级别：INFO   
日志内容：Multi-tool Start: Running...

日志时间：2019-07-09 18:59:06,346 
日志级别：INFO   
日志内容：Multi-tool Stop: Closed...

日志时间：2019-07-09 18:59:29,894 
日志级别：INFO   
日志内容：Multi-tool Start: Running...

日志时间：2019-07-09 19:00:13,668 
日志级别：INFO   
日志内容：Multi-tool Stop: Closed...

日志时间：2019-07-09 19:00:22,840 
日志级别：INFO   
日志内容：Multi-tool Start: Running...

日志时间：2019-07-09 19:00:36,421 
日志级别：INFO   
日志内容：Multi-tool Stop: Closed...

日志时间：2019-07-09 19:01:18,122 
日志级别：INFO   
日志内容：Multi-tool Start: Running...

日志时间：2019-07-09 19:01:50,913 
日志级别：INFO   
日志内容：Multi-tool Stop: Closed...

日志时间：2019-07-09 19:05:16,766 
日志级别：INFO   
日志内容：Multi-tool Start: Running...

日志时间：2019-07-09 19:05:27,518 
日志级别：INFO   
日志内容：Multi-tool Stop: Closed...

日志时间：2019-07-09 19:05:41,150 
日志级别：INFO   
日志内容：Multi-tool Start: Running...

日志时间：2019-07-09 19:06:08,898 
日志级别：INFO   
日志内容：Multi-tool Stop: Closed...

日志时间：2019-07-09 19:06:18,864 
日志级别：INFO   
日志内容：Multi-tool Start: Running...

日志时间：2019-07-09 19:06:50,159 
日志级别：INFO   
日志内容：Multi-tool Stop: Closed...

日志时间：2019-07-09 19:09:04,421 
日志级别：INFO   
日志内容：Multi-tool Start: Running...

日志时间：2019-07-09 19:16:06,897 
日志级别：INFO   
日志内容：Multi-tool Start: Running...

日志时间：2019-07-09 19:16:37,799 
日志级别：INFO   
日志内容：Multi-tool Stop: Closed...

日志时间：2019-07-09 19:29:20,538 
日志级别：INFO   
日志内容：Multi-tool Start: Running...

日志时间：2019-07-09 19:29:57,789 
日志级别：INFO   
日志内容：TCP Server Connect: open

日志时间：2019-07-09 19:30:07,553 
日志级别：INFO   
日志内容：TCP Server Received: http://www.usr.cn

日志时间：2019-07-09 19:30:39,962 
日志级别：INFO   
日志内容：TCP Server Received: http://www.usr.cn6464

日志时间：2019-07-09 19:30:42,904 
日志级别：INFO   
日志内容：TCP Server Received: http://www.usr.cn666

日志时间：2019-07-09 19:30:45,733 
日志级别：INFO   
日志内容：TCP Server Received: http://www.usr.cn554444

日志时间：2019-07-09 19:30:48,475 
日志级别：INFO   
日志内容：TCP Server Received: http://www.usr.cn46--

日志时间：2019-07-09 19:30:52,264 
日志级别：INFO   
日志内容：TCP Server Received: http://www.usr.cn46=====

日志时间：2019-07-09 19:34:16,023 
日志级别：INFO   
日志内容：TCP Server Connect: close

日志时间：2019-07-09 19:34:25,835 
日志级别：INFO   
日志内容：Multi-tool Stop: Closed...

日志时间：2019-07-09 19:36:41,786 
日志级别：INFO   
日志内容：Multi-tool Start: Running...

日志时间：2019-07-09 19:36:44,464 
日志级别：INFO   
日志内容：Multi-tool Stop: Closed...

