日志时间：2019-08-01 10:53:38,876 
日志级别：INFO   
日志内容：Multi-tool Start: Running...

日志时间：2019-08-01 10:54:21,233 
日志级别：INFO   
日志内容：Multi-tool Stop: Closed...

日志时间：2019-08-01 10:57:14,068 
日志级别：INFO   
日志内容：Multi-tool Start: Running...

日志时间：2019-08-01 10:57:47,402 
日志级别：INFO   
日志内容：Multi-tool Stop: Closed...

日志时间：2019-08-01 11:09:17,521 
日志级别：INFO   
日志内容：Multi-tool Start: Running...

日志时间：2019-08-01 11:09:50,698 
日志级别：INFO   
日志内容：Multi-tool Stop: Closed...

日志时间：2019-08-01 11:13:08,169 
日志级别：INFO   
日志内容：Multi-tool Start: Running...

日志时间：2019-08-01 11:13:14,043 
日志级别：INFO   
日志内容：WOL Date: 33:33:33:33:33:33

日志时间：2019-08-01 11:13:14,073 
日志级别：INFO   
日志内容：WOL Date: 44:55:35:35:53:53

日志时间：2019-08-01 11:13:14,110 
日志级别：INFO   
日志内容：WOL Date: 35:36:35:45:35:35

日志时间：2019-08-01 11:13:14,142 
日志级别：INFO   
日志内容：WOL Date: 55:55:55:55:55:55

日志时间：2019-08-01 11:13:14,172 
日志级别：INFO   
日志内容：WOL Date: 33:33:33:33:33:33

日志时间：2019-08-01 11:13:14,205 
日志级别：INFO   
日志内容：WOL Date: 44:55:35:35:53:53

日志时间：2019-08-01 11:13:14,236 
日志级别：INFO   
日志内容：WOL Date: 35:36:35:45:35:35

日志时间：2019-08-01 11:13:14,266 
日志级别：INFO   
日志内容：WOL Date: 55:55:55:55:55:55

日志时间：2019-08-01 11:13:14,297 
日志级别：INFO   
日志内容：WOL Date: 33:33:33:33:33:33

日志时间：2019-08-01 11:13:14,327 
日志级别：INFO   
日志内容：WOL Date: 44:55:35:35:53:53

日志时间：2019-08-01 11:13:14,357 
日志级别：INFO   
日志内容：WOL Date: 35:36:35:45:35:35

日志时间：2019-08-01 11:13:14,387 
日志级别：INFO   
日志内容：WOL Date: 55:55:55:55:55:55

日志时间：2019-08-01 11:13:14,418 
日志级别：INFO   
日志内容：WOL Date: 33:33:33:33:33:33

日志时间：2019-08-01 11:13:14,448 
日志级别：INFO   
日志内容：WOL Date: 44:55:35:35:53:53

日志时间：2019-08-01 11:13:14,478 
日志级别：INFO   
日志内容：WOL Date: 35:36:35:45:35:35

日志时间：2019-08-01 11:13:14,508 
日志级别：INFO   
日志内容：WOL Date: 55:55:55:55:55:55

日志时间：2019-08-01 11:13:14,538 
日志级别：INFO   
日志内容：WOL Date: 33:33:33:33:33:33

日志时间：2019-08-01 11:13:14,569 
日志级别：INFO   
日志内容：WOL Date: 44:55:35:35:53:53

日志时间：2019-08-01 11:13:14,599 
日志级别：INFO   
日志内容：WOL Date: 35:36:35:45:35:35

日志时间：2019-08-01 11:13:14,629 
日志级别：INFO   
日志内容：WOL Date: 55:55:55:55:55:55

日志时间：2019-08-01 11:13:14,661 
日志级别：INFO   
日志内容：WOL Date: 33:33:33:33:33:33

日志时间：2019-08-01 11:13:14,691 
日志级别：INFO   
日志内容：WOL Date: 44:55:35:35:53:53

日志时间：2019-08-01 11:13:14,721 
日志级别：INFO   
日志内容：WOL Date: 35:36:35:45:35:35

日志时间：2019-08-01 11:13:14,752 
日志级别：INFO   
日志内容：WOL Date: 55:55:55:55:55:55

日志时间：2019-08-01 11:13:14,782 
日志级别：INFO   
日志内容：WOL Date: 33:33:33:33:33:33

日志时间：2019-08-01 11:13:14,814 
日志级别：INFO   
日志内容：WOL Date: 44:55:35:35:53:53

日志时间：2019-08-01 11:13:14,845 
日志级别：INFO   
日志内容：WOL Date: 35:36:35:45:35:35

日志时间：2019-08-01 11:13:14,876 
日志级别：INFO   
日志内容：WOL Date: 55:55:55:55:55:55

日志时间：2019-08-01 11:13:14,906 
日志级别：INFO   
日志内容：WOL Date: 33:33:33:33:33:33

日志时间：2019-08-01 11:13:14,938 
日志级别：INFO   
日志内容：WOL Date: 44:55:35:35:53:53

日志时间：2019-08-01 11:13:14,968 
日志级别：INFO   
日志内容：WOL Date: 35:36:35:45:35:35

日志时间：2019-08-01 11:13:15,000 
日志级别：INFO   
日志内容：WOL Date: 55:55:55:55:55:55

日志时间：2019-08-01 11:13:15,032 
日志级别：INFO   
日志内容：WOL Date: 33:33:33:33:33:33

日志时间：2019-08-01 11:13:15,065 
日志级别：INFO   
日志内容：WOL Date: 44:55:35:35:53:53

日志时间：2019-08-01 11:13:15,096 
日志级别：INFO   
日志内容：WOL Date: 35:36:35:45:35:35

日志时间：2019-08-01 11:13:15,126 
日志级别：INFO   
日志内容：WOL Date: 55:55:55:55:55:55

日志时间：2019-08-01 11:13:15,157 
日志级别：INFO   
日志内容：WOL Date: 33:33:33:33:33:33

日志时间：2019-08-01 11:13:15,188 
日志级别：INFO   
日志内容：WOL Date: 44:55:35:35:53:53

日志时间：2019-08-01 11:13:15,219 
日志级别：INFO   
日志内容：WOL Date: 35:36:35:45:35:35

日志时间：2019-08-01 11:13:15,251 
日志级别：INFO   
日志内容：WOL Date: 55:55:55:55:55:55

日志时间：2019-08-01 11:13:15,282 
日志级别：INFO   
日志内容：WOL Date: 33:33:33:33:33:33

日志时间：2019-08-01 11:13:15,312 
日志级别：INFO   
日志内容：WOL Date: 44:55:35:35:53:53

日志时间：2019-08-01 11:13:15,344 
日志级别：INFO   
日志内容：WOL Date: 35:36:35:45:35:35

日志时间：2019-08-01 11:13:15,374 
日志级别：INFO   
日志内容：WOL Date: 55:55:55:55:55:55

日志时间：2019-08-01 11:13:15,404 
日志级别：INFO   
日志内容：WOL Date: 33:33:33:33:33:33

日志时间：2019-08-01 11:13:15,437 
日志级别：INFO   
日志内容：WOL Date: 44:55:35:35:53:53

日志时间：2019-08-01 11:13:15,468 
日志级别：INFO   
日志内容：WOL Date: 35:36:35:45:35:35

日志时间：2019-08-01 11:13:15,499 
日志级别：INFO   
日志内容：WOL Date: 55:55:55:55:55:55

日志时间：2019-08-01 11:13:15,531 
日志级别：INFO   
日志内容：WOL Date: 33:33:33:33:33:33

日志时间：2019-08-01 11:13:15,562 
日志级别：INFO   
日志内容：WOL Date: 44:55:35:35:53:53

日志时间：2019-08-01 11:13:15,592 
日志级别：INFO   
日志内容：WOL Date: 35:36:35:45:35:35

日志时间：2019-08-01 11:13:15,624 
日志级别：INFO   
日志内容：WOL Date: 55:55:55:55:55:55

日志时间：2019-08-01 11:13:15,657 
日志级别：INFO   
日志内容：WOL Date: 33:33:33:33:33:33

日志时间：2019-08-01 11:13:15,688 
日志级别：INFO   
日志内容：WOL Date: 44:55:35:35:53:53

日志时间：2019-08-01 11:13:15,719 
日志级别：INFO   
日志内容：WOL Date: 35:36:35:45:35:35

日志时间：2019-08-01 11:13:15,749 
日志级别：INFO   
日志内容：WOL Date: 55:55:55:55:55:55

日志时间：2019-08-01 11:13:15,779 
日志级别：INFO   
日志内容：WOL Date: 33:33:33:33:33:33

日志时间：2019-08-01 11:13:15,809 
日志级别：INFO   
日志内容：WOL Date: 44:55:35:35:53:53

日志时间：2019-08-01 11:13:15,839 
日志级别：INFO   
日志内容：WOL Date: 35:36:35:45:35:35

日志时间：2019-08-01 11:13:15,869 
日志级别：INFO   
日志内容：WOL Date: 55:55:55:55:55:55

日志时间：2019-08-01 11:13:15,899 
日志级别：INFO   
日志内容：WOL Date: 33:33:33:33:33:33

日志时间：2019-08-01 11:13:15,929 
日志级别：INFO   
日志内容：WOL Date: 44:55:35:35:53:53

日志时间：2019-08-01 11:13:15,959 
日志级别：INFO   
日志内容：WOL Date: 35:36:35:45:35:35

日志时间：2019-08-01 11:13:15,989 
日志级别：INFO   
日志内容：WOL Date: 55:55:55:55:55:55

日志时间：2019-08-01 11:13:16,019 
日志级别：INFO   
日志内容：WOL Date: 33:33:33:33:33:33

日志时间：2019-08-01 11:13:16,049 
日志级别：INFO   
日志内容：WOL Date: 44:55:35:35:53:53

日志时间：2019-08-01 11:13:16,079 
日志级别：INFO   
日志内容：WOL Date: 35:36:35:45:35:35

日志时间：2019-08-01 11:13:16,109 
日志级别：INFO   
日志内容：WOL Date: 55:55:55:55:55:55

日志时间：2019-08-01 11:13:16,139 
日志级别：INFO   
日志内容：WOL Date: 33:33:33:33:33:33

日志时间：2019-08-01 11:13:16,169 
日志级别：INFO   
日志内容：WOL Date: 44:55:35:35:53:53

日志时间：2019-08-01 11:13:16,199 
日志级别：INFO   
日志内容：WOL Date: 35:36:35:45:35:35

日志时间：2019-08-01 11:13:16,229 
日志级别：INFO   
日志内容：WOL Date: 55:55:55:55:55:55

日志时间：2019-08-01 11:13:16,259 
日志级别：INFO   
日志内容：WOL Date: 33:33:33:33:33:33

日志时间：2019-08-01 11:13:16,289 
日志级别：INFO   
日志内容：WOL Date: 44:55:35:35:53:53

日志时间：2019-08-01 11:13:16,319 
日志级别：INFO   
日志内容：WOL Date: 35:36:35:45:35:35

日志时间：2019-08-01 11:13:16,349 
日志级别：INFO   
日志内容：WOL Date: 55:55:55:55:55:55

日志时间：2019-08-01 11:13:16,379 
日志级别：INFO   
日志内容：WOL Date: 33:33:33:33:33:33

日志时间：2019-08-01 11:13:16,409 
日志级别：INFO   
日志内容：WOL Date: 44:55:35:35:53:53

日志时间：2019-08-01 11:13:16,439 
日志级别：INFO   
日志内容：WOL Date: 35:36:35:45:35:35

日志时间：2019-08-01 11:13:16,469 
日志级别：INFO   
日志内容：WOL Date: 55:55:55:55:55:55

日志时间：2019-08-01 11:13:16,499 
日志级别：INFO   
日志内容：WOL Date: 33:33:33:33:33:33

日志时间：2019-08-01 11:13:16,529 
日志级别：INFO   
日志内容：WOL Date: 44:55:35:35:53:53

日志时间：2019-08-01 11:13:16,559 
日志级别：INFO   
日志内容：WOL Date: 35:36:35:45:35:35

日志时间：2019-08-01 11:13:16,589 
日志级别：INFO   
日志内容：WOL Date: 55:55:55:55:55:55

日志时间：2019-08-01 11:13:16,619 
日志级别：INFO   
日志内容：WOL Date: 33:33:33:33:33:33

日志时间：2019-08-01 11:13:16,649 
日志级别：INFO   
日志内容：WOL Date: 44:55:35:35:53:53

日志时间：2019-08-01 11:13:16,679 
日志级别：INFO   
日志内容：WOL Date: 35:36:35:45:35:35

日志时间：2019-08-01 11:13:16,709 
日志级别：INFO   
日志内容：WOL Date: 55:55:55:55:55:55

日志时间：2019-08-01 11:13:16,739 
日志级别：INFO   
日志内容：WOL Date: 33:33:33:33:33:33

日志时间：2019-08-01 11:13:16,769 
日志级别：INFO   
日志内容：WOL Date: 44:55:35:35:53:53

日志时间：2019-08-01 11:13:16,799 
日志级别：INFO   
日志内容：WOL Date: 35:36:35:45:35:35

日志时间：2019-08-01 11:13:16,829 
日志级别：INFO   
日志内容：WOL Date: 55:55:55:55:55:55

日志时间：2019-08-01 11:13:16,859 
日志级别：INFO   
日志内容：WOL Date: 33:33:33:33:33:33

日志时间：2019-08-01 11:13:16,889 
日志级别：INFO   
日志内容：WOL Date: 44:55:35:35:53:53

日志时间：2019-08-01 11:13:16,919 
日志级别：INFO   
日志内容：WOL Date: 35:36:35:45:35:35

日志时间：2019-08-01 11:13:16,949 
日志级别：INFO   
日志内容：WOL Date: 55:55:55:55:55:55

日志时间：2019-08-01 11:13:16,979 
日志级别：INFO   
日志内容：WOL Date: 33:33:33:33:33:33

日志时间：2019-08-01 11:13:17,009 
日志级别：INFO   
日志内容：WOL Date: 44:55:35:35:53:53

日志时间：2019-08-01 11:13:17,039 
日志级别：INFO   
日志内容：WOL Date: 35:36:35:45:35:35

日志时间：2019-08-01 11:13:17,069 
日志级别：INFO   
日志内容：WOL Date: 55:55:55:55:55:55

日志时间：2019-08-01 11:13:17,100 
日志级别：INFO   
日志内容：WOL Date: 33:33:33:33:33:33

日志时间：2019-08-01 11:13:17,130 
日志级别：INFO   
日志内容：WOL Date: 44:55:35:35:53:53

日志时间：2019-08-01 11:13:17,160 
日志级别：INFO   
日志内容：WOL Date: 35:36:35:45:35:35

日志时间：2019-08-01 11:13:17,190 
日志级别：INFO   
日志内容：WOL Date: 55:55:55:55:55:55

日志时间：2019-08-01 11:13:17,220 
日志级别：INFO   
日志内容：WOL Date: 33:33:33:33:33:33

日志时间：2019-08-01 11:13:17,250 
日志级别：INFO   
日志内容：WOL Date: 44:55:35:35:53:53

日志时间：2019-08-01 11:13:17,280 
日志级别：INFO   
日志内容：WOL Date: 35:36:35:45:35:35

日志时间：2019-08-01 11:13:17,311 
日志级别：INFO   
日志内容：WOL Date: 55:55:55:55:55:55

日志时间：2019-08-01 11:13:17,342 
日志级别：INFO   
日志内容：WOL Date: 33:33:33:33:33:33

日志时间：2019-08-01 11:13:17,372 
日志级别：INFO   
日志内容：WOL Date: 44:55:35:35:53:53

日志时间：2019-08-01 11:13:17,404 
日志级别：INFO   
日志内容：WOL Date: 35:36:35:45:35:35

日志时间：2019-08-01 11:13:17,434 
日志级别：INFO   
日志内容：WOL Date: 55:55:55:55:55:55

日志时间：2019-08-01 11:13:17,465 
日志级别：INFO   
日志内容：WOL Date: 33:33:33:33:33:33

日志时间：2019-08-01 11:13:17,496 
日志级别：INFO   
日志内容：WOL Date: 44:55:35:35:53:53

日志时间：2019-08-01 11:13:17,527 
日志级别：INFO   
日志内容：WOL Date: 35:36:35:45:35:35

日志时间：2019-08-01 11:13:17,559 
日志级别：INFO   
日志内容：WOL Date: 55:55:55:55:55:55

日志时间：2019-08-01 11:13:17,590 
日志级别：INFO   
日志内容：WOL Date: 33:33:33:33:33:33

日志时间：2019-08-01 11:13:17,620 
日志级别：INFO   
日志内容：WOL Date: 44:55:35:35:53:53

日志时间：2019-08-01 11:13:17,652 
日志级别：INFO   
日志内容：WOL Date: 35:36:35:45:35:35

日志时间：2019-08-01 11:13:17,682 
日志级别：INFO   
日志内容：WOL Date: 55:55:55:55:55:55

日志时间：2019-08-01 11:13:17,712 
日志级别：INFO   
日志内容：WOL Date: 33:33:33:33:33:33

日志时间：2019-08-01 11:13:17,742 
日志级别：INFO   
日志内容：WOL Date: 44:55:35:35:53:53

日志时间：2019-08-01 11:13:17,772 
日志级别：INFO   
日志内容：WOL Date: 35:36:35:45:35:35

日志时间：2019-08-01 11:13:17,802 
日志级别：INFO   
日志内容：WOL Date: 55:55:55:55:55:55

日志时间：2019-08-01 11:13:17,832 
日志级别：INFO   
日志内容：WOL Date: 33:33:33:33:33:33

日志时间：2019-08-01 11:13:17,862 
日志级别：INFO   
日志内容：WOL Date: 44:55:35:35:53:53

日志时间：2019-08-01 11:13:17,893 
日志级别：INFO   
日志内容：WOL Date: 35:36:35:45:35:35

日志时间：2019-08-01 11:13:17,923 
日志级别：INFO   
日志内容：WOL Date: 55:55:55:55:55:55

日志时间：2019-08-01 11:13:17,954 
日志级别：INFO   
日志内容：WOL Date: 33:33:33:33:33:33

日志时间：2019-08-01 11:13:17,984 
日志级别：INFO   
日志内容：WOL Date: 44:55:35:35:53:53

日志时间：2019-08-01 11:13:18,017 
日志级别：INFO   
日志内容：WOL Date: 35:36:35:45:35:35

日志时间：2019-08-01 11:13:18,047 
日志级别：INFO   
日志内容：WOL Date: 55:55:55:55:55:55

日志时间：2019-08-01 11:13:18,079 
日志级别：INFO   
日志内容：WOL Date: 33:33:33:33:33:33

日志时间：2019-08-01 11:13:18,110 
日志级别：INFO   
日志内容：WOL Date: 44:55:35:35:53:53

日志时间：2019-08-01 11:13:18,140 
日志级别：INFO   
日志内容：WOL Date: 35:36:35:45:35:35

日志时间：2019-08-01 11:13:18,170 
日志级别：INFO   
日志内容：WOL Date: 55:55:55:55:55:55

日志时间：2019-08-01 11:13:18,201 
日志级别：INFO   
日志内容：WOL Date: 33:33:33:33:33:33

日志时间：2019-08-01 11:13:18,231 
日志级别：INFO   
日志内容：WOL Date: 44:55:35:35:53:53

日志时间：2019-08-01 11:13:18,262 
日志级别：INFO   
日志内容：WOL Date: 35:36:35:45:35:35

日志时间：2019-08-01 11:13:18,293 
日志级别：INFO   
日志内容：WOL Date: 55:55:55:55:55:55

日志时间：2019-08-01 11:13:18,324 
日志级别：INFO   
日志内容：WOL Date: 33:33:33:33:33:33

日志时间：2019-08-01 11:13:18,354 
日志级别：INFO   
日志内容：WOL Date: 44:55:35:35:53:53

日志时间：2019-08-01 11:13:18,385 
日志级别：INFO   
日志内容：WOL Date: 35:36:35:45:35:35

日志时间：2019-08-01 11:13:18,415 
日志级别：INFO   
日志内容：WOL Date: 55:55:55:55:55:55

日志时间：2019-08-01 11:13:18,449 
日志级别：INFO   
日志内容：WOL Date: 33:33:33:33:33:33

日志时间：2019-08-01 11:13:18,480 
日志级别：INFO   
日志内容：WOL Date: 44:55:35:35:53:53

日志时间：2019-08-01 11:13:18,511 
日志级别：INFO   
日志内容：WOL Date: 35:36:35:45:35:35

日志时间：2019-08-01 11:13:18,542 
日志级别：INFO   
日志内容：WOL Date: 55:55:55:55:55:55

日志时间：2019-08-01 11:13:18,573 
日志级别：INFO   
日志内容：WOL Date: 33:33:33:33:33:33

日志时间：2019-08-01 11:13:18,605 
日志级别：INFO   
日志内容：WOL Date: 44:55:35:35:53:53

日志时间：2019-08-01 11:13:18,637 
日志级别：INFO   
日志内容：WOL Date: 35:36:35:45:35:35

日志时间：2019-08-01 11:13:18,668 
日志级别：INFO   
日志内容：WOL Date: 55:55:55:55:55:55

日志时间：2019-08-01 11:13:18,698 
日志级别：INFO   
日志内容：WOL Date: 33:33:33:33:33:33

日志时间：2019-08-01 11:13:18,728 
日志级别：INFO   
日志内容：WOL Date: 44:55:35:35:53:53

日志时间：2019-08-01 11:13:18,758 
日志级别：INFO   
日志内容：WOL Date: 35:36:35:45:35:35

日志时间：2019-08-01 11:13:18,788 
日志级别：INFO   
日志内容：WOL Date: 55:55:55:55:55:55

日志时间：2019-08-01 11:13:18,818 
日志级别：INFO   
日志内容：WOL Date: 33:33:33:33:33:33

日志时间：2019-08-01 11:13:18,848 
日志级别：INFO   
日志内容：WOL Date: 44:55:35:35:53:53

日志时间：2019-08-01 11:13:18,878 
日志级别：INFO   
日志内容：WOL Date: 35:36:35:45:35:35

日志时间：2019-08-01 11:13:18,909 
日志级别：INFO   
日志内容：WOL Date: 55:55:55:55:55:55

日志时间：2019-08-01 11:13:18,939 
日志级别：INFO   
日志内容：WOL Date: 33:33:33:33:33:33

日志时间：2019-08-01 11:13:18,969 
日志级别：INFO   
日志内容：WOL Date: 44:55:35:35:53:53

日志时间：2019-08-01 11:13:19,000 
日志级别：INFO   
日志内容：WOL Date: 35:36:35:45:35:35

日志时间：2019-08-01 11:13:19,030 
日志级别：INFO   
日志内容：WOL Date: 55:55:55:55:55:55

日志时间：2019-08-01 11:13:19,064 
日志级别：INFO   
日志内容：WOL Date: 33:33:33:33:33:33

日志时间：2019-08-01 11:13:19,094 
日志级别：INFO   
日志内容：WOL Date: 44:55:35:35:53:53

日志时间：2019-08-01 11:13:19,124 
日志级别：INFO   
日志内容：WOL Date: 35:36:35:45:35:35

日志时间：2019-08-01 11:13:19,155 
日志级别：INFO   
日志内容：WOL Date: 55:55:55:55:55:55

日志时间：2019-08-01 11:13:19,186 
日志级别：INFO   
日志内容：WOL Date: 33:33:33:33:33:33

日志时间：2019-08-01 11:13:19,217 
日志级别：INFO   
日志内容：WOL Date: 44:55:35:35:53:53

日志时间：2019-08-01 11:13:19,249 
日志级别：INFO   
日志内容：WOL Date: 35:36:35:45:35:35

日志时间：2019-08-01 11:13:19,280 
日志级别：INFO   
日志内容：WOL Date: 55:55:55:55:55:55

日志时间：2019-08-01 11:13:19,310 
日志级别：INFO   
日志内容：WOL Date: 33:33:33:33:33:33

日志时间：2019-08-01 11:13:19,340 
日志级别：INFO   
日志内容：WOL Date: 44:55:35:35:53:53

日志时间：2019-08-01 11:13:19,370 
日志级别：INFO   
日志内容：WOL Date: 35:36:35:45:35:35

日志时间：2019-08-01 11:13:19,401 
日志级别：INFO   
日志内容：WOL Date: 55:55:55:55:55:55

日志时间：2019-08-01 11:13:19,433 
日志级别：INFO   
日志内容：WOL Date: 33:33:33:33:33:33

日志时间：2019-08-01 11:13:19,464 
日志级别：INFO   
日志内容：WOL Date: 44:55:35:35:53:53

日志时间：2019-08-01 11:13:19,495 
日志级别：INFO   
日志内容：WOL Date: 35:36:35:45:35:35

日志时间：2019-08-01 11:13:19,525 
日志级别：INFO   
日志内容：WOL Date: 55:55:55:55:55:55

日志时间：2019-08-01 11:13:19,555 
日志级别：INFO   
日志内容：WOL Date: 33:33:33:33:33:33

日志时间：2019-08-01 11:13:19,586 
日志级别：INFO   
日志内容：WOL Date: 44:55:35:35:53:53

日志时间：2019-08-01 11:13:19,619 
日志级别：INFO   
日志内容：WOL Date: 35:36:35:45:35:35

日志时间：2019-08-01 11:13:19,651 
日志级别：INFO   
日志内容：WOL Date: 55:55:55:55:55:55

日志时间：2019-08-01 11:13:19,681 
日志级别：INFO   
日志内容：WOL Date: 33:33:33:33:33:33

日志时间：2019-08-01 11:13:19,712 
日志级别：INFO   
日志内容：WOL Date: 44:55:35:35:53:53

日志时间：2019-08-01 11:13:19,743 
日志级别：INFO   
日志内容：WOL Date: 35:36:35:45:35:35

日志时间：2019-08-01 11:13:19,775 
日志级别：INFO   
日志内容：WOL Date: 55:55:55:55:55:55

日志时间：2019-08-01 11:13:19,805 
日志级别：INFO   
日志内容：WOL Date: 33:33:33:33:33:33

日志时间：2019-08-01 11:13:19,835 
日志级别：INFO   
日志内容：WOL Date: 44:55:35:35:53:53

日志时间：2019-08-01 11:13:19,866 
日志级别：INFO   
日志内容：WOL Date: 35:36:35:45:35:35

日志时间：2019-08-01 11:13:19,896 
日志级别：INFO   
日志内容：WOL Date: 55:55:55:55:55:55

日志时间：2019-08-01 11:13:19,926 
日志级别：INFO   
日志内容：WOL Date: 33:33:33:33:33:33

日志时间：2019-08-01 11:13:19,956 
日志级别：INFO   
日志内容：WOL Date: 44:55:35:35:53:53

日志时间：2019-08-01 11:13:19,986 
日志级别：INFO   
日志内容：WOL Date: 35:36:35:45:35:35

日志时间：2019-08-01 11:13:20,016 
日志级别：INFO   
日志内容：WOL Date: 55:55:55:55:55:55

日志时间：2019-08-01 11:13:20,048 
日志级别：INFO   
日志内容：WOL Date: 33:33:33:33:33:33

日志时间：2019-08-01 11:13:20,079 
日志级别：INFO   
日志内容：WOL Date: 44:55:35:35:53:53

日志时间：2019-08-01 11:13:20,110 
日志级别：INFO   
日志内容：WOL Date: 35:36:35:45:35:35

日志时间：2019-08-01 11:13:20,141 
日志级别：INFO   
日志内容：WOL Date: 55:55:55:55:55:55

日志时间：2019-08-01 11:13:20,173 
日志级别：INFO   
日志内容：WOL Date: 33:33:33:33:33:33

日志时间：2019-08-01 11:13:20,204 
日志级别：INFO   
日志内容：WOL Date: 44:55:35:35:53:53

日志时间：2019-08-01 11:13:20,235 
日志级别：INFO   
日志内容：WOL Date: 35:36:35:45:35:35

日志时间：2019-08-01 11:13:20,266 
日志级别：INFO   
日志内容：WOL Date: 55:55:55:55:55:55

日志时间：2019-08-01 11:13:20,297 
日志级别：INFO   
日志内容：WOL Date: 33:33:33:33:33:33

日志时间：2019-08-01 11:13:20,327 
日志级别：INFO   
日志内容：WOL Date: 44:55:35:35:53:53

日志时间：2019-08-01 11:13:20,357 
日志级别：INFO   
日志内容：WOL Date: 35:36:35:45:35:35

日志时间：2019-08-01 11:13:20,387 
日志级别：INFO   
日志内容：WOL Date: 55:55:55:55:55:55

日志时间：2019-08-01 11:13:20,418 
日志级别：INFO   
日志内容：WOL Date: 33:33:33:33:33:33

日志时间：2019-08-01 11:13:20,449 
日志级别：INFO   
日志内容：WOL Date: 44:55:35:35:53:53

日志时间：2019-08-01 11:13:20,481 
日志级别：INFO   
日志内容：WOL Date: 35:36:35:45:35:35

日志时间：2019-08-01 11:13:20,512 
日志级别：INFO   
日志内容：WOL Date: 55:55:55:55:55:55

日志时间：2019-08-01 11:13:20,543 
日志级别：INFO   
日志内容：WOL Date: 33:33:33:33:33:33

日志时间：2019-08-01 11:13:20,573 
日志级别：INFO   
日志内容：WOL Date: 44:55:35:35:53:53

日志时间：2019-08-01 11:13:20,604 
日志级别：INFO   
日志内容：WOL Date: 35:36:35:45:35:35

日志时间：2019-08-01 11:13:20,635 
日志级别：INFO   
日志内容：WOL Date: 55:55:55:55:55:55

日志时间：2019-08-01 11:13:20,666 
日志级别：INFO   
日志内容：WOL Date: 33:33:33:33:33:33

日志时间：2019-08-01 11:13:20,696 
日志级别：INFO   
日志内容：WOL Date: 44:55:35:35:53:53

日志时间：2019-08-01 11:13:20,728 
日志级别：INFO   
日志内容：WOL Date: 35:36:35:45:35:35

日志时间：2019-08-01 11:13:20,759 
日志级别：INFO   
日志内容：WOL Date: 55:55:55:55:55:55

日志时间：2019-08-01 11:13:20,789 
日志级别：INFO   
日志内容：WOL Date: 33:33:33:33:33:33

日志时间：2019-08-01 11:13:20,819 
日志级别：INFO   
日志内容：WOL Date: 44:55:35:35:53:53

日志时间：2019-08-01 11:13:20,850 
日志级别：INFO   
日志内容：WOL Date: 35:36:35:45:35:35

日志时间：2019-08-01 11:13:20,881 
日志级别：INFO   
日志内容：WOL Date: 55:55:55:55:55:55

日志时间：2019-08-01 11:13:20,912 
日志级别：INFO   
日志内容：WOL Date: 33:33:33:33:33:33

日志时间：2019-08-01 11:13:20,942 
日志级别：INFO   
日志内容：WOL Date: 44:55:35:35:53:53

日志时间：2019-08-01 11:13:20,972 
日志级别：INFO   
日志内容：WOL Date: 35:36:35:45:35:35

日志时间：2019-08-01 11:13:21,002 
日志级别：INFO   
日志内容：WOL Date: 55:55:55:55:55:55

日志时间：2019-08-01 11:13:21,032 
日志级别：INFO   
日志内容：WOL Date: 33:33:33:33:33:33

日志时间：2019-08-01 11:13:21,064 
日志级别：INFO   
日志内容：WOL Date: 44:55:35:35:53:53

日志时间：2019-08-01 11:13:21,095 
日志级别：INFO   
日志内容：WOL Date: 35:36:35:45:35:35

日志时间：2019-08-01 11:13:21,126 
日志级别：INFO   
日志内容：WOL Date: 55:55:55:55:55:55

日志时间：2019-08-01 11:13:21,157 
日志级别：INFO   
日志内容：WOL Date: 33:33:33:33:33:33

日志时间：2019-08-01 11:13:21,188 
日志级别：INFO   
日志内容：WOL Date: 44:55:35:35:53:53

日志时间：2019-08-01 11:13:21,219 
日志级别：INFO   
日志内容：WOL Date: 35:36:35:45:35:35

日志时间：2019-08-01 11:13:21,250 
日志级别：INFO   
日志内容：WOL Date: 55:55:55:55:55:55

日志时间：2019-08-01 11:13:21,281 
日志级别：INFO   
日志内容：WOL Date: 33:33:33:33:33:33

日志时间：2019-08-01 11:13:21,311 
日志级别：INFO   
日志内容：WOL Date: 44:55:35:35:53:53

日志时间：2019-08-01 11:13:21,342 
日志级别：INFO   
日志内容：WOL Date: 35:36:35:45:35:35

日志时间：2019-08-01 11:13:21,373 
日志级别：INFO   
日志内容：WOL Date: 55:55:55:55:55:55

日志时间：2019-08-01 11:13:21,404 
日志级别：INFO   
日志内容：WOL Date: 33:33:33:33:33:33

日志时间：2019-08-01 11:13:21,434 
日志级别：INFO   
日志内容：WOL Date: 44:55:35:35:53:53

日志时间：2019-08-01 11:13:21,465 
日志级别：INFO   
日志内容：WOL Date: 35:36:35:45:35:35

日志时间：2019-08-01 11:13:21,495 
日志级别：INFO   
日志内容：WOL Date: 55:55:55:55:55:55

日志时间：2019-08-01 11:13:21,525 
日志级别：INFO   
日志内容：WOL Date: 33:33:33:33:33:33

日志时间：2019-08-01 11:13:21,555 
日志级别：INFO   
日志内容：WOL Date: 44:55:35:35:53:53

日志时间：2019-08-01 11:13:21,585 
日志级别：INFO   
日志内容：WOL Date: 35:36:35:45:35:35

日志时间：2019-08-01 11:13:21,616 
日志级别：INFO   
日志内容：WOL Date: 55:55:55:55:55:55

日志时间：2019-08-01 11:13:21,646 
日志级别：INFO   
日志内容：WOL Date: 33:33:33:33:33:33

日志时间：2019-08-01 11:13:21,678 
日志级别：INFO   
日志内容：WOL Date: 44:55:35:35:53:53

日志时间：2019-08-01 11:13:21,710 
日志级别：INFO   
日志内容：WOL Date: 35:36:35:45:35:35

日志时间：2019-08-01 11:13:21,740 
日志级别：INFO   
日志内容：WOL Date: 55:55:55:55:55:55

日志时间：2019-08-01 11:13:21,770 
日志级别：INFO   
日志内容：WOL Date: 33:33:33:33:33:33

日志时间：2019-08-01 11:13:21,802 
日志级别：INFO   
日志内容：WOL Date: 44:55:35:35:53:53

日志时间：2019-08-01 11:13:21,834 
日志级别：INFO   
日志内容：WOL Date: 35:36:35:45:35:35

日志时间：2019-08-01 11:13:21,864 
日志级别：INFO   
日志内容：WOL Date: 55:55:55:55:55:55

日志时间：2019-08-01 11:13:21,894 
日志级别：INFO   
日志内容：WOL Date: 33:33:33:33:33:33

日志时间：2019-08-01 11:13:21,926 
日志级别：INFO   
日志内容：WOL Date: 44:55:35:35:53:53

日志时间：2019-08-01 11:13:21,958 
日志级别：INFO   
日志内容：WOL Date: 35:36:35:45:35:35

日志时间：2019-08-01 11:13:21,988 
日志级别：INFO   
日志内容：WOL Date: 55:55:55:55:55:55

日志时间：2019-08-01 11:13:22,018 
日志级别：INFO   
日志内容：WOL Date: 33:33:33:33:33:33

日志时间：2019-08-01 11:13:22,050 
日志级别：INFO   
日志内容：WOL Date: 44:55:35:35:53:53

日志时间：2019-08-01 11:13:22,080 
日志级别：INFO   
日志内容：WOL Date: 35:36:35:45:35:35

日志时间：2019-08-01 11:13:22,110 
日志级别：INFO   
日志内容：WOL Date: 55:55:55:55:55:55

日志时间：2019-08-01 11:13:22,141 
日志级别：INFO   
日志内容：WOL Date: 33:33:33:33:33:33

日志时间：2019-08-01 11:13:22,183 
日志级别：INFO   
日志内容：WOL Date: 44:55:35:35:53:53

日志时间：2019-08-01 11:13:22,213 
日志级别：INFO   
日志内容：WOL Date: 35:36:35:45:35:35

日志时间：2019-08-01 11:13:22,243 
日志级别：INFO   
日志内容：WOL Date: 55:55:55:55:55:55

日志时间：2019-08-01 11:13:22,273 
日志级别：INFO   
日志内容：WOL Date: 33:33:33:33:33:33

日志时间：2019-08-01 11:13:22,303 
日志级别：INFO   
日志内容：WOL Date: 44:55:35:35:53:53

日志时间：2019-08-01 11:13:22,333 
日志级别：INFO   
日志内容：WOL Date: 35:36:35:45:35:35

日志时间：2019-08-01 11:13:22,363 
日志级别：INFO   
日志内容：WOL Date: 55:55:55:55:55:55

日志时间：2019-08-01 11:13:22,393 
日志级别：INFO   
日志内容：WOL Date: 33:33:33:33:33:33

日志时间：2019-08-01 11:13:22,425 
日志级别：INFO   
日志内容：WOL Date: 44:55:35:35:53:53

日志时间：2019-08-01 11:13:22,456 
日志级别：INFO   
日志内容：WOL Date: 35:36:35:45:35:35

日志时间：2019-08-01 11:13:22,488 
日志级别：INFO   
日志内容：WOL Date: 55:55:55:55:55:55

日志时间：2019-08-01 11:13:22,520 
日志级别：INFO   
日志内容：WOL Date: 33:33:33:33:33:33

日志时间：2019-08-01 11:13:22,551 
日志级别：INFO   
日志内容：WOL Date: 44:55:35:35:53:53

日志时间：2019-08-01 11:13:22,582 
日志级别：INFO   
日志内容：WOL Date: 35:36:35:45:35:35

日志时间：2019-08-01 11:13:22,613 
日志级别：INFO   
日志内容：WOL Date: 55:55:55:55:55:55

日志时间：2019-08-01 11:13:22,643 
日志级别：INFO   
日志内容：WOL Date: 33:33:33:33:33:33

日志时间：2019-08-01 11:13:22,675 
日志级别：INFO   
日志内容：WOL Date: 44:55:35:35:53:53

日志时间：2019-08-01 11:13:22,707 
日志级别：INFO   
日志内容：WOL Date: 35:36:35:45:35:35

日志时间：2019-08-01 11:13:22,740 
日志级别：INFO   
日志内容：WOL Date: 55:55:55:55:55:55

日志时间：2019-08-01 11:13:22,770 
日志级别：INFO   
日志内容：WOL Date: 33:33:33:33:33:33

日志时间：2019-08-01 11:13:22,801 
日志级别：INFO   
日志内容：WOL Date: 44:55:35:35:53:53

日志时间：2019-08-01 11:13:22,831 
日志级别：INFO   
日志内容：WOL Date: 35:36:35:45:35:35

日志时间：2019-08-01 11:13:22,864 
日志级别：INFO   
日志内容：WOL Date: 55:55:55:55:55:55

日志时间：2019-08-01 11:13:22,895 
日志级别：INFO   
日志内容：WOL Date: 33:33:33:33:33:33

日志时间：2019-08-01 11:13:22,926 
日志级别：INFO   
日志内容：WOL Date: 44:55:35:35:53:53

日志时间：2019-08-01 11:13:22,956 
日志级别：INFO   
日志内容：WOL Date: 35:36:35:45:35:35

日志时间：2019-08-01 11:13:22,986 
日志级别：INFO   
日志内容：WOL Date: 55:55:55:55:55:55

日志时间：2019-08-01 11:13:23,018 
日志级别：INFO   
日志内容：WOL Date: 33:33:33:33:33:33

日志时间：2019-08-01 11:13:23,051 
日志级别：INFO   
日志内容：WOL Date: 44:55:35:35:53:53

日志时间：2019-08-01 11:13:23,081 
日志级别：INFO   
日志内容：WOL Date: 35:36:35:45:35:35

日志时间：2019-08-01 11:13:23,113 
日志级别：INFO   
日志内容：WOL Date: 55:55:55:55:55:55

日志时间：2019-08-01 11:13:23,143 
日志级别：INFO   
日志内容：WOL Date: 33:33:33:33:33:33

日志时间：2019-08-01 11:13:23,173 
日志级别：INFO   
日志内容：WOL Date: 44:55:35:35:53:53

日志时间：2019-08-01 11:13:23,203 
日志级别：INFO   
日志内容：WOL Date: 35:36:35:45:35:35

日志时间：2019-08-01 11:13:23,233 
日志级别：INFO   
日志内容：WOL Date: 55:55:55:55:55:55

日志时间：2019-08-01 11:13:23,264 
日志级别：INFO   
日志内容：WOL Date: 33:33:33:33:33:33

日志时间：2019-08-01 11:13:23,295 
日志级别：INFO   
日志内容：WOL Date: 44:55:35:35:53:53

日志时间：2019-08-01 11:13:23,326 
日志级别：INFO   
日志内容：WOL Date: 35:36:35:45:35:35

日志时间：2019-08-01 11:13:23,357 
日志级别：INFO   
日志内容：WOL Date: 55:55:55:55:55:55

日志时间：2019-08-01 11:13:23,387 
日志级别：INFO   
日志内容：WOL Date: 33:33:33:33:33:33

日志时间：2019-08-01 11:13:23,418 
日志级别：INFO   
日志内容：WOL Date: 44:55:35:35:53:53

日志时间：2019-08-01 11:13:23,448 
日志级别：INFO   
日志内容：WOL Date: 35:36:35:45:35:35

日志时间：2019-08-01 11:13:23,479 
日志级别：INFO   
日志内容：WOL Date: 55:55:55:55:55:55

日志时间：2019-08-01 11:13:23,510 
日志级别：INFO   
日志内容：WOL Date: 33:33:33:33:33:33

日志时间：2019-08-01 11:13:23,540 
日志级别：INFO   
日志内容：WOL Date: 44:55:35:35:53:53

日志时间：2019-08-01 11:13:23,571 
日志级别：INFO   
日志内容：WOL Date: 35:36:35:45:35:35

日志时间：2019-08-01 11:13:23,601 
日志级别：INFO   
日志内容：WOL Date: 55:55:55:55:55:55

日志时间：2019-08-01 11:13:23,632 
日志级别：INFO   
日志内容：WOL Date: 33:33:33:33:33:33

日志时间：2019-08-01 11:13:23,663 
日志级别：INFO   
日志内容：WOL Date: 44:55:35:35:53:53

日志时间：2019-08-01 11:13:23,693 
日志级别：INFO   
日志内容：WOL Date: 35:36:35:45:35:35

日志时间：2019-08-01 11:13:23,724 
日志级别：INFO   
日志内容：WOL Date: 55:55:55:55:55:55

日志时间：2019-08-01 11:13:23,755 
日志级别：INFO   
日志内容：WOL Date: 33:33:33:33:33:33

日志时间：2019-08-01 11:13:23,786 
日志级别：INFO   
日志内容：WOL Date: 44:55:35:35:53:53

日志时间：2019-08-01 11:13:23,816 
日志级别：INFO   
日志内容：WOL Date: 35:36:35:45:35:35

日志时间：2019-08-01 11:13:23,846 
日志级别：INFO   
日志内容：WOL Date: 55:55:55:55:55:55

日志时间：2019-08-01 11:13:23,876 
日志级别：INFO   
日志内容：WOL Date: 33:33:33:33:33:33

日志时间：2019-08-01 11:13:23,906 
日志级别：INFO   
日志内容：WOL Date: 44:55:35:35:53:53

日志时间：2019-08-01 11:13:23,936 
日志级别：INFO   
日志内容：WOL Date: 35:36:35:45:35:35

日志时间：2019-08-01 11:13:23,966 
日志级别：INFO   
日志内容：WOL Date: 55:55:55:55:55:55

日志时间：2019-08-01 11:13:23,996 
日志级别：INFO   
日志内容：WOL Date: 33:33:33:33:33:33

日志时间：2019-08-01 11:13:24,026 
日志级别：INFO   
日志内容：WOL Date: 44:55:35:35:53:53

日志时间：2019-08-01 11:13:24,057 
日志级别：INFO   
日志内容：WOL Date: 35:36:35:45:35:35

日志时间：2019-08-01 11:13:24,088 
日志级别：INFO   
日志内容：WOL Date: 55:55:55:55:55:55

日志时间：2019-08-01 11:13:24,119 
日志级别：INFO   
日志内容：WOL Date: 33:33:33:33:33:33

日志时间：2019-08-01 11:13:24,149 
日志级别：INFO   
日志内容：WOL Date: 44:55:35:35:53:53

日志时间：2019-08-01 11:13:24,180 
日志级别：INFO   
日志内容：WOL Date: 35:36:35:45:35:35

日志时间：2019-08-01 11:13:24,210 
日志级别：INFO   
日志内容：WOL Date: 55:55:55:55:55:55

日志时间：2019-08-01 11:13:24,240 
日志级别：INFO   
日志内容：WOL Date: 33:33:33:33:33:33

日志时间：2019-08-01 11:13:24,270 
日志级别：INFO   
日志内容：WOL Date: 44:55:35:35:53:53

日志时间：2019-08-01 11:13:24,300 
日志级别：INFO   
日志内容：WOL Date: 35:36:35:45:35:35

日志时间：2019-08-01 11:13:24,332 
日志级别：INFO   
日志内容：WOL Date: 55:55:55:55:55:55

日志时间：2019-08-01 11:13:24,362 
日志级别：INFO   
日志内容：WOL Date: 33:33:33:33:33:33

日志时间：2019-08-01 11:13:24,393 
日志级别：INFO   
日志内容：WOL Date: 44:55:35:35:53:53

日志时间：2019-08-01 11:13:24,423 
日志级别：INFO   
日志内容：WOL Date: 35:36:35:45:35:35

日志时间：2019-08-01 11:13:24,453 
日志级别：INFO   
日志内容：WOL Date: 55:55:55:55:55:55

日志时间：2019-08-01 11:13:24,485 
日志级别：INFO   
日志内容：WOL Date: 33:33:33:33:33:33

日志时间：2019-08-01 11:13:24,516 
日志级别：INFO   
日志内容：WOL Date: 44:55:35:35:53:53

日志时间：2019-08-01 11:13:24,548 
日志级别：INFO   
日志内容：WOL Date: 35:36:35:45:35:35

日志时间：2019-08-01 11:13:24,579 
日志级别：INFO   
日志内容：WOL Date: 55:55:55:55:55:55

日志时间：2019-08-01 11:13:24,610 
日志级别：INFO   
日志内容：WOL Date: 33:33:33:33:33:33

日志时间：2019-08-01 11:13:24,641 
日志级别：INFO   
日志内容：WOL Date: 44:55:35:35:53:53

日志时间：2019-08-01 11:13:24,673 
日志级别：INFO   
日志内容：WOL Date: 35:36:35:45:35:35

日志时间：2019-08-01 11:13:24,705 
日志级别：INFO   
日志内容：WOL Date: 55:55:55:55:55:55

日志时间：2019-08-01 11:13:24,735 
日志级别：INFO   
日志内容：WOL Date: 33:33:33:33:33:33

日志时间：2019-08-01 11:13:24,767 
日志级别：INFO   
日志内容：WOL Date: 44:55:35:35:53:53

日志时间：2019-08-01 11:13:24,797 
日志级别：INFO   
日志内容：WOL Date: 35:36:35:45:35:35

日志时间：2019-08-01 11:13:24,829 
日志级别：INFO   
日志内容：WOL Date: 55:55:55:55:55:55

日志时间：2019-08-01 11:13:24,861 
日志级别：INFO   
日志内容：WOL Date: 33:33:33:33:33:33

日志时间：2019-08-01 11:13:24,891 
日志级别：INFO   
日志内容：WOL Date: 44:55:35:35:53:53

日志时间：2019-08-01 11:13:24,924 
日志级别：INFO   
日志内容：WOL Date: 35:36:35:45:35:35

日志时间：2019-08-01 11:13:24,954 
日志级别：INFO   
日志内容：WOL Date: 55:55:55:55:55:55

日志时间：2019-08-01 11:13:24,986 
日志级别：INFO   
日志内容：WOL Date: 33:33:33:33:33:33

日志时间：2019-08-01 11:13:25,017 
日志级别：INFO   
日志内容：WOL Date: 44:55:35:35:53:53

日志时间：2019-08-01 11:13:25,047 
日志级别：INFO   
日志内容：WOL Date: 35:36:35:45:35:35

日志时间：2019-08-01 11:13:25,077 
日志级别：INFO   
日志内容：WOL Date: 55:55:55:55:55:55

日志时间：2019-08-01 11:13:25,108 
日志级别：INFO   
日志内容：WOL Date: 33:33:33:33:33:33

日志时间：2019-08-01 11:13:25,138 
日志级别：INFO   
日志内容：WOL Date: 44:55:35:35:53:53

日志时间：2019-08-01 11:13:25,170 
日志级别：INFO   
日志内容：WOL Date: 35:36:35:45:35:35

日志时间：2019-08-01 11:13:25,202 
日志级别：INFO   
日志内容：WOL Date: 55:55:55:55:55:55

日志时间：2019-08-01 11:13:25,234 
日志级别：INFO   
日志内容：WOL Date: 33:33:33:33:33:33

日志时间：2019-08-01 11:13:25,267 
日志级别：INFO   
日志内容：WOL Date: 44:55:35:35:53:53

日志时间：2019-08-01 11:13:25,297 
日志级别：INFO   
日志内容：WOL Date: 35:36:35:45:35:35

日志时间：2019-08-01 11:13:25,327 
日志级别：INFO   
日志内容：WOL Date: 55:55:55:55:55:55

日志时间：2019-08-01 11:13:25,357 
日志级别：INFO   
日志内容：WOL Date: 33:33:33:33:33:33

日志时间：2019-08-01 11:13:25,387 
日志级别：INFO   
日志内容：WOL Date: 44:55:35:35:53:53

日志时间：2019-08-01 11:13:25,418 
日志级别：INFO   
日志内容：WOL Date: 35:36:35:45:35:35

日志时间：2019-08-01 11:13:25,448 
日志级别：INFO   
日志内容：WOL Date: 55:55:55:55:55:55

日志时间：2019-08-01 11:13:25,479 
日志级别：INFO   
日志内容：WOL Date: 33:33:33:33:33:33

日志时间：2019-08-01 11:13:25,509 
日志级别：INFO   
日志内容：WOL Date: 44:55:35:35:53:53

日志时间：2019-08-01 11:13:25,539 
日志级别：INFO   
日志内容：WOL Date: 35:36:35:45:35:35

日志时间：2019-08-01 11:13:25,569 
日志级别：INFO   
日志内容：WOL Date: 55:55:55:55:55:55

日志时间：2019-08-01 11:13:25,600 
日志级别：INFO   
日志内容：WOL Date: 33:33:33:33:33:33

日志时间：2019-08-01 11:13:25,630 
日志级别：INFO   
日志内容：WOL Date: 44:55:35:35:53:53

日志时间：2019-08-01 11:13:25,662 
日志级别：INFO   
日志内容：WOL Date: 35:36:35:45:35:35

日志时间：2019-08-01 11:13:25,693 
日志级别：INFO   
日志内容：WOL Date: 55:55:55:55:55:55

日志时间：2019-08-01 11:13:25,723 
日志级别：INFO   
日志内容：WOL Date: 33:33:33:33:33:33

日志时间：2019-08-01 11:13:25,753 
日志级别：INFO   
日志内容：WOL Date: 44:55:35:35:53:53

日志时间：2019-08-01 11:13:25,784 
日志级别：INFO   
日志内容：WOL Date: 35:36:35:45:35:35

日志时间：2019-08-01 11:13:25,815 
日志级别：INFO   
日志内容：WOL Date: 55:55:55:55:55:55

日志时间：2019-08-01 11:13:25,846 
日志级别：INFO   
日志内容：WOL Date: 33:33:33:33:33:33

日志时间：2019-08-01 11:13:25,878 
日志级别：INFO   
日志内容：WOL Date: 44:55:35:35:53:53

日志时间：2019-08-01 11:13:25,909 
日志级别：INFO   
日志内容：WOL Date: 35:36:35:45:35:35

日志时间：2019-08-01 11:13:25,939 
日志级别：INFO   
日志内容：WOL Date: 55:55:55:55:55:55

日志时间：2019-08-01 11:13:25,969 
日志级别：INFO   
日志内容：WOL Date: 33:33:33:33:33:33

日志时间：2019-08-01 11:13:25,999 
日志级别：INFO   
日志内容：WOL Date: 44:55:35:35:53:53

日志时间：2019-08-01 11:13:26,029 
日志级别：INFO   
日志内容：WOL Date: 35:36:35:45:35:35

日志时间：2019-08-01 11:13:26,061 
日志级别：INFO   
日志内容：WOL Date: 55:55:55:55:55:55

日志时间：2019-08-01 11:13:26,094 
日志级别：INFO   
日志内容：WOL Date: 33:33:33:33:33:33

日志时间：2019-08-01 11:13:26,124 
日志级别：INFO   
日志内容：WOL Date: 44:55:35:35:53:53

日志时间：2019-08-01 11:13:26,154 
日志级别：INFO   
日志内容：WOL Date: 35:36:35:45:35:35

日志时间：2019-08-01 11:13:26,185 
日志级别：INFO   
日志内容：WOL Date: 55:55:55:55:55:55

日志时间：2019-08-01 11:13:26,217 
日志级别：INFO   
日志内容：WOL Date: 33:33:33:33:33:33

日志时间：2019-08-01 11:13:26,247 
日志级别：INFO   
日志内容：WOL Date: 44:55:35:35:53:53

日志时间：2019-08-01 11:13:26,279 
日志级别：INFO   
日志内容：WOL Date: 35:36:35:45:35:35

日志时间：2019-08-01 11:13:26,311 
日志级别：INFO   
日志内容：WOL Date: 55:55:55:55:55:55

日志时间：2019-08-01 11:13:26,342 
日志级别：INFO   
日志内容：WOL Date: 33:33:33:33:33:33

日志时间：2019-08-01 11:13:26,372 
日志级别：INFO   
日志内容：WOL Date: 44:55:35:35:53:53

日志时间：2019-08-01 11:13:26,402 
日志级别：INFO   
日志内容：WOL Date: 35:36:35:45:35:35

日志时间：2019-08-01 11:13:26,432 
日志级别：INFO   
日志内容：WOL Date: 55:55:55:55:55:55

日志时间：2019-08-01 11:13:26,463 
日志级别：INFO   
日志内容：WOL Date: 33:33:33:33:33:33

日志时间：2019-08-01 11:13:26,493 
日志级别：INFO   
日志内容：WOL Date: 44:55:35:35:53:53

日志时间：2019-08-01 11:13:26,523 
日志级别：INFO   
日志内容：WOL Date: 35:36:35:45:35:35

日志时间：2019-08-01 11:13:26,553 
日志级别：INFO   
日志内容：WOL Date: 55:55:55:55:55:55

日志时间：2019-08-01 11:13:26,583 
日志级别：INFO   
日志内容：WOL Date: 33:33:33:33:33:33

日志时间：2019-08-01 11:13:26,614 
日志级别：INFO   
日志内容：WOL Date: 44:55:35:35:53:53

日志时间：2019-08-01 11:13:26,644 
日志级别：INFO   
日志内容：WOL Date: 35:36:35:45:35:35

日志时间：2019-08-01 11:13:26,674 
日志级别：INFO   
日志内容：WOL Date: 55:55:55:55:55:55

日志时间：2019-08-01 11:13:26,704 
日志级别：INFO   
日志内容：WOL Date: 33:33:33:33:33:33

日志时间：2019-08-01 11:13:26,736 
日志级别：INFO   
日志内容：WOL Date: 44:55:35:35:53:53

日志时间：2019-08-01 11:13:26,766 
日志级别：INFO   
日志内容：WOL Date: 35:36:35:45:35:35

日志时间：2019-08-01 11:13:26,796 
日志级别：INFO   
日志内容：WOL Date: 55:55:55:55:55:55

日志时间：2019-08-01 11:13:26,826 
日志级别：INFO   
日志内容：WOL Date: 33:33:33:33:33:33

日志时间：2019-08-01 11:13:26,859 
日志级别：INFO   
日志内容：WOL Date: 44:55:35:35:53:53

日志时间：2019-08-01 11:13:26,889 
日志级别：INFO   
日志内容：WOL Date: 35:36:35:45:35:35

日志时间：2019-08-01 11:13:26,920 
日志级别：INFO   
日志内容：WOL Date: 55:55:55:55:55:55

日志时间：2019-08-01 11:13:26,952 
日志级别：INFO   
日志内容：WOL Date: 33:33:33:33:33:33

日志时间：2019-08-01 11:13:26,982 
日志级别：INFO   
日志内容：WOL Date: 44:55:35:35:53:53

日志时间：2019-08-01 11:13:27,013 
日志级别：INFO   
日志内容：WOL Date: 35:36:35:45:35:35

日志时间：2019-08-01 11:13:27,043 
日志级别：INFO   
日志内容：WOL Date: 55:55:55:55:55:55

日志时间：2019-08-01 11:13:27,075 
日志级别：INFO   
日志内容：WOL Date: 33:33:33:33:33:33

日志时间：2019-08-01 11:13:27,108 
日志级别：INFO   
日志内容：WOL Date: 44:55:35:35:53:53

日志时间：2019-08-01 11:13:27,138 
日志级别：INFO   
日志内容：WOL Date: 35:36:35:45:35:35

日志时间：2019-08-01 11:13:27,169 
日志级别：INFO   
日志内容：WOL Date: 55:55:55:55:55:55

日志时间：2019-08-01 11:13:27,200 
日志级别：INFO   
日志内容：WOL Date: 33:33:33:33:33:33

日志时间：2019-08-01 11:13:27,231 
日志级别：INFO   
日志内容：WOL Date: 44:55:35:35:53:53

日志时间：2019-08-01 11:13:27,263 
日志级别：INFO   
日志内容：WOL Date: 35:36:35:45:35:35

日志时间：2019-08-01 11:13:27,294 
日志级别：INFO   
日志内容：WOL Date: 55:55:55:55:55:55

日志时间：2019-08-01 11:13:27,326 
日志级别：INFO   
日志内容：WOL Date: 33:33:33:33:33:33

日志时间：2019-08-01 11:13:27,356 
日志级别：INFO   
日志内容：WOL Date: 44:55:35:35:53:53

日志时间：2019-08-01 11:13:27,387 
日志级别：INFO   
日志内容：WOL Date: 35:36:35:45:35:35

日志时间：2019-08-01 11:13:27,418 
日志级别：INFO   
日志内容：WOL Date: 55:55:55:55:55:55

日志时间：2019-08-01 11:13:27,448 
日志级别：INFO   
日志内容：WOL Date: 33:33:33:33:33:33

日志时间：2019-08-01 11:13:27,478 
日志级别：INFO   
日志内容：WOL Date: 44:55:35:35:53:53

日志时间：2019-08-01 11:13:27,508 
日志级别：INFO   
日志内容：WOL Date: 35:36:35:45:35:35

日志时间：2019-08-01 11:13:27,538 
日志级别：INFO   
日志内容：WOL Date: 55:55:55:55:55:55

日志时间：2019-08-01 11:13:27,568 
日志级别：INFO   
日志内容：WOL Date: 33:33:33:33:33:33

日志时间：2019-08-01 11:13:27,598 
日志级别：INFO   
日志内容：WOL Date: 44:55:35:35:53:53

日志时间：2019-08-01 11:13:27,628 
日志级别：INFO   
日志内容：WOL Date: 35:36:35:45:35:35

日志时间：2019-08-01 11:13:27,658 
日志级别：INFO   
日志内容：WOL Date: 55:55:55:55:55:55

日志时间：2019-08-01 11:13:27,688 
日志级别：INFO   
日志内容：WOL Date: 33:33:33:33:33:33

日志时间：2019-08-01 11:13:27,718 
日志级别：INFO   
日志内容：WOL Date: 44:55:35:35:53:53

日志时间：2019-08-01 11:13:27,749 
日志级别：INFO   
日志内容：WOL Date: 35:36:35:45:35:35

日志时间：2019-08-01 11:13:27,779 
日志级别：INFO   
日志内容：WOL Date: 55:55:55:55:55:55

日志时间：2019-08-01 11:13:27,809 
日志级别：INFO   
日志内容：WOL Date: 33:33:33:33:33:33

日志时间：2019-08-01 11:13:27,840 
日志级别：INFO   
日志内容：WOL Date: 44:55:35:35:53:53

日志时间：2019-08-01 11:13:27,870 
日志级别：INFO   
日志内容：WOL Date: 35:36:35:45:35:35

日志时间：2019-08-01 11:13:27,901 
日志级别：INFO   
日志内容：WOL Date: 55:55:55:55:55:55

日志时间：2019-08-01 11:13:27,934 
日志级别：INFO   
日志内容：WOL Date: 33:33:33:33:33:33

日志时间：2019-08-01 11:13:27,965 
日志级别：INFO   
日志内容：WOL Date: 44:55:35:35:53:53

日志时间：2019-08-01 11:13:27,995 
日志级别：INFO   
日志内容：WOL Date: 35:36:35:45:35:35

日志时间：2019-08-01 11:13:28,026 
日志级别：INFO   
日志内容：WOL Date: 55:55:55:55:55:55

日志时间：2019-08-01 11:13:28,057 
日志级别：INFO   
日志内容：WOL Date: 33:33:33:33:33:33

日志时间：2019-08-01 11:13:28,089 
日志级别：INFO   
日志内容：WOL Date: 44:55:35:35:53:53

日志时间：2019-08-01 11:13:28,120 
日志级别：INFO   
日志内容：WOL Date: 35:36:35:45:35:35

日志时间：2019-08-01 11:13:28,150 
日志级别：INFO   
日志内容：WOL Date: 55:55:55:55:55:55

日志时间：2019-08-01 11:13:28,181 
日志级别：INFO   
日志内容：WOL Date: 33:33:33:33:33:33

日志时间：2019-08-01 11:13:28,213 
日志级别：INFO   
日志内容：WOL Date: 44:55:35:35:53:53

日志时间：2019-08-01 11:13:28,245 
日志级别：INFO   
日志内容：WOL Date: 35:36:35:45:35:35

日志时间：2019-08-01 11:13:28,277 
日志级别：INFO   
日志内容：WOL Date: 55:55:55:55:55:55

日志时间：2019-08-01 11:13:28,308 
日志级别：INFO   
日志内容：WOL Date: 33:33:33:33:33:33

日志时间：2019-08-01 11:13:28,339 
日志级别：INFO   
日志内容：WOL Date: 44:55:35:35:53:53

日志时间：2019-08-01 11:13:28,369 
日志级别：INFO   
日志内容：WOL Date: 35:36:35:45:35:35

日志时间：2019-08-01 11:13:28,400 
日志级别：INFO   
日志内容：WOL Date: 55:55:55:55:55:55

日志时间：2019-08-01 11:13:28,430 
日志级别：INFO   
日志内容：WOL Date: 33:33:33:33:33:33

日志时间：2019-08-01 11:13:28,461 
日志级别：INFO   
日志内容：WOL Date: 44:55:35:35:53:53

日志时间：2019-08-01 11:13:28,492 
日志级别：INFO   
日志内容：WOL Date: 35:36:35:45:35:35

日志时间：2019-08-01 11:13:28,524 
日志级别：INFO   
日志内容：WOL Date: 55:55:55:55:55:55

日志时间：2019-08-01 11:13:28,556 
日志级别：INFO   
日志内容：WOL Date: 33:33:33:33:33:33

日志时间：2019-08-01 11:13:28,586 
日志级别：INFO   
日志内容：WOL Date: 44:55:35:35:53:53

日志时间：2019-08-01 11:13:28,616 
日志级别：INFO   
日志内容：WOL Date: 35:36:35:45:35:35

日志时间：2019-08-01 11:13:28,646 
日志级别：INFO   
日志内容：WOL Date: 55:55:55:55:55:55

日志时间：2019-08-01 11:13:28,676 
日志级别：INFO   
日志内容：WOL Date: 33:33:33:33:33:33

日志时间：2019-08-01 11:13:28,707 
日志级别：INFO   
日志内容：WOL Date: 44:55:35:35:53:53

日志时间：2019-08-01 11:13:28,738 
日志级别：INFO   
日志内容：WOL Date: 35:36:35:45:35:35

日志时间：2019-08-01 11:13:28,769 
日志级别：INFO   
日志内容：WOL Date: 55:55:55:55:55:55

日志时间：2019-08-01 11:13:28,800 
日志级别：INFO   
日志内容：WOL Date: 33:33:33:33:33:33

日志时间：2019-08-01 11:13:28,830 
日志级别：INFO   
日志内容：WOL Date: 44:55:35:35:53:53

日志时间：2019-08-01 11:13:28,860 
日志级别：INFO   
日志内容：WOL Date: 35:36:35:45:35:35

日志时间：2019-08-01 11:13:28,891 
日志级别：INFO   
日志内容：WOL Date: 55:55:55:55:55:55

日志时间：2019-08-01 11:13:28,921 
日志级别：INFO   
日志内容：WOL Date: 33:33:33:33:33:33

日志时间：2019-08-01 11:13:28,952 
日志级别：INFO   
日志内容：WOL Date: 44:55:35:35:53:53

日志时间：2019-08-01 11:13:28,983 
日志级别：INFO   
日志内容：WOL Date: 35:36:35:45:35:35

日志时间：2019-08-01 11:13:29,014 
日志级别：INFO   
日志内容：WOL Date: 55:55:55:55:55:55

日志时间：2019-08-01 11:13:29,045 
日志级别：INFO   
日志内容：WOL Date: 33:33:33:33:33:33

日志时间：2019-08-01 11:13:29,075 
日志级别：INFO   
日志内容：WOL Date: 44:55:35:35:53:53

日志时间：2019-08-01 11:13:29,105 
日志级别：INFO   
日志内容：WOL Date: 35:36:35:45:35:35

日志时间：2019-08-01 11:13:29,135 
日志级别：INFO   
日志内容：WOL Date: 55:55:55:55:55:55

日志时间：2019-08-01 11:13:29,165 
日志级别：INFO   
日志内容：WOL Date: 33:33:33:33:33:33

日志时间：2019-08-01 11:13:29,197 
日志级别：INFO   
日志内容：WOL Date: 44:55:35:35:53:53

日志时间：2019-08-01 11:13:29,228 
日志级别：INFO   
日志内容：WOL Date: 35:36:35:45:35:35

日志时间：2019-08-01 11:13:29,259 
日志级别：INFO   
日志内容：WOL Date: 55:55:55:55:55:55

日志时间：2019-08-01 11:13:29,290 
日志级别：INFO   
日志内容：WOL Date: 33:33:33:33:33:33

日志时间：2019-08-01 11:13:29,321 
日志级别：INFO   
日志内容：WOL Date: 44:55:35:35:53:53

日志时间：2019-08-01 11:13:29,353 
日志级别：INFO   
日志内容：WOL Date: 35:36:35:45:35:35

日志时间：2019-08-01 11:13:29,384 
日志级别：INFO   
日志内容：WOL Date: 55:55:55:55:55:55

日志时间：2019-08-01 11:13:29,414 
日志级别：INFO   
日志内容：WOL Date: 33:33:33:33:33:33

日志时间：2019-08-01 11:13:29,447 
日志级别：INFO   
日志内容：WOL Date: 44:55:35:35:53:53

日志时间：2019-08-01 11:13:29,479 
日志级别：INFO   
日志内容：WOL Date: 35:36:35:45:35:35

日志时间：2019-08-01 11:13:29,510 
日志级别：INFO   
日志内容：WOL Date: 55:55:55:55:55:55

日志时间：2019-08-01 11:13:29,540 
日志级别：INFO   
日志内容：WOL Date: 33:33:33:33:33:33

日志时间：2019-08-01 11:13:29,570 
日志级别：INFO   
日志内容：WOL Date: 44:55:35:35:53:53

日志时间：2019-08-01 11:13:29,601 
日志级别：INFO   
日志内容：WOL Date: 35:36:35:45:35:35

日志时间：2019-08-01 11:13:29,632 
日志级别：INFO   
日志内容：WOL Date: 55:55:55:55:55:55

日志时间：2019-08-01 11:13:29,662 
日志级别：INFO   
日志内容：WOL Date: 33:33:33:33:33:33

日志时间：2019-08-01 11:13:29,692 
日志级别：INFO   
日志内容：WOL Date: 44:55:35:35:53:53

日志时间：2019-08-01 11:13:29,723 
日志级别：INFO   
日志内容：WOL Date: 35:36:35:45:35:35

日志时间：2019-08-01 11:13:29,754 
日志级别：INFO   
日志内容：WOL Date: 55:55:55:55:55:55

日志时间：2019-08-01 11:13:29,785 
日志级别：INFO   
日志内容：WOL Date: 33:33:33:33:33:33

日志时间：2019-08-01 11:13:29,815 
日志级别：INFO   
日志内容：WOL Date: 44:55:35:35:53:53

日志时间：2019-08-01 11:13:29,846 
日志级别：INFO   
日志内容：WOL Date: 35:36:35:45:35:35

日志时间：2019-08-01 11:13:29,876 
日志级别：INFO   
日志内容：WOL Date: 55:55:55:55:55:55

日志时间：2019-08-01 11:13:29,907 
日志级别：INFO   
日志内容：WOL Date: 33:33:33:33:33:33

日志时间：2019-08-01 11:13:29,937 
日志级别：INFO   
日志内容：WOL Date: 44:55:35:35:53:53

日志时间：2019-08-01 11:13:29,969 
日志级别：INFO   
日志内容：WOL Date: 35:36:35:45:35:35

日志时间：2019-08-01 11:13:29,999 
日志级别：INFO   
日志内容：WOL Date: 55:55:55:55:55:55

日志时间：2019-08-01 11:13:30,029 
日志级别：INFO   
日志内容：WOL Date: 33:33:33:33:33:33

日志时间：2019-08-01 11:13:30,060 
日志级别：INFO   
日志内容：WOL Date: 44:55:35:35:53:53

日志时间：2019-08-01 11:13:30,090 
日志级别：INFO   
日志内容：WOL Date: 35:36:35:45:35:35

日志时间：2019-08-01 11:13:30,121 
日志级别：INFO   
日志内容：WOL Date: 55:55:55:55:55:55

日志时间：2019-08-01 11:13:30,151 
日志级别：INFO   
日志内容：WOL Date: 33:33:33:33:33:33

日志时间：2019-08-01 11:13:30,181 
日志级别：INFO   
日志内容：WOL Date: 44:55:35:35:53:53

日志时间：2019-08-01 11:13:30,211 
日志级别：INFO   
日志内容：WOL Date: 35:36:35:45:35:35

日志时间：2019-08-01 11:13:30,243 
日志级别：INFO   
日志内容：WOL Date: 55:55:55:55:55:55

日志时间：2019-08-01 11:13:30,274 
日志级别：INFO   
日志内容：WOL Date: 33:33:33:33:33:33

日志时间：2019-08-01 11:13:30,305 
日志级别：INFO   
日志内容：WOL Date: 44:55:35:35:53:53

日志时间：2019-08-01 11:13:30,336 
日志级别：INFO   
日志内容：WOL Date: 35:36:35:45:35:35

日志时间：2019-08-01 11:13:30,367 
日志级别：INFO   
日志内容：WOL Date: 55:55:55:55:55:55

日志时间：2019-08-01 11:13:30,399 
日志级别：INFO   
日志内容：WOL Date: 33:33:33:33:33:33

日志时间：2019-08-01 11:13:30,430 
日志级别：INFO   
日志内容：WOL Date: 44:55:35:35:53:53

日志时间：2019-08-01 11:13:30,460 
日志级别：INFO   
日志内容：WOL Date: 35:36:35:45:35:35

日志时间：2019-08-01 11:13:30,491 
日志级别：INFO   
日志内容：WOL Date: 55:55:55:55:55:55

日志时间：2019-08-01 11:13:30,523 
日志级别：INFO   
日志内容：WOL Date: 33:33:33:33:33:33

日志时间：2019-08-01 11:13:30,554 
日志级别：INFO   
日志内容：WOL Date: 44:55:35:35:53:53

日志时间：2019-08-01 11:13:30,586 
日志级别：INFO   
日志内容：WOL Date: 35:36:35:45:35:35

日志时间：2019-08-01 11:13:30,616 
日志级别：INFO   
日志内容：WOL Date: 55:55:55:55:55:55

日志时间：2019-08-01 11:13:30,648 
日志级别：INFO   
日志内容：WOL Date: 33:33:33:33:33:33

日志时间：2019-08-01 11:13:30,678 
日志级别：INFO   
日志内容：WOL Date: 44:55:35:35:53:53

日志时间：2019-08-01 11:13:30,709 
日志级别：INFO   
日志内容：WOL Date: 35:36:35:45:35:35

日志时间：2019-08-01 11:13:30,739 
日志级别：INFO   
日志内容：WOL Date: 55:55:55:55:55:55

日志时间：2019-08-01 11:13:30,769 
日志级别：INFO   
日志内容：WOL Date: 33:33:33:33:33:33

日志时间：2019-08-01 11:13:30,799 
日志级别：INFO   
日志内容：WOL Date: 44:55:35:35:53:53

日志时间：2019-08-01 11:13:30,829 
日志级别：INFO   
日志内容：WOL Date: 35:36:35:45:35:35

日志时间：2019-08-01 11:13:30,859 
日志级别：INFO   
日志内容：WOL Date: 55:55:55:55:55:55

日志时间：2019-08-01 11:13:30,889 
日志级别：INFO   
日志内容：WOL Date: 33:33:33:33:33:33

日志时间：2019-08-01 11:13:30,919 
日志级别：INFO   
日志内容：WOL Date: 44:55:35:35:53:53

日志时间：2019-08-01 11:13:30,949 
日志级别：INFO   
日志内容：WOL Date: 35:36:35:45:35:35

日志时间：2019-08-01 11:13:30,979 
日志级别：INFO   
日志内容：WOL Date: 55:55:55:55:55:55

日志时间：2019-08-01 11:13:31,009 
日志级别：INFO   
日志内容：WOL Date: 33:33:33:33:33:33

日志时间：2019-08-01 11:13:31,039 
日志级别：INFO   
日志内容：WOL Date: 44:55:35:35:53:53

日志时间：2019-08-01 11:13:31,069 
日志级别：INFO   
日志内容：WOL Date: 35:36:35:45:35:35

日志时间：2019-08-01 11:13:31,101 
日志级别：INFO   
日志内容：WOL Date: 55:55:55:55:55:55

日志时间：2019-08-01 11:13:31,132 
日志级别：INFO   
日志内容：WOL Date: 33:33:33:33:33:33

日志时间：2019-08-01 11:13:31,163 
日志级别：INFO   
日志内容：WOL Date: 44:55:35:35:53:53

日志时间：2019-08-01 11:13:31,194 
日志级别：INFO   
日志内容：WOL Date: 35:36:35:45:35:35

日志时间：2019-08-01 11:13:31,224 
日志级别：INFO   
日志内容：WOL Date: 55:55:55:55:55:55

日志时间：2019-08-01 11:13:31,254 
日志级别：INFO   
日志内容：WOL Date: 33:33:33:33:33:33

日志时间：2019-08-01 11:13:31,286 
日志级别：INFO   
日志内容：WOL Date: 44:55:35:35:53:53

日志时间：2019-08-01 11:13:31,316 
日志级别：INFO   
日志内容：WOL Date: 35:36:35:45:35:35

日志时间：2019-08-01 11:13:31,347 
日志级别：INFO   
日志内容：WOL Date: 55:55:55:55:55:55

日志时间：2019-08-01 11:13:31,377 
日志级别：INFO   
日志内容：WOL Date: 33:33:33:33:33:33

日志时间：2019-08-01 11:13:31,408 
日志级别：INFO   
日志内容：WOL Date: 44:55:35:35:53:53

日志时间：2019-08-01 11:13:31,440 
日志级别：INFO   
日志内容：WOL Date: 35:36:35:45:35:35

日志时间：2019-08-01 11:13:31,470 
日志级别：INFO   
日志内容：WOL Date: 55:55:55:55:55:55

日志时间：2019-08-01 11:13:31,500 
日志级别：INFO   
日志内容：WOL Date: 33:33:33:33:33:33

日志时间：2019-08-01 11:13:31,531 
日志级别：INFO   
日志内容：WOL Date: 44:55:35:35:53:53

日志时间：2019-08-01 11:13:31,563 
日志级别：INFO   
日志内容：WOL Date: 35:36:35:45:35:35

日志时间：2019-08-01 11:13:31,594 
日志级别：INFO   
日志内容：WOL Date: 55:55:55:55:55:55

日志时间：2019-08-01 11:13:31,625 
日志级别：INFO   
日志内容：WOL Date: 33:33:33:33:33:33

日志时间：2019-08-01 11:13:31,656 
日志级别：INFO   
日志内容：WOL Date: 44:55:35:35:53:53

日志时间：2019-08-01 11:13:31,686 
日志级别：INFO   
日志内容：WOL Date: 35:36:35:45:35:35

日志时间：2019-08-01 11:13:31,717 
日志级别：INFO   
日志内容：WOL Date: 55:55:55:55:55:55

日志时间：2019-08-01 11:13:31,748 
日志级别：INFO   
日志内容：WOL Date: 33:33:33:33:33:33

日志时间：2019-08-01 11:13:31,778 
日志级别：INFO   
日志内容：WOL Date: 44:55:35:35:53:53

日志时间：2019-08-01 11:13:31,808 
日志级别：INFO   
日志内容：WOL Date: 35:36:35:45:35:35

日志时间：2019-08-01 11:13:31,839 
日志级别：INFO   
日志内容：WOL Date: 55:55:55:55:55:55

日志时间：2019-08-01 11:13:31,870 
日志级别：INFO   
日志内容：WOL Date: 33:33:33:33:33:33

日志时间：2019-08-01 11:13:31,900 
日志级别：INFO   
日志内容：WOL Date: 44:55:35:35:53:53

日志时间：2019-08-01 11:13:31,930 
日志级别：INFO   
日志内容：WOL Date: 35:36:35:45:35:35

日志时间：2019-08-01 11:13:31,961 
日志级别：INFO   
日志内容：WOL Date: 55:55:55:55:55:55

日志时间：2019-08-01 11:13:31,995 
日志级别：INFO   
日志内容：WOL Date: 33:33:33:33:33:33

日志时间：2019-08-01 11:13:32,026 
日志级别：INFO   
日志内容：WOL Date: 44:55:35:35:53:53

日志时间：2019-08-01 11:13:32,056 
日志级别：INFO   
日志内容：WOL Date: 35:36:35:45:35:35

日志时间：2019-08-01 11:13:32,086 
日志级别：INFO   
日志内容：WOL Date: 55:55:55:55:55:55

日志时间：2019-08-01 11:13:32,116 
日志级别：INFO   
日志内容：WOL Date: 33:33:33:33:33:33

日志时间：2019-08-01 11:13:32,147 
日志级别：INFO   
日志内容：WOL Date: 44:55:35:35:53:53

日志时间：2019-08-01 11:13:32,177 
日志级别：INFO   
日志内容：WOL Date: 35:36:35:45:35:35

日志时间：2019-08-01 11:13:32,208 
日志级别：INFO   
日志内容：WOL Date: 55:55:55:55:55:55

日志时间：2019-08-01 11:13:32,238 
日志级别：INFO   
日志内容：WOL Date: 33:33:33:33:33:33

日志时间：2019-08-01 11:13:32,268 
日志级别：INFO   
日志内容：WOL Date: 44:55:35:35:53:53

日志时间：2019-08-01 11:13:32,301 
日志级别：INFO   
日志内容：WOL Date: 35:36:35:45:35:35

日志时间：2019-08-01 11:13:32,331 
日志级别：INFO   
日志内容：WOL Date: 55:55:55:55:55:55

日志时间：2019-08-01 11:13:32,361 
日志级别：INFO   
日志内容：WOL Date: 33:33:33:33:33:33

日志时间：2019-08-01 11:13:32,393 
日志级别：INFO   
日志内容：WOL Date: 44:55:35:35:53:53

日志时间：2019-08-01 11:13:32,426 
日志级别：INFO   
日志内容：WOL Date: 35:36:35:45:35:35

日志时间：2019-08-01 11:13:32,459 
日志级别：INFO   
日志内容：WOL Date: 55:55:55:55:55:55

日志时间：2019-08-01 11:13:32,489 
日志级别：INFO   
日志内容：WOL Date: 33:33:33:33:33:33

日志时间：2019-08-01 11:13:32,520 
日志级别：INFO   
日志内容：WOL Date: 44:55:35:35:53:53

日志时间：2019-08-01 11:13:32,552 
日志级别：INFO   
日志内容：WOL Date: 35:36:35:45:35:35

日志时间：2019-08-01 11:13:32,582 
日志级别：INFO   
日志内容：WOL Date: 55:55:55:55:55:55

日志时间：2019-08-01 11:13:32,613 
日志级别：INFO   
日志内容：WOL Date: 33:33:33:33:33:33

日志时间：2019-08-01 11:13:32,646 
日志级别：INFO   
日志内容：WOL Date: 44:55:35:35:53:53

日志时间：2019-08-01 11:13:32,676 
日志级别：INFO   
日志内容：WOL Date: 35:36:35:45:35:35

日志时间：2019-08-01 11:13:32,706 
日志级别：INFO   
日志内容：WOL Date: 55:55:55:55:55:55

日志时间：2019-08-01 11:13:32,737 
日志级别：INFO   
日志内容：WOL Date: 33:33:33:33:33:33

日志时间：2019-08-01 11:13:32,770 
日志级别：INFO   
日志内容：WOL Date: 44:55:35:35:53:53

日志时间：2019-08-01 11:13:32,801 
日志级别：INFO   
日志内容：WOL Date: 35:36:35:45:35:35

日志时间：2019-08-01 11:13:32,832 
日志级别：INFO   
日志内容：WOL Date: 55:55:55:55:55:55

日志时间：2019-08-01 11:13:32,862 
日志级别：INFO   
日志内容：WOL Date: 33:33:33:33:33:33

日志时间：2019-08-01 11:13:32,893 
日志级别：INFO   
日志内容：WOL Date: 44:55:35:35:53:53

日志时间：2019-08-01 11:13:32,923 
日志级别：INFO   
日志内容：WOL Date: 35:36:35:45:35:35

日志时间：2019-08-01 11:13:32,954 
日志级别：INFO   
日志内容：WOL Date: 55:55:55:55:55:55

日志时间：2019-08-01 11:13:32,985 
日志级别：INFO   
日志内容：WOL Date: 33:33:33:33:33:33

日志时间：2019-08-01 11:13:33,016 
日志级别：INFO   
日志内容：WOL Date: 44:55:35:35:53:53

日志时间：2019-08-01 11:13:33,046 
日志级别：INFO   
日志内容：WOL Date: 35:36:35:45:35:35

日志时间：2019-08-01 11:13:33,076 
日志级别：INFO   
日志内容：WOL Date: 55:55:55:55:55:55

日志时间：2019-08-01 11:13:33,107 
日志级别：INFO   
日志内容：WOL Date: 33:33:33:33:33:33

日志时间：2019-08-01 11:13:33,138 
日志级别：INFO   
日志内容：WOL Date: 44:55:35:35:53:53

日志时间：2019-08-01 11:13:33,168 
日志级别：INFO   
日志内容：WOL Date: 35:36:35:45:35:35

日志时间：2019-08-01 11:13:33,199 
日志级别：INFO   
日志内容：WOL Date: 55:55:55:55:55:55

日志时间：2019-08-01 11:13:33,229 
日志级别：INFO   
日志内容：WOL Date: 33:33:33:33:33:33

日志时间：2019-08-01 11:13:33,260 
日志级别：INFO   
日志内容：WOL Date: 44:55:35:35:53:53

日志时间：2019-08-01 11:13:33,290 
日志级别：INFO   
日志内容：WOL Date: 35:36:35:45:35:35

日志时间：2019-08-01 11:13:33,320 
日志级别：INFO   
日志内容：WOL Date: 55:55:55:55:55:55

日志时间：2019-08-01 11:13:33,351 
日志级别：INFO   
日志内容：WOL Date: 33:33:33:33:33:33

日志时间：2019-08-01 11:13:33,382 
日志级别：INFO   
日志内容：WOL Date: 44:55:35:35:53:53

日志时间：2019-08-01 11:13:33,412 
日志级别：INFO   
日志内容：WOL Date: 35:36:35:45:35:35

日志时间：2019-08-01 11:13:33,444 
日志级别：INFO   
日志内容：WOL Date: 55:55:55:55:55:55

日志时间：2019-08-01 11:13:33,474 
日志级别：INFO   
日志内容：WOL Date: 33:33:33:33:33:33

日志时间：2019-08-01 11:13:33,505 
日志级别：INFO   
日志内容：WOL Date: 44:55:35:35:53:53

日志时间：2019-08-01 11:13:33,535 
日志级别：INFO   
日志内容：WOL Date: 35:36:35:45:35:35

日志时间：2019-08-01 11:13:33,565 
日志级别：INFO   
日志内容：WOL Date: 55:55:55:55:55:55

日志时间：2019-08-01 11:13:33,597 
日志级别：INFO   
日志内容：WOL Date: 33:33:33:33:33:33

日志时间：2019-08-01 11:13:33,628 
日志级别：INFO   
日志内容：WOL Date: 44:55:35:35:53:53

日志时间：2019-08-01 11:13:33,658 
日志级别：INFO   
日志内容：WOL Date: 35:36:35:45:35:35

日志时间：2019-08-01 11:13:33,690 
日志级别：INFO   
日志内容：WOL Date: 55:55:55:55:55:55

日志时间：2019-08-01 11:13:33,721 
日志级别：INFO   
日志内容：WOL Date: 33:33:33:33:33:33

日志时间：2019-08-01 11:13:33,752 
日志级别：INFO   
日志内容：WOL Date: 44:55:35:35:53:53

日志时间：2019-08-01 11:13:33,784 
日志级别：INFO   
日志内容：WOL Date: 35:36:35:45:35:35

日志时间：2019-08-01 11:13:33,815 
日志级别：INFO   
日志内容：WOL Date: 55:55:55:55:55:55

日志时间：2019-08-01 11:13:33,847 
日志级别：INFO   
日志内容：WOL Date: 33:33:33:33:33:33

日志时间：2019-08-01 11:13:33,879 
日志级别：INFO   
日志内容：WOL Date: 44:55:35:35:53:53

日志时间：2019-08-01 11:13:33,910 
日志级别：INFO   
日志内容：WOL Date: 35:36:35:45:35:35

日志时间：2019-08-01 11:13:33,941 
日志级别：INFO   
日志内容：WOL Date: 55:55:55:55:55:55

日志时间：2019-08-01 11:13:33,972 
日志级别：INFO   
日志内容：WOL Date: 33:33:33:33:33:33

日志时间：2019-08-01 11:13:34,002 
日志级别：INFO   
日志内容：WOL Date: 44:55:35:35:53:53

日志时间：2019-08-01 11:13:34,032 
日志级别：INFO   
日志内容：WOL Date: 35:36:35:45:35:35

日志时间：2019-08-01 11:13:34,062 
日志级别：INFO   
日志内容：WOL Date: 55:55:55:55:55:55

日志时间：2019-08-01 11:13:34,092 
日志级别：INFO   
日志内容：WOL Date: 33:33:33:33:33:33

日志时间：2019-08-01 11:13:34,122 
日志级别：INFO   
日志内容：WOL Date: 44:55:35:35:53:53

日志时间：2019-08-01 11:13:34,152 
日志级别：INFO   
日志内容：WOL Date: 35:36:35:45:35:35

日志时间：2019-08-01 11:13:34,182 
日志级别：INFO   
日志内容：WOL Date: 55:55:55:55:55:55

日志时间：2019-08-01 11:13:34,213 
日志级别：INFO   
日志内容：WOL Date: 33:33:33:33:33:33

日志时间：2019-08-01 11:13:34,244 
日志级别：INFO   
日志内容：WOL Date: 44:55:35:35:53:53

日志时间：2019-08-01 11:13:34,275 
日志级别：INFO   
日志内容：WOL Date: 35:36:35:45:35:35

日志时间：2019-08-01 11:13:34,305 
日志级别：INFO   
日志内容：WOL Date: 55:55:55:55:55:55

日志时间：2019-08-01 11:13:34,335 
日志级别：INFO   
日志内容：WOL Date: 33:33:33:33:33:33

日志时间：2019-08-01 11:13:34,365 
日志级别：INFO   
日志内容：WOL Date: 44:55:35:35:53:53

日志时间：2019-08-01 11:13:34,397 
日志级别：INFO   
日志内容：WOL Date: 35:36:35:45:35:35

日志时间：2019-08-01 11:13:34,428 
日志级别：INFO   
日志内容：WOL Date: 55:55:55:55:55:55

日志时间：2019-08-01 11:13:34,459 
日志级别：INFO   
日志内容：WOL Date: 33:33:33:33:33:33

日志时间：2019-08-01 11:13:34,489 
日志级别：INFO   
日志内容：WOL Date: 44:55:35:35:53:53

日志时间：2019-08-01 11:13:34,520 
日志级别：INFO   
日志内容：WOL Date: 35:36:35:45:35:35

日志时间：2019-08-01 11:13:34,551 
日志级别：INFO   
日志内容：WOL Date: 55:55:55:55:55:55

日志时间：2019-08-01 11:13:34,582 
日志级别：INFO   
日志内容：WOL Date: 33:33:33:33:33:33

日志时间：2019-08-01 11:13:34,613 
日志级别：INFO   
日志内容：WOL Date: 44:55:35:35:53:53

日志时间：2019-08-01 11:13:34,644 
日志级别：INFO   
日志内容：WOL Date: 35:36:35:45:35:35

日志时间：2019-08-01 11:13:34,675 
日志级别：INFO   
日志内容：WOL Date: 55:55:55:55:55:55

日志时间：2019-08-01 11:13:34,706 
日志级别：INFO   
日志内容：WOL Date: 33:33:33:33:33:33

日志时间：2019-08-01 11:13:34,737 
日志级别：INFO   
日志内容：WOL Date: 44:55:35:35:53:53

日志时间：2019-08-01 11:13:34,767 
日志级别：INFO   
日志内容：WOL Date: 35:36:35:45:35:35

日志时间：2019-08-01 11:13:34,797 
日志级别：INFO   
日志内容：WOL Date: 55:55:55:55:55:55

日志时间：2019-08-01 11:13:34,830 
日志级别：INFO   
日志内容：WOL Date: 33:33:33:33:33:33

日志时间：2019-08-01 11:13:34,860 
日志级别：INFO   
日志内容：WOL Date: 44:55:35:35:53:53

日志时间：2019-08-01 11:13:34,894 
日志级别：INFO   
日志内容：WOL Date: 35:36:35:45:35:35

日志时间：2019-08-01 11:13:34,925 
日志级别：INFO   
日志内容：WOL Date: 55:55:55:55:55:55

日志时间：2019-08-01 11:13:34,955 
日志级别：INFO   
日志内容：WOL Date: 33:33:33:33:33:33

日志时间：2019-08-01 11:13:34,986 
日志级别：INFO   
日志内容：WOL Date: 44:55:35:35:53:53

日志时间：2019-08-01 11:13:35,017 
日志级别：INFO   
日志内容：WOL Date: 35:36:35:45:35:35

日志时间：2019-08-01 11:13:35,049 
日志级别：INFO   
日志内容：WOL Date: 55:55:55:55:55:55

日志时间：2019-08-01 11:13:35,081 
日志级别：INFO   
日志内容：WOL Date: 33:33:33:33:33:33

日志时间：2019-08-01 11:13:35,111 
日志级别：INFO   
日志内容：WOL Date: 44:55:35:35:53:53

日志时间：2019-08-01 11:13:35,142 
日志级别：INFO   
日志内容：WOL Date: 35:36:35:45:35:35

日志时间：2019-08-01 11:13:35,172 
日志级别：INFO   
日志内容：WOL Date: 55:55:55:55:55:55

日志时间：2019-08-01 11:13:35,202 
日志级别：INFO   
日志内容：WOL Date: 33:33:33:33:33:33

日志时间：2019-08-01 11:13:35,232 
日志级别：INFO   
日志内容：WOL Date: 44:55:35:35:53:53

日志时间：2019-08-01 11:13:35,263 
日志级别：INFO   
日志内容：WOL Date: 35:36:35:45:35:35

日志时间：2019-08-01 11:13:35,294 
日志级别：INFO   
日志内容：WOL Date: 55:55:55:55:55:55

日志时间：2019-08-01 11:13:35,324 
日志级别：INFO   
日志内容：WOL Date: 33:33:33:33:33:33

日志时间：2019-08-01 11:13:35,354 
日志级别：INFO   
日志内容：WOL Date: 44:55:35:35:53:53

日志时间：2019-08-01 11:13:35,384 
日志级别：INFO   
日志内容：WOL Date: 35:36:35:45:35:35

日志时间：2019-08-01 11:13:35,414 
日志级别：INFO   
日志内容：WOL Date: 55:55:55:55:55:55

日志时间：2019-08-01 11:13:35,445 
日志级别：INFO   
日志内容：WOL Date: 33:33:33:33:33:33

日志时间：2019-08-01 11:13:35,475 
日志级别：INFO   
日志内容：WOL Date: 44:55:35:35:53:53

日志时间：2019-08-01 11:13:35,505 
日志级别：INFO   
日志内容：WOL Date: 35:36:35:45:35:35

日志时间：2019-08-01 11:13:35,536 
日志级别：INFO   
日志内容：WOL Date: 55:55:55:55:55:55

日志时间：2019-08-01 11:13:35,566 
日志级别：INFO   
日志内容：WOL Date: 33:33:33:33:33:33

日志时间：2019-08-01 11:13:35,597 
日志级别：INFO   
日志内容：WOL Date: 44:55:35:35:53:53

日志时间：2019-08-01 11:13:35,627 
日志级别：INFO   
日志内容：WOL Date: 35:36:35:45:35:35

日志时间：2019-08-01 11:13:35,657 
日志级别：INFO   
日志内容：WOL Date: 55:55:55:55:55:55

日志时间：2019-08-01 11:13:35,688 
日志级别：INFO   
日志内容：WOL Date: 33:33:33:33:33:33

日志时间：2019-08-01 11:13:35,718 
日志级别：INFO   
日志内容：WOL Date: 44:55:35:35:53:53

日志时间：2019-08-01 11:13:35,748 
日志级别：INFO   
日志内容：WOL Date: 35:36:35:45:35:35

日志时间：2019-08-01 11:13:35,779 
日志级别：INFO   
日志内容：WOL Date: 55:55:55:55:55:55

日志时间：2019-08-01 11:13:35,811 
日志级别：INFO   
日志内容：WOL Date: 33:33:33:33:33:33

日志时间：2019-08-01 11:13:35,844 
日志级别：INFO   
日志内容：WOL Date: 44:55:35:35:53:53

日志时间：2019-08-01 11:13:35,876 
日志级别：INFO   
日志内容：WOL Date: 35:36:35:45:35:35

日志时间：2019-08-01 11:13:35,906 
日志级别：INFO   
日志内容：WOL Date: 55:55:55:55:55:55

日志时间：2019-08-01 11:13:35,937 
日志级别：INFO   
日志内容：WOL Date: 33:33:33:33:33:33

日志时间：2019-08-01 11:13:35,967 
日志级别：INFO   
日志内容：WOL Date: 44:55:35:35:53:53

日志时间：2019-08-01 11:13:35,997 
日志级别：INFO   
日志内容：WOL Date: 35:36:35:45:35:35

日志时间：2019-08-01 11:13:36,028 
日志级别：INFO   
日志内容：WOL Date: 55:55:55:55:55:55

日志时间：2019-08-01 11:13:36,059 
日志级别：INFO   
日志内容：WOL Date: 33:33:33:33:33:33

日志时间：2019-08-01 11:13:36,091 
日志级别：INFO   
日志内容：WOL Date: 44:55:35:35:53:53

日志时间：2019-08-01 11:13:36,122 
日志级别：INFO   
日志内容：WOL Date: 35:36:35:45:35:35

日志时间：2019-08-01 11:13:36,155 
日志级别：INFO   
日志内容：WOL Date: 55:55:55:55:55:55

日志时间：2019-08-01 11:13:36,186 
日志级别：INFO   
日志内容：WOL Date: 33:33:33:33:33:33

日志时间：2019-08-01 11:13:36,217 
日志级别：INFO   
日志内容：WOL Date: 44:55:35:35:53:53

日志时间：2019-08-01 11:13:36,247 
日志级别：INFO   
日志内容：WOL Date: 35:36:35:45:35:35

日志时间：2019-08-01 11:13:36,277 
日志级别：INFO   
日志内容：WOL Date: 55:55:55:55:55:55

日志时间：2019-08-01 11:13:36,309 
日志级别：INFO   
日志内容：WOL Date: 33:33:33:33:33:33

日志时间：2019-08-01 11:13:36,340 
日志级别：INFO   
日志内容：WOL Date: 44:55:35:35:53:53

日志时间：2019-08-01 11:13:36,370 
日志级别：INFO   
日志内容：WOL Date: 35:36:35:45:35:35

日志时间：2019-08-01 11:13:36,401 
日志级别：INFO   
日志内容：WOL Date: 55:55:55:55:55:55

日志时间：2019-08-01 11:13:36,441 
日志级别：INFO   
日志内容：WOL Date: 33:33:33:33:33:33

日志时间：2019-08-01 11:13:36,471 
日志级别：INFO   
日志内容：WOL Date: 44:55:35:35:53:53

日志时间：2019-08-01 11:13:36,501 
日志级别：INFO   
日志内容：WOL Date: 35:36:35:45:35:35

日志时间：2019-08-01 11:13:36,531 
日志级别：INFO   
日志内容：WOL Date: 55:55:55:55:55:55

日志时间：2019-08-01 11:13:36,561 
日志级别：INFO   
日志内容：WOL Date: 33:33:33:33:33:33

日志时间：2019-08-01 11:13:36,592 
日志级别：INFO   
日志内容：WOL Date: 44:55:35:35:53:53

日志时间：2019-08-01 11:13:36,622 
日志级别：INFO   
日志内容：WOL Date: 35:36:35:45:35:35

日志时间：2019-08-01 11:13:36,653 
日志级别：INFO   
日志内容：WOL Date: 55:55:55:55:55:55

日志时间：2019-08-01 11:13:36,685 
日志级别：INFO   
日志内容：WOL Date: 33:33:33:33:33:33

日志时间：2019-08-01 11:13:36,716 
日志级别：INFO   
日志内容：WOL Date: 44:55:35:35:53:53

日志时间：2019-08-01 11:13:36,747 
日志级别：INFO   
日志内容：WOL Date: 35:36:35:45:35:35

日志时间：2019-08-01 11:13:36,777 
日志级别：INFO   
日志内容：WOL Date: 55:55:55:55:55:55

日志时间：2019-08-01 11:13:36,808 
日志级别：INFO   
日志内容：WOL Date: 33:33:33:33:33:33

日志时间：2019-08-01 11:13:36,841 
日志级别：INFO   
日志内容：WOL Date: 44:55:35:35:53:53

日志时间：2019-08-01 11:13:36,872 
日志级别：INFO   
日志内容：WOL Date: 35:36:35:45:35:35

日志时间：2019-08-01 11:13:36,905 
日志级别：INFO   
日志内容：WOL Date: 55:55:55:55:55:55

日志时间：2019-08-01 11:13:36,935 
日志级别：INFO   
日志内容：WOL Date: 33:33:33:33:33:33

日志时间：2019-08-01 11:13:36,966 
日志级别：INFO   
日志内容：WOL Date: 44:55:35:35:53:53

日志时间：2019-08-01 11:13:36,997 
日志级别：INFO   
日志内容：WOL Date: 35:36:35:45:35:35

日志时间：2019-08-01 11:13:37,027 
日志级别：INFO   
日志内容：WOL Date: 55:55:55:55:55:55

日志时间：2019-08-01 11:13:37,057 
日志级别：INFO   
日志内容：WOL Date: 33:33:33:33:33:33

日志时间：2019-08-01 11:13:37,089 
日志级别：INFO   
日志内容：WOL Date: 44:55:35:35:53:53

日志时间：2019-08-01 11:13:37,121 
日志级别：INFO   
日志内容：WOL Date: 35:36:35:45:35:35

日志时间：2019-08-01 11:13:37,152 
日志级别：INFO   
日志内容：WOL Date: 55:55:55:55:55:55

日志时间：2019-08-01 11:13:37,183 
日志级别：INFO   
日志内容：WOL Date: 33:33:33:33:33:33

日志时间：2019-08-01 11:13:37,214 
日志级别：INFO   
日志内容：WOL Date: 44:55:35:35:53:53

日志时间：2019-08-01 11:13:37,246 
日志级别：INFO   
日志内容：WOL Date: 35:36:35:45:35:35

日志时间：2019-08-01 11:13:37,278 
日志级别：INFO   
日志内容：WOL Date: 55:55:55:55:55:55

日志时间：2019-08-01 11:13:37,309 
日志级别：INFO   
日志内容：WOL Date: 33:33:33:33:33:33

日志时间：2019-08-01 11:13:37,339 
日志级别：INFO   
日志内容：WOL Date: 44:55:35:35:53:53

日志时间：2019-08-01 11:13:37,369 
日志级别：INFO   
日志内容：WOL Date: 35:36:35:45:35:35

日志时间：2019-08-01 11:13:37,401 
日志级别：INFO   
日志内容：WOL Date: 55:55:55:55:55:55

日志时间：2019-08-01 11:13:37,431 
日志级别：INFO   
日志内容：WOL Date: 33:33:33:33:33:33

日志时间：2019-08-01 11:13:37,464 
日志级别：INFO   
日志内容：WOL Date: 44:55:35:35:53:53

日志时间：2019-08-01 11:13:37,497 
日志级别：INFO   
日志内容：WOL Date: 35:36:35:45:35:35

日志时间：2019-08-01 11:13:37,527 
日志级别：INFO   
日志内容：WOL Date: 55:55:55:55:55:55

日志时间：2019-08-01 11:13:37,558 
日志级别：INFO   
日志内容：WOL Date: 33:33:33:33:33:33

日志时间：2019-08-01 11:13:37,589 
日志级别：INFO   
日志内容：WOL Date: 44:55:35:35:53:53

日志时间：2019-08-01 11:13:37,620 
日志级别：INFO   
日志内容：WOL Date: 35:36:35:45:35:35

日志时间：2019-08-01 11:13:37,653 
日志级别：INFO   
日志内容：WOL Date: 55:55:55:55:55:55

日志时间：2019-08-01 11:13:37,684 
日志级别：INFO   
日志内容：WOL Date: 33:33:33:33:33:33

日志时间：2019-08-01 11:13:37,715 
日志级别：INFO   
日志内容：WOL Date: 44:55:35:35:53:53

日志时间：2019-08-01 11:13:37,745 
日志级别：INFO   
日志内容：WOL Date: 35:36:35:45:35:35

日志时间：2019-08-01 11:13:37,778 
日志级别：INFO   
日志内容：WOL Date: 55:55:55:55:55:55

日志时间：2019-08-01 11:13:37,808 
日志级别：INFO   
日志内容：WOL Date: 33:33:33:33:33:33

日志时间：2019-08-01 11:13:37,840 
日志级别：INFO   
日志内容：WOL Date: 44:55:35:35:53:53

日志时间：2019-08-01 11:13:37,870 
日志级别：INFO   
日志内容：WOL Date: 35:36:35:45:35:35

日志时间：2019-08-01 11:13:37,901 
日志级别：INFO   
日志内容：WOL Date: 55:55:55:55:55:55

日志时间：2019-08-01 11:13:37,935 
日志级别：INFO   
日志内容：WOL Date: 33:33:33:33:33:33

日志时间：2019-08-01 11:13:37,965 
日志级别：INFO   
日志内容：WOL Date: 44:55:35:35:53:53

日志时间：2019-08-01 11:13:37,997 
日志级别：INFO   
日志内容：WOL Date: 35:36:35:45:35:35

日志时间：2019-08-01 11:13:38,027 
日志级别：INFO   
日志内容：WOL Date: 55:55:55:55:55:55

日志时间：2019-08-01 11:13:38,057 
日志级别：INFO   
日志内容：WOL Date: 33:33:33:33:33:33

日志时间：2019-08-01 11:13:38,087 
日志级别：INFO   
日志内容：WOL Date: 44:55:35:35:53:53

日志时间：2019-08-01 11:13:38,119 
日志级别：INFO   
日志内容：WOL Date: 35:36:35:45:35:35

日志时间：2019-08-01 11:13:38,151 
日志级别：INFO   
日志内容：WOL Date: 55:55:55:55:55:55

日志时间：2019-08-01 11:13:38,182 
日志级别：INFO   
日志内容：WOL Date: 33:33:33:33:33:33

日志时间：2019-08-01 11:13:38,214 
日志级别：INFO   
日志内容：WOL Date: 44:55:35:35:53:53

日志时间：2019-08-01 11:13:38,244 
日志级别：INFO   
日志内容：WOL Date: 35:36:35:45:35:35

日志时间：2019-08-01 11:13:38,274 
日志级别：INFO   
日志内容：WOL Date: 55:55:55:55:55:55

日志时间：2019-08-01 11:13:38,304 
日志级别：INFO   
日志内容：WOL Date: 33:33:33:33:33:33

日志时间：2019-08-01 11:13:38,334 
日志级别：INFO   
日志内容：WOL Date: 44:55:35:35:53:53

日志时间：2019-08-01 11:13:38,364 
日志级别：INFO   
日志内容：WOL Date: 35:36:35:45:35:35

日志时间：2019-08-01 11:13:38,394 
日志级别：INFO   
日志内容：WOL Date: 55:55:55:55:55:55

日志时间：2019-08-01 11:13:38,424 
日志级别：INFO   
日志内容：WOL Date: 33:33:33:33:33:33

日志时间：2019-08-01 11:13:38,454 
日志级别：INFO   
日志内容：WOL Date: 44:55:35:35:53:53

日志时间：2019-08-01 11:13:38,484 
日志级别：INFO   
日志内容：WOL Date: 35:36:35:45:35:35

日志时间：2019-08-01 11:13:38,514 
日志级别：INFO   
日志内容：WOL Date: 55:55:55:55:55:55

日志时间：2019-08-01 11:13:38,545 
日志级别：INFO   
日志内容：WOL Date: 33:33:33:33:33:33

日志时间：2019-08-01 11:13:38,575 
日志级别：INFO   
日志内容：WOL Date: 44:55:35:35:53:53

日志时间：2019-08-01 11:13:38,606 
日志级别：INFO   
日志内容：WOL Date: 35:36:35:45:35:35

日志时间：2019-08-01 11:13:38,636 
日志级别：INFO   
日志内容：WOL Date: 55:55:55:55:55:55

日志时间：2019-08-01 11:13:38,666 
日志级别：INFO   
日志内容：WOL Date: 33:33:33:33:33:33

日志时间：2019-08-01 11:13:38,698 
日志级别：INFO   
日志内容：WOL Date: 44:55:35:35:53:53

日志时间：2019-08-01 11:13:38,728 
日志级别：INFO   
日志内容：WOL Date: 35:36:35:45:35:35

日志时间：2019-08-01 11:13:38,759 
日志级别：INFO   
日志内容：WOL Date: 55:55:55:55:55:55

日志时间：2019-08-01 11:13:38,789 
日志级别：INFO   
日志内容：WOL Date: 33:33:33:33:33:33

日志时间：2019-08-01 11:13:38,819 
日志级别：INFO   
日志内容：WOL Date: 44:55:35:35:53:53

日志时间：2019-08-01 11:13:38,853 
日志级别：INFO   
日志内容：WOL Date: 35:36:35:45:35:35

日志时间：2019-08-01 11:13:38,884 
日志级别：INFO   
日志内容：WOL Date: 55:55:55:55:55:55

日志时间：2019-08-01 11:13:38,916 
日志级别：INFO   
日志内容：WOL Date: 33:33:33:33:33:33

日志时间：2019-08-01 11:13:38,948 
日志级别：INFO   
日志内容：WOL Date: 44:55:35:35:53:53

日志时间：2019-08-01 11:13:38,980 
日志级别：INFO   
日志内容：WOL Date: 35:36:35:45:35:35

日志时间：2019-08-01 11:13:39,011 
日志级别：INFO   
日志内容：WOL Date: 55:55:55:55:55:55

日志时间：2019-08-01 11:13:39,042 
日志级别：INFO   
日志内容：WOL Date: 33:33:33:33:33:33

日志时间：2019-08-01 11:13:39,073 
日志级别：INFO   
日志内容：WOL Date: 44:55:35:35:53:53

日志时间：2019-08-01 11:13:39,105 
日志级别：INFO   
日志内容：WOL Date: 35:36:35:45:35:35

日志时间：2019-08-01 11:13:39,135 
日志级别：INFO   
日志内容：WOL Date: 55:55:55:55:55:55

日志时间：2019-08-01 11:13:39,169 
日志级别：INFO   
日志内容：WOL Date: 33:33:33:33:33:33

日志时间：2019-08-01 11:13:39,199 
日志级别：INFO   
日志内容：WOL Date: 44:55:35:35:53:53

日志时间：2019-08-01 11:13:39,231 
日志级别：INFO   
日志内容：WOL Date: 35:36:35:45:35:35

日志时间：2019-08-01 11:13:39,262 
日志级别：INFO   
日志内容：WOL Date: 55:55:55:55:55:55

日志时间：2019-08-01 11:13:39,292 
日志级别：INFO   
日志内容：WOL Date: 33:33:33:33:33:33

日志时间：2019-08-01 11:13:39,324 
日志级别：INFO   
日志内容：WOL Date: 44:55:35:35:53:53

日志时间：2019-08-01 11:13:39,357 
日志级别：INFO   
日志内容：WOL Date: 35:36:35:45:35:35

日志时间：2019-08-01 11:13:39,387 
日志级别：INFO   
日志内容：WOL Date: 55:55:55:55:55:55

日志时间：2019-08-01 11:13:39,417 
日志级别：INFO   
日志内容：WOL Date: 33:33:33:33:33:33

日志时间：2019-08-01 11:13:39,447 
日志级别：INFO   
日志内容：WOL Date: 44:55:35:35:53:53

日志时间：2019-08-01 11:13:39,478 
日志级别：INFO   
日志内容：WOL Date: 35:36:35:45:35:35

日志时间：2019-08-01 11:13:39,508 
日志级别：INFO   
日志内容：WOL Date: 55:55:55:55:55:55

日志时间：2019-08-01 11:13:39,538 
日志级别：INFO   
日志内容：WOL Date: 33:33:33:33:33:33

日志时间：2019-08-01 11:13:39,568 
日志级别：INFO   
日志内容：WOL Date: 44:55:35:35:53:53

日志时间：2019-08-01 11:13:39,598 
日志级别：INFO   
日志内容：WOL Date: 35:36:35:45:35:35

日志时间：2019-08-01 11:13:39,630 
日志级别：INFO   
日志内容：WOL Date: 55:55:55:55:55:55

日志时间：2019-08-01 11:13:39,661 
日志级别：INFO   
日志内容：WOL Date: 33:33:33:33:33:33

日志时间：2019-08-01 11:13:39,692 
日志级别：INFO   
日志内容：WOL Date: 44:55:35:35:53:53

日志时间：2019-08-01 11:13:39,723 
日志级别：INFO   
日志内容：WOL Date: 35:36:35:45:35:35

日志时间：2019-08-01 11:13:39,753 
日志级别：INFO   
日志内容：WOL Date: 55:55:55:55:55:55

日志时间：2019-08-01 11:13:39,783 
日志级别：INFO   
日志内容：WOL Date: 33:33:33:33:33:33

日志时间：2019-08-01 11:13:39,814 
日志级别：INFO   
日志内容：WOL Date: 44:55:35:35:53:53

日志时间：2019-08-01 11:13:39,845 
日志级别：INFO   
日志内容：WOL Date: 35:36:35:45:35:35

日志时间：2019-08-01 11:13:39,876 
日志级别：INFO   
日志内容：WOL Date: 55:55:55:55:55:55

日志时间：2019-08-01 11:13:39,906 
日志级别：INFO   
日志内容：WOL Date: 33:33:33:33:33:33

日志时间：2019-08-01 11:13:39,937 
日志级别：INFO   
日志内容：WOL Date: 44:55:35:35:53:53

日志时间：2019-08-01 11:13:39,967 
日志级别：INFO   
日志内容：WOL Date: 35:36:35:45:35:35

日志时间：2019-08-01 11:13:39,997 
日志级别：INFO   
日志内容：WOL Date: 55:55:55:55:55:55

日志时间：2019-08-01 11:13:40,027 
日志级别：INFO   
日志内容：WOL Date: 33:33:33:33:33:33

日志时间：2019-08-01 11:13:40,057 
日志级别：INFO   
日志内容：WOL Date: 44:55:35:35:53:53

日志时间：2019-08-01 11:13:40,087 
日志级别：INFO   
日志内容：WOL Date: 35:36:35:45:35:35

日志时间：2019-08-01 11:13:40,117 
日志级别：INFO   
日志内容：WOL Date: 55:55:55:55:55:55

日志时间：2019-08-01 11:13:40,147 
日志级别：INFO   
日志内容：WOL Date: 33:33:33:33:33:33

日志时间：2019-08-01 11:13:40,177 
日志级别：INFO   
日志内容：WOL Date: 44:55:35:35:53:53

日志时间：2019-08-01 11:13:40,207 
日志级别：INFO   
日志内容：WOL Date: 35:36:35:45:35:35

日志时间：2019-08-01 11:13:40,239 
日志级别：INFO   
日志内容：WOL Date: 55:55:55:55:55:55

日志时间：2019-08-01 11:13:40,269 
日志级别：INFO   
日志内容：WOL Date: 33:33:33:33:33:33

日志时间：2019-08-01 11:13:40,301 
日志级别：INFO   
日志内容：WOL Date: 44:55:35:35:53:53

日志时间：2019-08-01 11:13:40,332 
日志级别：INFO   
日志内容：WOL Date: 35:36:35:45:35:35

日志时间：2019-08-01 11:13:40,362 
日志级别：INFO   
日志内容：WOL Date: 55:55:55:55:55:55

日志时间：2019-08-01 11:13:40,392 
日志级别：INFO   
日志内容：WOL Date: 33:33:33:33:33:33

日志时间：2019-08-01 11:13:40,422 
日志级别：INFO   
日志内容：WOL Date: 44:55:35:35:53:53

日志时间：2019-08-01 11:13:40,453 
日志级别：INFO   
日志内容：WOL Date: 35:36:35:45:35:35

日志时间：2019-08-01 11:13:40,484 
日志级别：INFO   
日志内容：WOL Date: 55:55:55:55:55:55

日志时间：2019-08-01 11:13:40,521 
日志级别：INFO   
日志内容：WOL Date: 33:33:33:33:33:33

日志时间：2019-08-01 11:13:40,552 
日志级别：INFO   
日志内容：WOL Date: 44:55:35:35:53:53

日志时间：2019-08-01 11:13:40,582 
日志级别：INFO   
日志内容：WOL Date: 35:36:35:45:35:35

日志时间：2019-08-01 11:13:40,612 
日志级别：INFO   
日志内容：WOL Date: 55:55:55:55:55:55

日志时间：2019-08-01 11:13:40,642 
日志级别：INFO   
日志内容：WOL Date: 33:33:33:33:33:33

日志时间：2019-08-01 11:13:40,672 
日志级别：INFO   
日志内容：WOL Date: 44:55:35:35:53:53

日志时间：2019-08-01 11:13:40,703 
日志级别：INFO   
日志内容：WOL Date: 35:36:35:45:35:35

日志时间：2019-08-01 11:13:40,733 
日志级别：INFO   
日志内容：WOL Date: 55:55:55:55:55:55

日志时间：2019-08-01 11:13:40,764 
日志级别：INFO   
日志内容：WOL Date: 33:33:33:33:33:33

日志时间：2019-08-01 11:13:40,795 
日志级别：INFO   
日志内容：WOL Date: 44:55:35:35:53:53

日志时间：2019-08-01 11:13:40,825 
日志级别：INFO   
日志内容：WOL Date: 35:36:35:45:35:35

日志时间：2019-08-01 11:13:40,855 
日志级别：INFO   
日志内容：WOL Date: 55:55:55:55:55:55

日志时间：2019-08-01 11:13:40,887 
日志级别：INFO   
日志内容：WOL Date: 33:33:33:33:33:33

日志时间：2019-08-01 11:13:40,918 
日志级别：INFO   
日志内容：WOL Date: 44:55:35:35:53:53

日志时间：2019-08-01 11:13:40,948 
日志级别：INFO   
日志内容：WOL Date: 35:36:35:45:35:35

日志时间：2019-08-01 11:13:40,979 
日志级别：INFO   
日志内容：WOL Date: 55:55:55:55:55:55

日志时间：2019-08-01 11:13:41,009 
日志级别：INFO   
日志内容：WOL Date: 33:33:33:33:33:33

日志时间：2019-08-01 11:13:41,039 
日志级别：INFO   
日志内容：WOL Date: 44:55:35:35:53:53

日志时间：2019-08-01 11:13:41,069 
日志级别：INFO   
日志内容：WOL Date: 35:36:35:45:35:35

日志时间：2019-08-01 11:13:41,099 
日志级别：INFO   
日志内容：WOL Date: 55:55:55:55:55:55

日志时间：2019-08-01 11:13:41,131 
日志级别：INFO   
日志内容：WOL Date: 33:33:33:33:33:33

日志时间：2019-08-01 11:13:41,164 
日志级别：INFO   
日志内容：WOL Date: 44:55:35:35:53:53

日志时间：2019-08-01 11:13:41,194 
日志级别：INFO   
日志内容：WOL Date: 35:36:35:45:35:35

日志时间：2019-08-01 11:13:41,224 
日志级别：INFO   
日志内容：WOL Date: 55:55:55:55:55:55

日志时间：2019-08-01 11:13:41,255 
日志级别：INFO   
日志内容：WOL Date: 33:33:33:33:33:33

日志时间：2019-08-01 11:13:41,286 
日志级别：INFO   
日志内容：WOL Date: 44:55:35:35:53:53

日志时间：2019-08-01 11:13:41,318 
日志级别：INFO   
日志内容：WOL Date: 35:36:35:45:35:35

日志时间：2019-08-01 11:13:41,350 
日志级别：INFO   
日志内容：WOL Date: 55:55:55:55:55:55

日志时间：2019-08-01 11:13:41,381 
日志级别：INFO   
日志内容：WOL Date: 33:33:33:33:33:33

日志时间：2019-08-01 11:13:41,412 
日志级别：INFO   
日志内容：WOL Date: 44:55:35:35:53:53

日志时间：2019-08-01 11:13:41,442 
日志级别：INFO   
日志内容：WOL Date: 35:36:35:45:35:35

日志时间：2019-08-01 11:13:41,472 
日志级别：INFO   
日志内容：WOL Date: 55:55:55:55:55:55

日志时间：2019-08-01 11:13:41,502 
日志级别：INFO   
日志内容：WOL Date: 33:33:33:33:33:33

日志时间：2019-08-01 11:13:41,532 
日志级别：INFO   
日志内容：WOL Date: 44:55:35:35:53:53

日志时间：2019-08-01 11:13:41,563 
日志级别：INFO   
日志内容：WOL Date: 35:36:35:45:35:35

日志时间：2019-08-01 11:13:41,593 
日志级别：INFO   
日志内容：WOL Date: 55:55:55:55:55:55

日志时间：2019-08-01 11:13:41,624 
日志级别：INFO   
日志内容：WOL Date: 33:33:33:33:33:33

日志时间：2019-08-01 11:13:41,654 
日志级别：INFO   
日志内容：WOL Date: 44:55:35:35:53:53

日志时间：2019-08-01 11:13:41,685 
日志级别：INFO   
日志内容：WOL Date: 35:36:35:45:35:35

日志时间：2019-08-01 11:13:41,715 
日志级别：INFO   
日志内容：WOL Date: 55:55:55:55:55:55

日志时间：2019-08-01 11:13:41,745 
日志级别：INFO   
日志内容：WOL Date: 33:33:33:33:33:33

日志时间：2019-08-01 11:13:41,775 
日志级别：INFO   
日志内容：WOL Date: 44:55:35:35:53:53

日志时间：2019-08-01 11:13:41,806 
日志级别：INFO   
日志内容：WOL Date: 35:36:35:45:35:35

日志时间：2019-08-01 11:13:41,836 
日志级别：INFO   
日志内容：WOL Date: 55:55:55:55:55:55

日志时间：2019-08-01 11:13:41,867 
日志级别：INFO   
日志内容：WOL Date: 33:33:33:33:33:33

日志时间：2019-08-01 11:13:41,898 
日志级别：INFO   
日志内容：WOL Date: 44:55:35:35:53:53

日志时间：2019-08-01 11:13:41,930 
日志级别：INFO   
日志内容：WOL Date: 35:36:35:45:35:35

日志时间：2019-08-01 11:13:41,960 
日志级别：INFO   
日志内容：WOL Date: 55:55:55:55:55:55

日志时间：2019-08-01 11:13:41,990 
日志级别：INFO   
日志内容：WOL Date: 33:33:33:33:33:33

日志时间：2019-08-01 11:13:42,021 
日志级别：INFO   
日志内容：WOL Date: 44:55:35:35:53:53

日志时间：2019-08-01 11:13:42,052 
日志级别：INFO   
日志内容：WOL Date: 35:36:35:45:35:35

日志时间：2019-08-01 11:13:42,082 
日志级别：INFO   
日志内容：WOL Date: 55:55:55:55:55:55

日志时间：2019-08-01 11:13:42,113 
日志级别：INFO   
日志内容：WOL Date: 33:33:33:33:33:33

日志时间：2019-08-01 11:13:42,144 
日志级别：INFO   
日志内容：WOL Date: 44:55:35:35:53:53

日志时间：2019-08-01 11:13:42,175 
日志级别：INFO   
日志内容：WOL Date: 35:36:35:45:35:35

日志时间：2019-08-01 11:13:42,209 
日志级别：INFO   
日志内容：WOL Date: 55:55:55:55:55:55

日志时间：2019-08-01 11:13:42,240 
日志级别：INFO   
日志内容：WOL Date: 33:33:33:33:33:33

日志时间：2019-08-01 11:13:42,270 
日志级别：INFO   
日志内容：WOL Date: 44:55:35:35:53:53

日志时间：2019-08-01 11:13:42,302 
日志级别：INFO   
日志内容：WOL Date: 35:36:35:45:35:35

日志时间：2019-08-01 11:13:42,334 
日志级别：INFO   
日志内容：WOL Date: 55:55:55:55:55:55

日志时间：2019-08-01 11:13:42,365 
日志级别：INFO   
日志内容：WOL Date: 33:33:33:33:33:33

日志时间：2019-08-01 11:13:42,395 
日志级别：INFO   
日志内容：WOL Date: 44:55:35:35:53:53

日志时间：2019-08-01 11:13:42,425 
日志级别：INFO   
日志内容：WOL Date: 35:36:35:45:35:35

日志时间：2019-08-01 11:13:42,455 
日志级别：INFO   
日志内容：WOL Date: 55:55:55:55:55:55

日志时间：2019-08-01 11:13:42,485 
日志级别：INFO   
日志内容：WOL Date: 33:33:33:33:33:33

日志时间：2019-08-01 11:13:42,516 
日志级别：INFO   
日志内容：WOL Date: 44:55:35:35:53:53

日志时间：2019-08-01 11:13:42,546 
日志级别：INFO   
日志内容：WOL Date: 35:36:35:45:35:35

日志时间：2019-08-01 11:13:42,577 
日志级别：INFO   
日志内容：WOL Date: 55:55:55:55:55:55

日志时间：2019-08-01 11:13:42,607 
日志级别：INFO   
日志内容：WOL Date: 33:33:33:33:33:33

日志时间：2019-08-01 11:13:42,637 
日志级别：INFO   
日志内容：WOL Date: 44:55:35:35:53:53

日志时间：2019-08-01 11:17:28,138 
日志级别：INFO   
日志内容：Multi-tool Start: Running...

日志时间：2019-08-01 11:17:33,802 
日志级别：INFO   
日志内容：WOL Date: 33:33:33:33:33:33

日志时间：2019-08-01 11:17:33,832 
日志级别：INFO   
日志内容：WOL Date: 44:55:35:35:53:53

日志时间：2019-08-01 11:17:33,862 
日志级别：INFO   
日志内容：WOL Date: 35:36:35:45:35:35

日志时间：2019-08-01 11:17:33,899 
日志级别：INFO   
日志内容：WOL Date: 55:55:55:55:55:55

日志时间：2019-08-01 11:17:44,538 
日志级别：INFO   
日志内容：WOL Date: 33:33:33:33:33:33

日志时间：2019-08-01 11:17:44,570 
日志级别：INFO   
日志内容：WOL Date: 44:55:35:35:53:53

日志时间：2019-08-01 11:17:44,601 
日志级别：INFO   
日志内容：WOL Date: 35:36:35:45:35:35

日志时间：2019-08-01 11:17:44,631 
日志级别：INFO   
日志内容：WOL Date: 55:55:55:55:55:55

日志时间：2019-08-01 11:17:47,058 
日志级别：INFO   
日志内容：WOL Date: 33:33:33:33:33:33

日志时间：2019-08-01 11:17:47,089 
日志级别：INFO   
日志内容：WOL Date: 44:55:35:35:53:53

日志时间：2019-08-01 11:17:47,120 
日志级别：INFO   
日志内容：WOL Date: 35:36:35:45:35:35

日志时间：2019-08-01 11:17:47,151 
日志级别：INFO   
日志内容：WOL Date: 55:55:55:55:55:55

日志时间：2019-08-01 11:17:48,250 
日志级别：INFO   
日志内容：WOL Date: 33:33:33:33:33:33

日志时间：2019-08-01 11:17:48,281 
日志级别：INFO   
日志内容：WOL Date: 44:55:35:35:53:53

日志时间：2019-08-01 11:17:48,311 
日志级别：INFO   
日志内容：WOL Date: 35:36:35:45:35:35

日志时间：2019-08-01 11:17:48,342 
日志级别：INFO   
日志内容：WOL Date: 55:55:55:55:55:55

日志时间：2019-08-01 11:17:49,065 
日志级别：INFO   
日志内容：WOL Date: 33:33:33:33:33:33

日志时间：2019-08-01 11:17:49,096 
日志级别：INFO   
日志内容：WOL Date: 44:55:35:35:53:53

日志时间：2019-08-01 11:17:49,127 
日志级别：INFO   
日志内容：WOL Date: 35:36:35:45:35:35

日志时间：2019-08-01 11:17:49,157 
日志级别：INFO   
日志内容：WOL Date: 55:55:55:55:55:55

日志时间：2019-08-01 11:17:49,779 
日志级别：INFO   
日志内容：WOL Date: 33:33:33:33:33:33

日志时间：2019-08-01 11:17:49,809 
日志级别：INFO   
日志内容：WOL Date: 44:55:35:35:53:53

日志时间：2019-08-01 11:17:49,839 
日志级别：INFO   
日志内容：WOL Date: 35:36:35:45:35:35

日志时间：2019-08-01 11:17:49,870 
日志级别：INFO   
日志内容：WOL Date: 55:55:55:55:55:55

日志时间：2019-08-01 11:17:50,997 
日志级别：INFO   
日志内容：WOL Date: 33:33:33:33:33:33

日志时间：2019-08-01 11:17:51,027 
日志级别：INFO   
日志内容：WOL Date: 44:55:35:35:53:53

日志时间：2019-08-01 11:17:51,057 
日志级别：INFO   
日志内容：WOL Date: 35:36:35:45:35:35

日志时间：2019-08-01 11:17:51,087 
日志级别：INFO   
日志内容：WOL Date: 55:55:55:55:55:55

日志时间：2019-08-01 11:17:54,460 
日志级别：INFO   
日志内容：Multi-tool Stop: Closed...

日志时间：2019-08-01 11:18:33,774 
日志级别：INFO   
日志内容：Multi-tool Start: Running...

日志时间：2019-08-01 11:18:39,051 
日志级别：INFO   
日志内容：WOL Date: 33:33:33:33:33:33

日志时间：2019-08-01 11:18:39,081 
日志级别：INFO   
日志内容：WOL Date: 44:55:35:35:53:53

日志时间：2019-08-01 11:18:39,111 
日志级别：INFO   
日志内容：WOL Date: 35:36:35:45:35:35

日志时间：2019-08-01 11:18:39,149 
日志级别：INFO   
日志内容：WOL Date: 55:55:55:55:55:55

日志时间：2019-08-01 11:18:54,976 
日志级别：INFO   
日志内容：Multi-tool Stop: Closed...

日志时间：2019-08-01 11:27:39,373 
日志级别：INFO   
日志内容：[2019/8/1]：Multi-tool Start: Running...

日志时间：2019-08-01 11:27:46,429 
日志级别：INFO   
日志内容：[2019/8/1]：WOL Date: 33:33:33:33:33:33

日志时间：2019-08-01 11:27:46,466 
日志级别：INFO   
日志内容：[2019/8/1]：WOL Date: 44:55:35:35:53:53

日志时间：2019-08-01 11:27:46,496 
日志级别：INFO   
日志内容：[2019/8/1]：WOL Date: 35:36:35:45:35:35

日志时间：2019-08-01 11:27:46,528 
日志级别：INFO   
日志内容：[2019/8/1]：WOL Date: 55:55:55:55:55:55

日志时间：2019-08-01 11:28:27,237 
日志级别：INFO   
日志内容：[2019/8/1]：Multi-tool Start: Running...

日志时间：2019-08-01 11:28:40,300 
日志级别：INFO   
日志内容：[2019/8/1]：Multi-tool Stop: Closed...

日志时间：2019-08-01 11:29:48,347 
日志级别：INFO   
日志内容：[2019/8/1]：Multi-tool Start: Running...

日志时间：2019-08-01 11:29:53,571 
日志级别：INFO   
日志内容：[2019/8/1]：WOL Date: 33:33:33:33:33:33

日志时间：2019-08-01 11:29:53,608 
日志级别：INFO   
日志内容：[2019/8/1]：WOL Date: 44:55:35:35:53:53

日志时间：2019-08-01 11:29:53,638 
日志级别：INFO   
日志内容：[2019/8/1]：WOL Date: 35:36:35:45:35:35

日志时间：2019-08-01 11:29:53,668 
日志级别：INFO   
日志内容：[2019/8/1]：WOL Date: 55:55:55:55:55:55

日志时间：2019-08-01 11:30:34,205 
日志级别：INFO   
日志内容：[2019/8/1]：Multi-tool Stop: Closed...

日志时间：2019-08-01 11:38:56,278 
日志级别：INFO   
日志内容：Multi-tool Start: Running...

日志时间：2019-08-01 11:39:04,279 
日志级别：INFO   
日志内容：Multi-tool Stop: Closed...

日志时间：2019-08-01 14:27:09,845 
日志级别：INFO   
日志内容：Multi-tool Start: Running...

日志时间：2019-08-01 14:27:33,151 
日志级别：INFO   
日志内容：Multi-tool Stop: Closed...

日志时间：2019-08-01 14:27:54,310 
日志级别：INFO   
日志内容：Multi-tool Start: Running...

日志时间：2019-08-01 14:29:05,396 
日志级别：INFO   
日志内容：Multi-tool Start: Running...

日志时间：2019-08-01 14:29:33,232 
日志级别：INFO   
日志内容：Multi-tool Stop: Closed...

日志时间：2019-08-01 14:30:33,037 
日志级别：INFO   
日志内容：Multi-tool Start: Running...

日志时间：2019-08-01 14:30:58,537 
日志级别：INFO   
日志内容：Multi-tool Stop: Closed...

日志时间：2019-08-01 14:31:14,854 
日志级别：INFO   
日志内容：Multi-tool Start: Running...

日志时间：2019-08-01 14:31:20,290 
日志级别：INFO   
日志内容：Multi-tool Stop: Closed...

日志时间：2019-08-01 16:04:46,174 
日志级别：INFO   
日志内容：Multi-tool Start: Running...

日志时间：2019-08-01 16:04:48,674 
日志级别：INFO   
日志内容：Multi-tool Stop: Closed...

日志时间：2019-08-01 16:30:17,884 
日志级别：INFO   
日志内容：Multi-tool Start: Running...

日志时间：2019-08-01 16:31:33,736 
日志级别：INFO   
日志内容：Multi-tool Stop: Closed...

日志时间：2019-08-01 16:33:19,003 
日志级别：INFO   
日志内容：Multi-tool Start: Running...

日志时间：2019-08-01 16:33:20,965 
日志级别：INFO   
日志内容：Multi-tool Stop: Closed...

日志时间：2019-08-01 16:35:07,384 
日志级别：INFO   
日志内容：Multi-tool Start: Running...

日志时间：2019-08-01 16:35:09,534 
日志级别：INFO   
日志内容：Multi-tool Stop: Closed...

