日志时间：2019-07-12 10:09:25,811 
日志级别：INFO   
日志内容：Multi-tool Start: Running...

日志时间：2019-07-12 10:14:23,134 
日志级别：INFO   
日志内容：Multi-tool Stop: Closed...

日志时间：2019-07-12 10:28:01,808 
日志级别：INFO   
日志内容：Multi-tool Start: Running...

日志时间：2019-07-12 10:40:51,842 
日志级别：INFO   
日志内容：Multi-tool Start: Running...

日志时间：2019-07-12 10:41:45,816 
日志级别：INFO   
日志内容：Multi-tool Stop: Closed...

日志时间：2019-07-12 14:39:00,721 
日志级别：INFO   
日志内容：Multi-tool Start: Running...

日志时间：2019-07-12 14:39:12,408 
日志级别：INFO   
日志内容：打开串口

日志时间：2019-07-12 14:39:39,992 
日志级别：INFO   
日志内容：串口 Send Data:System.Byte[]

日志时间：2019-07-12 14:39:40,179 
日志级别：INFO   
日志内容：串口 Send Data:System.Byte[]

日志时间：2019-07-12 14:39:40,316 
日志级别：INFO   
日志内容：串口 Send Data:System.Byte[]

日志时间：2019-07-12 14:39:56,141 
日志级别：INFO   
日志内容：串口 Send Data:System.Byte[]

日志时间：2019-07-12 14:39:58,165 
日志级别：INFO   
日志内容：串口 Send Data:System.Byte[]

日志时间：2019-07-12 14:39:58,284 
日志级别：INFO   
日志内容：串口 Send Data:System.Byte[]

日志时间：2019-07-12 14:39:58,436 
日志级别：INFO   
日志内容：串口 Send Data:System.Byte[]

日志时间：2019-07-12 14:39:58,709 
日志级别：INFO   
日志内容：串口 Send Data:System.Byte[]

日志时间：2019-07-12 14:39:59,804 
日志级别：INFO   
日志内容：串口 Send Data:System.Byte[]

日志时间：2019-07-12 14:40:00,076 
日志级别：INFO   
日志内容：串口 Send Data:System.Byte[]

日志时间：2019-07-12 14:40:00,463 
日志级别：INFO   
日志内容：串口 Send Data:System.Byte[]

日志时间：2019-07-12 14:40:01,948 
日志级别：INFO   
日志内容：串口 Send Data:System.Byte[]

日志时间：2019-07-12 14:40:02,419 
日志级别：INFO   
日志内容：串口 Send Data:System.Byte[]

日志时间：2019-07-12 14:40:03,036 
日志级别：INFO   
日志内容：串口 Send Data:System.Byte[]

日志时间：2019-07-12 14:40:04,359 
日志级别：INFO   
日志内容：串口 Send Data:System.Byte[]

日志时间：2019-07-12 14:40:04,524 
日志级别：INFO   
日志内容：串口 Send Data:System.Byte[]

日志时间：2019-07-12 14:40:05,531 
日志级别：INFO   
日志内容：串口 Send Data:System.Byte[]

日志时间：2019-07-12 14:40:05,852 
日志级别：INFO   
日志内容：串口 Send Data:System.Byte[]

日志时间：2019-07-12 14:40:08,188 
日志级别：INFO   
日志内容：串口 Send Data:System.Byte[]

日志时间：2019-07-12 14:40:08,875 
日志级别：INFO   
日志内容：串口 Send Data:System.Byte[]

日志时间：2019-07-12 14:40:13,453 
日志级别：INFO   
日志内容：串口 Send Data:System.Byte[]

日志时间：2019-07-12 14:40:13,624 
日志级别：INFO   
日志内容：串口 Send Data:System.Byte[]

日志时间：2019-07-12 14:40:14,046 
日志级别：INFO   
日志内容：串口 Send Data:System.Byte[]

日志时间：2019-07-12 14:40:15,116 
日志级别：INFO   
日志内容：串口 Send Data:System.Byte[]

日志时间：2019-07-12 14:40:15,292 
日志级别：INFO   
日志内容：串口 Send Data:System.Byte[]

日志时间：2019-07-12 14:40:15,531 
日志级别：INFO   
日志内容：串口 Send Data:System.Byte[]

日志时间：2019-07-12 14:40:34,109 
日志级别：INFO   
日志内容：串口 Send Data:System.Byte[]

日志时间：2019-07-12 14:40:34,312 
日志级别：INFO   
日志内容：串口 Send Data:System.Byte[]

日志时间：2019-07-12 14:40:34,516 
日志级别：INFO   
日志内容：串口 Send Data:System.Byte[]

日志时间：2019-07-12 14:40:34,692 
日志级别：INFO   
日志内容：串口 Send Data:System.Byte[]

日志时间：2019-07-12 14:40:34,860 
日志级别：INFO   
日志内容：串口 Send Data:System.Byte[]

日志时间：2019-07-12 14:40:35,067 
日志级别：INFO   
日志内容：串口 Send Data:System.Byte[]

日志时间：2019-07-12 14:40:35,220 
日志级别：INFO   
日志内容：串口 Send Data:System.Byte[]

日志时间：2019-07-12 14:40:35,404 
日志级别：INFO   
日志内容：串口 Send Data:System.Byte[]

日志时间：2019-07-12 14:40:35,572 
日志级别：INFO   
日志内容：串口 Send Data:System.Byte[]

日志时间：2019-07-12 14:40:35,780 
日志级别：INFO   
日志内容：串口 Send Data:System.Byte[]

日志时间：2019-07-12 14:40:35,947 
日志级别：INFO   
日志内容：串口 Send Data:System.Byte[]

日志时间：2019-07-12 14:40:36,139 
日志级别：INFO   
日志内容：串口 Send Data:System.Byte[]

日志时间：2019-07-12 14:40:36,316 
日志级别：INFO   
日志内容：串口 Send Data:System.Byte[]

日志时间：2019-07-12 14:40:36,507 
日志级别：INFO   
日志内容：串口 Send Data:System.Byte[]

日志时间：2019-07-12 14:40:36,692 
日志级别：INFO   
日志内容：串口 Send Data:System.Byte[]

日志时间：2019-07-12 14:40:50,390 
日志级别：INFO   
日志内容：串口 Send Data:System.Byte[]

日志时间：2019-07-12 14:40:51,564 
日志级别：INFO   
日志内容：串口 Send Data:System.Byte[]

日志时间：2019-07-12 14:40:51,786 
日志级别：INFO   
日志内容：串口 Send Data:System.Byte[]

日志时间：2019-07-12 14:41:06,236 
日志级别：INFO   
日志内容：串口 Send Data:System.Byte[]

日志时间：2019-07-12 14:41:06,916 
日志级别：INFO   
日志内容：串口 Send Data:System.Byte[]

日志时间：2019-07-12 14:41:07,208 
日志级别：INFO   
日志内容：串口 Send Data:System.Byte[]

日志时间：2019-07-12 14:41:07,444 
日志级别：INFO   
日志内容：串口 Send Data:System.Byte[]

日志时间：2019-07-12 14:41:07,652 
日志级别：INFO   
日志内容：串口 Send Data:System.Byte[]

日志时间：2019-07-12 14:41:08,451 
日志级别：INFO   
日志内容：串口 Send Data:System.Byte[]

日志时间：2019-07-12 14:41:08,684 
日志级别：INFO   
日志内容：串口 Send Data:System.Byte[]

日志时间：2019-07-12 14:41:08,884 
日志级别：INFO   
日志内容：串口 Send Data:System.Byte[]

日志时间：2019-07-12 14:41:09,068 
日志级别：INFO   
日志内容：串口 Send Data:System.Byte[]

日志时间：2019-07-12 14:41:48,005 
日志级别：INFO   
日志内容：串口 Send Data:System.Byte[]

日志时间：2019-07-12 14:41:48,748 
日志级别：INFO   
日志内容：串口 Send Data:System.Byte[]

日志时间：2019-07-12 14:41:48,947 
日志级别：INFO   
日志内容：串口 Send Data:System.Byte[]

日志时间：2019-07-12 14:41:49,716 
日志级别：INFO   
日志内容：串口 Send Data:System.Byte[]

日志时间：2019-07-12 14:41:49,932 
日志级别：INFO   
日志内容：串口 Send Data:System.Byte[]

日志时间：2019-07-12 14:41:50,116 
日志级别：INFO   
日志内容：串口 Send Data:System.Byte[]

日志时间：2019-07-12 14:41:50,300 
日志级别：INFO   
日志内容：串口 Send Data:System.Byte[]

日志时间：2019-07-12 14:41:50,492 
日志级别：INFO   
日志内容：串口 Send Data:System.Byte[]

日志时间：2019-07-12 14:41:50,659 
日志级别：INFO   
日志内容：串口 Send Data:System.Byte[]

日志时间：2019-07-12 14:41:50,844 
日志级别：INFO   
日志内容：串口 Send Data:System.Byte[]

日志时间：2019-07-12 14:41:51,276 
日志级别：INFO   
日志内容：串口 Send Data:System.Byte[]

日志时间：2019-07-12 14:41:51,700 
日志级别：INFO   
日志内容：串口 Send Data:System.Byte[]

日志时间：2019-07-12 14:41:52,116 
日志级别：INFO   
日志内容：串口 Send Data:System.Byte[]

日志时间：2019-07-12 14:41:52,380 
日志级别：INFO   
日志内容：串口 Send Data:System.Byte[]

日志时间：2019-07-12 14:41:53,213 
日志级别：INFO   
日志内容：串口 Send Data:System.Byte[]

日志时间：2019-07-12 14:41:53,388 
日志级别：INFO   
日志内容：串口 Send Data:System.Byte[]

日志时间：2019-07-12 14:41:53,404 
日志级别：INFO   
日志内容：串口 Send Data:System.Byte[]

日志时间：2019-07-12 14:41:53,509 
日志级别：INFO   
日志内容：串口 Send Data:System.Byte[]

日志时间：2019-07-12 14:41:53,692 
日志级别：INFO   
日志内容：串口 Send Data:System.Byte[]

日志时间：2019-07-12 14:41:54,092 
日志级别：INFO   
日志内容：串口 Send Data:System.Byte[]

日志时间：2019-07-12 14:41:54,284 
日志级别：INFO   
日志内容：串口 Send Data:System.Byte[]

日志时间：2019-07-12 14:41:54,436 
日志级别：INFO   
日志内容：串口 Send Data:System.Byte[]

日志时间：2019-07-12 14:41:54,565 
日志级别：INFO   
日志内容：串口 Send Data:System.Byte[]

日志时间：2019-07-12 14:41:54,791 
日志级别：INFO   
日志内容：串口 Send Data:System.Byte[]

日志时间：2019-07-12 14:41:54,972 
日志级别：INFO   
日志内容：串口 Send Data:System.Byte[]

日志时间：2019-07-12 14:41:55,083 
日志级别：INFO   
日志内容：串口 Send Data:System.Byte[]

日志时间：2019-07-12 14:42:31,009 
日志级别：INFO   
日志内容：Multi-tool Start: Running...

日志时间：2019-07-12 14:42:34,502 
日志级别：INFO   
日志内容：打开串口

日志时间：2019-07-12 14:42:36,567 
日志级别：INFO   
日志内容：串口 Send Data:System.Byte[]

日志时间：2019-07-12 14:42:36,759 
日志级别：INFO   
日志内容：串口 Send Data:System.Byte[]

日志时间：2019-07-12 14:42:36,812 
日志级别：INFO   
日志内容：串口 Send Data:System.Byte[]

日志时间：2019-07-12 14:42:36,965 
日志级别：INFO   
日志内容：串口 Send Data:System.Byte[]

日志时间：2019-07-12 14:42:36,987 
日志级别：INFO   
日志内容：串口 Send Data:System.Byte[]

日志时间：2019-07-12 14:42:37,179 
日志级别：INFO   
日志内容：串口 Send Data:System.Byte[]

日志时间：2019-07-12 14:42:37,716 
日志级别：INFO   
日志内容：串口 Send Data:System.Byte[]

日志时间：2019-07-12 14:42:44,278 
日志级别：INFO   
日志内容：串口 Send Data:System.Byte[]

日志时间：2019-07-12 14:42:44,900 
日志级别：INFO   
日志内容：串口 Send Data:System.Byte[]

日志时间：2019-07-12 14:42:45,076 
日志级别：INFO   
日志内容：串口 Send Data:System.Byte[]

日志时间：2019-07-12 14:42:45,414 
日志级别：INFO   
日志内容：串口 Send Data:System.Byte[]

日志时间：2019-07-12 14:42:45,516 
日志级别：INFO   
日志内容：串口 Send Data:System.Byte[]

日志时间：2019-07-12 14:42:45,572 
日志级别：INFO   
日志内容：串口 Send Data:System.Byte[]

日志时间：2019-07-12 14:42:45,723 
日志级别：INFO   
日志内容：串口 Send Data:System.Byte[]

日志时间：2019-07-12 14:42:45,956 
日志级别：INFO   
日志内容：串口 Send Data:System.Byte[]

日志时间：2019-07-12 14:42:46,100 
日志级别：INFO   
日志内容：串口 Send Data:System.Byte[]

日志时间：2019-07-12 14:42:46,140 
日志级别：INFO   
日志内容：串口 Send Data:System.Byte[]

日志时间：2019-07-12 14:42:46,197 
日志级别：INFO   
日志内容：串口 Send Data:System.Byte[]

日志时间：2019-07-12 14:42:46,308 
日志级别：INFO   
日志内容：串口 Send Data:System.Byte[]

日志时间：2019-07-12 14:42:46,487 
日志级别：INFO   
日志内容：串口 Send Data:System.Byte[]

日志时间：2019-07-12 14:42:46,668 
日志级别：INFO   
日志内容：串口 Send Data:System.Byte[]

日志时间：2019-07-12 14:42:46,779 
日志级别：INFO   
日志内容：串口 Send Data:System.Byte[]

日志时间：2019-07-12 14:42:48,579 
日志级别：INFO   
日志内容：串口 DataReceived：济南有人物联网技术有限公司

日志时间：2019-07-12 14:42:51,888 
日志级别：INFO   
日志内容：串口 DataReceived：济南有人物联网技术有限公司

日志时间：2019-07-12 14:42:53,603 
日志级别：INFO   
日志内容：串口 DataReceived：济南有人物联网技术有限公司

日志时间：2019-07-12 14:42:54,621 
日志级别：INFO   
日志内容：串口 DataReceived：济南有人物联网技术有限公司

日志时间：2019-07-12 14:43:12,292 
日志级别：INFO   
日志内容：串口 DataReceived：1515511dafafaf

日志时间：2019-07-12 14:43:20,431 
日志级别：INFO   
日志内容：串口 DataReceived：1515511dafafaf

日志时间：2019-07-12 14:43:21,450 
日志级别：INFO   
日志内容：串口 DataReceived：1515511dafafaf

日志时间：2019-07-12 14:43:22,611 
日志级别：INFO   
日志内容：串口 DataReceived：1515511dafafaf

日志时间：2019-07-12 14:43:23,154 
日志级别：INFO   
日志内容：串口 DataReceived：1515511dafafaf

日志时间：2019-07-12 14:43:52,410 
日志级别：INFO   
日志内容：关闭串口

日志时间：2019-07-12 14:43:53,882 
日志级别：INFO   
日志内容：Multi-tool Stop: Closed...

日志时间：2019-07-12 14:48:50,509 
日志级别：INFO   
日志内容：Multi-tool Start: Running...

日志时间：2019-07-12 14:48:56,903 
日志级别：INFO   
日志内容：打开串口

日志时间：2019-07-12 14:48:57,604 
日志级别：INFO   
日志内容：串口 Send Data:System.Byte[]

日志时间：2019-07-12 14:48:57,804 
日志级别：INFO   
日志内容：串口 Send Data:System.Byte[]

日志时间：2019-07-12 14:48:57,950 
日志级别：INFO   
日志内容：串口 Send Data:System.Byte[]

日志时间：2019-07-12 14:48:58,140 
日志级别：INFO   
日志内容：串口 Send Data:System.Byte[]

日志时间：2019-07-12 14:48:58,380 
日志级别：INFO   
日志内容：串口 Send Data:System.Byte[]

日志时间：2019-07-12 14:49:11,939 
日志级别：INFO   
日志内容：串口 Send Data:System.Byte[]

日志时间：2019-07-12 14:49:12,187 
日志级别：INFO   
日志内容：串口 Send Data:System.Byte[]

日志时间：2019-07-12 14:49:12,347 
日志级别：INFO   
日志内容：串口 Send Data:System.Byte[]

日志时间：2019-07-12 14:49:12,523 
日志级别：INFO   
日志内容：串口 Send Data:System.Byte[]

日志时间：2019-07-12 14:49:14,418 
日志级别：INFO   
日志内容：串口 Send Data:System.Byte[]

日志时间：2019-07-12 15:00:29,950 
日志级别：INFO   
日志内容：Multi-tool Stop: Closed...

日志时间：2019-07-12 15:18:16,920 
日志级别：INFO   
日志内容：Multi-tool Start: Running...

日志时间：2019-07-12 15:18:22,682 
日志级别：INFO   
日志内容：打开串口

日志时间：2019-07-12 15:18:33,089 
日志级别：INFO   
日志内容：串口 DataReceived：dafafaf1515511dafafaf

日志时间：2019-07-12 15:18:33,870 
日志级别：INFO   
日志内容：串口 DataReceived：dafafaf1515511dafafaf

日志时间：2019-07-12 15:18:34,500 
日志级别：INFO   
日志内容：串口 DataReceived：dafafaf1515511dafafaf

日志时间：2019-07-12 15:18:35,067 
日志级别：INFO   
日志内容：串口 DataReceived：dafafaf1515511dafafaf

日志时间：2019-07-12 15:18:35,770 
日志级别：INFO   
日志内容：串口 DataReceived：dafafaf1515511dafafaf

日志时间：2019-07-12 15:18:36,694 
日志级别：INFO   
日志内容：串口 DataReceived：dafafaf1515511dafafaf

日志时间：2019-07-12 15:18:38,595 
日志级别：INFO   
日志内容：串口 DataReceived：dafafaf1515511dafafaf

日志时间：2019-07-12 15:18:39,121 
日志级别：INFO   
日志内容：串口 DataReceived：dafafaf1515511dafafaf

日志时间：2019-07-12 15:18:39,690 
日志级别：INFO   
日志内容：串口 DataReceived：dafafaf1515511dafafaf

日志时间：2019-07-12 15:18:54,719 
日志级别：INFO   
日志内容：串口 DataReceived：dafafaf1515511dafafaffs4f4f8s4f8f48f48sf48f48sf48f48sf4s8f48f4s8f4s84ffsf

日志时间：2019-07-12 15:18:55,341 
日志级别：INFO   
日志内容：串口 DataReceived：dafafaf1515511dafafaffs4f4f8s4f8f48f48sf48f48sf48f48sf4s8f48f4s8f4s84ffsf

日志时间：2019-07-12 15:18:57,339 
日志级别：INFO   
日志内容：串口 DataReceived：dafafaf1515511dafafaffs4f4f8s4f8f48f48sf48f48sf48f48sf4s8f48f4s8f4s84ffsf

日志时间：2019-07-12 15:18:58,299 
日志级别：INFO   
日志内容：串口 DataReceived：dafafaf1515511dafafaffs4f4f8s4f8f48f48sf48f48sf48f48sf4s8f48f4s8f4s84ffsf

日志时间：2019-07-12 15:18:59,045 
日志级别：INFO   
日志内容：串口 DataReceived：dafafaf1515511dafafaffs4f4f8s4f8f48f48sf48f48sf48f48sf4s8f48f4s8f4s84ffsf

日志时间：2019-07-12 15:18:59,643 
日志级别：INFO   
日志内容：串口 DataReceived：dafafaf1515511dafafaffs4f4f8s4f8f48f48sf48f48sf48f48sf4s8f48f4s8f4s84ffsf

日志时间：2019-07-12 15:19:00,227 
日志级别：INFO   
日志内容：串口 DataReceived：dafafaf1515511dafafaffs4f4f8s4f8f48f48sf48f48sf48f48sf4s8f48f4s8f4s84ffsf

日志时间：2019-07-12 15:19:00,881 
日志级别：INFO   
日志内容：串口 DataReceived：dafafaf1515511dafafaffs4f4f8s4f8f48f48sf48f48sf48f48sf4s8f48f4s8f4s84ffsf

日志时间：2019-07-12 15:19:01,460 
日志级别：INFO   
日志内容：串口 DataReceived：dafafaf1515511dafafaffs4f4f8s4f8f48f48sf48f48sf48f48sf4s8f48f4s8f4s84ffsf

日志时间：2019-07-12 15:19:01,987 
日志级别：INFO   
日志内容：串口 DataReceived：dafafaf1515511dafafaffs4f4f8s4f8f48f48sf48f48sf48f48sf4s8f48f4s8f4s84ffsf

日志时间：2019-07-12 15:19:02,709 
日志级别：INFO   
日志内容：串口 DataReceived：dafafaf1515511dafafaffs4f4f8s4f8f48f48sf48f48sf48f48sf4s8f48f4s8f4s84ffsf

日志时间：2019-07-12 15:19:03,376 
日志级别：INFO   
日志内容：串口 DataReceived：dafafaf1515511dafafaffs4f4f8s4f8f48f48sf48f48sf48f48sf4s8f48f4s8f4s84ffsf

日志时间：2019-07-12 15:19:04,089 
日志级别：INFO   
日志内容：串口 DataReceived：dafafaf1515511dafafaffs4f4f8s4f8f48f48sf48f48sf48f48sf4s8f48f4s8f4s84ffsf

日志时间：2019-07-12 15:19:19,485 
日志级别：INFO   
日志内容：Multi-tool Stop: Closed...

日志时间：2019-07-12 15:33:13,748 
日志级别：INFO   
日志内容：Multi-tool Start: Running...

日志时间：2019-07-12 15:33:23,972 
日志级别：INFO   
日志内容：打开串口

日志时间：2019-07-12 15:33:25,335 
日志级别：INFO   
日志内容：串口 Send Data:System.Byte[]

日志时间：2019-07-12 15:33:25,888 
日志级别：INFO   
日志内容：串口 Send Data:System.Byte[]

日志时间：2019-07-12 15:33:26,056 
日志级别：INFO   
日志内容：串口 Send Data:System.Byte[]

日志时间：2019-07-12 15:33:26,208 
日志级别：INFO   
日志内容：串口 Send Data:System.Byte[]

日志时间：2019-07-12 15:33:26,362 
日志级别：INFO   
日志内容：串口 Send Data:System.Byte[]

日志时间：2019-07-12 15:33:26,536 
日志级别：INFO   
日志内容：串口 Send Data:System.Byte[]

日志时间：2019-07-12 15:33:26,680 
日志级别：INFO   
日志内容：串口 Send Data:System.Byte[]

日志时间：2019-07-12 15:33:26,864 
日志级别：INFO   
日志内容：串口 Send Data:System.Byte[]

日志时间：2019-07-12 15:33:36,336 
日志级别：INFO   
日志内容：串口 DataReceived：dafafaf1515511dafa

日志时间：2019-07-12 15:34:48,440 
日志级别：INFO   
日志内容：Multi-tool Stop: Closed...

日志时间：2019-07-12 15:37:07,651 
日志级别：INFO   
日志内容：Multi-tool Start: Running...

日志时间：2019-07-12 15:37:10,250 
日志级别：INFO   
日志内容：打开串口

日志时间：2019-07-12 15:37:13,454 
日志级别：INFO   
日志内容：串口 DataReceived：dafafaf1515511dafa

日志时间：2019-07-12 15:37:19,305 
日志级别：INFO   
日志内容：串口 Send Data:System.Byte[]

日志时间：2019-07-12 15:37:19,487 
日志级别：INFO   
日志内容：串口 Send Data:System.Byte[]

日志时间：2019-07-12 15:37:19,592 
日志级别：INFO   
日志内容：串口 Send Data:System.Byte[]

日志时间：2019-07-12 15:37:19,760 
日志级别：INFO   
日志内容：串口 Send Data:System.Byte[]

日志时间：2019-07-12 15:37:19,817 
日志级别：INFO   
日志内容：串口 Send Data:System.Byte[]

日志时间：2019-07-12 15:37:19,968 
日志级别：INFO   
日志内容：串口 Send Data:System.Byte[]

日志时间：2019-07-12 15:37:20,088 
日志级别：INFO   
日志内容：串口 Send Data:System.Byte[]

日志时间：2019-07-12 15:37:20,151 
日志级别：INFO   
日志内容：串口 Send Data:System.Byte[]

日志时间：2019-07-12 15:37:20,368 
日志级别：INFO   
日志内容：串口 Send Data:System.Byte[]

日志时间：2019-07-12 15:37:20,443 
日志级别：INFO   
日志内容：串口 Send Data:System.Byte[]

日志时间：2019-07-12 15:37:20,488 
日志级别：INFO   
日志内容：串口 Send Data:System.Byte[]

日志时间：2019-07-12 15:37:20,793 
日志级别：INFO   
日志内容：串口 Send Data:System.Byte[]

日志时间：2019-07-12 15:37:23,216 
日志级别：INFO   
日志内容：串口 DataReceived：dafafaf1515511dafa

日志时间：2019-07-12 15:39:37,206 
日志级别：INFO   
日志内容：Multi-tool Stop: Closed...

日志时间：2019-07-12 15:45:49,041 
日志级别：INFO   
日志内容：Multi-tool Start: Running...

日志时间：2019-07-12 15:45:51,713 
日志级别：INFO   
日志内容：打开串口

日志时间：2019-07-12 15:45:54,474 
日志级别：INFO   
日志内容：串口 Send Data:System.Byte[]

日志时间：2019-07-12 15:45:55,785 
日志级别：INFO   
日志内容：串口 Send Data:System.Byte[]

日志时间：2019-07-12 15:45:56,736 
日志级别：INFO   
日志内容：串口 Send Data:System.Byte[]

日志时间：2019-07-12 15:46:10,840 
日志级别：INFO   
日志内容：串口 Send Data:System.Byte[]

日志时间：2019-07-12 15:46:11,210 
日志级别：INFO   
日志内容：串口 Send Data:System.Byte[]

日志时间：2019-07-12 15:46:11,528 
日志级别：INFO   
日志内容：串口 Send Data:System.Byte[]

日志时间：2019-07-12 15:46:11,873 
日志级别：INFO   
日志内容：串口 Send Data:System.Byte[]

日志时间：2019-07-12 15:46:12,352 
日志级别：INFO   
日志内容：串口 Send Data:System.Byte[]

日志时间：2019-07-12 15:46:12,744 
日志级别：INFO   
日志内容：串口 Send Data:System.Byte[]

日志时间：2019-07-12 15:46:13,111 
日志级别：INFO   
日志内容：串口 Send Data:System.Byte[]

日志时间：2019-07-12 15:46:27,195 
日志级别：INFO   
日志内容：Multi-tool Stop: Closed...

日志时间：2019-07-12 15:47:52,949 
日志级别：INFO   
日志内容：Multi-tool Start: Running...

日志时间：2019-07-12 15:47:57,703 
日志级别：INFO   
日志内容：打开串口

日志时间：2019-07-12 15:47:59,692 
日志级别：INFO   
日志内容：串口 Send Data:System.Byte[]

日志时间：2019-07-12 15:48:00,096 
日志级别：INFO   
日志内容：串口 Send Data:System.Byte[]

日志时间：2019-07-12 15:48:00,265 
日志级别：INFO   
日志内容：串口 Send Data:System.Byte[]

日志时间：2019-07-12 15:48:00,480 
日志级别：INFO   
日志内容：串口 Send Data:System.Byte[]

日志时间：2019-07-12 15:48:01,233 
日志级别：INFO   
日志内容：串口 Send Data:System.Byte[]

日志时间：2019-07-12 15:48:34,754 
日志级别：INFO   
日志内容：Multi-tool Stop: Closed...

日志时间：2019-07-12 16:21:59,025 
日志级别：INFO   
日志内容：Multi-tool Start: Running...

日志时间：2019-07-12 16:23:17,219 
日志级别：INFO   
日志内容：Multi-tool Stop: Closed...

日志时间：2019-07-12 16:27:43,245 
日志级别：INFO   
日志内容：Multi-tool Start: Running...

日志时间：2019-07-12 16:28:07,566 
日志级别：INFO   
日志内容：Multi-tool Stop: Closed...

日志时间：2019-07-12 16:28:16,895 
日志级别：INFO   
日志内容：Multi-tool Start: Running...

日志时间：2019-07-12 16:29:58,619 
日志级别：INFO   
日志内容：Multi-tool Stop: Closed...

日志时间：2019-07-12 16:30:51,527 
日志级别：INFO   
日志内容：Multi-tool Start: Running...

日志时间：2019-07-12 16:31:29,176 
日志级别：INFO   
日志内容：Multi-tool Stop: Closed...

日志时间：2019-07-12 16:31:51,739 
日志级别：INFO   
日志内容：Multi-tool Start: Running...

日志时间：2019-07-12 16:33:55,966 
日志级别：INFO   
日志内容：Multi-tool Stop: Closed...

日志时间：2019-07-12 16:36:53,754 
日志级别：INFO   
日志内容：Multi-tool Start: Running...

日志时间：2019-07-12 16:38:20,059 
日志级别：INFO   
日志内容：Multi-tool Stop: Closed...

日志时间：2019-07-12 16:39:10,027 
日志级别：INFO   
日志内容：Multi-tool Start: Running...

日志时间：2019-07-12 16:39:50,269 
日志级别：INFO   
日志内容：Multi-tool Stop: Closed...

日志时间：2019-07-12 16:39:57,129 
日志级别：INFO   
日志内容：Multi-tool Start: Running...

日志时间：2019-07-12 16:40:00,428 
日志级别：INFO   
日志内容：Multi-tool Stop: Closed...

日志时间：2019-07-12 17:00:49,768 
日志级别：INFO   
日志内容：Multi-tool Start: Running...

日志时间：2019-07-12 17:00:53,071 
日志级别：INFO   
日志内容：Multi-tool Stop: Closed...

