ÈÕÖ¾Ê±¼ä£º2019-07-11 09:06:24,186 
ÈÕÖ¾¼¶±ğ£ºINFO   
ÈÕÖ¾ÄÚÈİ£ºMulti-tool Start: Running...

ÈÕÖ¾Ê±¼ä£º2019-07-11 09:07:22,360 
ÈÕÖ¾¼¶±ğ£ºINFO   
ÈÕÖ¾ÄÚÈİ£ºUDP Add Connect: 192.168.3.69

ÈÕÖ¾Ê±¼ä£º2019-07-11 09:07:24,458 
ÈÕÖ¾¼¶±ğ£ºINFO   
ÈÕÖ¾ÄÚÈİ£ºUDP Send Date: Test!

ÈÕÖ¾Ê±¼ä£º2019-07-11 09:07:44,532 
ÈÕÖ¾¼¶±ğ£ºINFO   
ÈÕÖ¾ÄÚÈİ£ºUDP Receive Date: http://www.usr.cn

ÈÕÖ¾Ê±¼ä£º2019-07-11 09:08:42,683 
ÈÕÖ¾¼¶±ğ£ºINFO   
ÈÕÖ¾ÄÚÈİ£ºUDP Add Connect: 192.168.3.69

ÈÕÖ¾Ê±¼ä£º2019-07-11 09:08:59,218 
ÈÕÖ¾¼¶±ğ£ºINFO   
ÈÕÖ¾ÄÚÈİ£ºUDP Send Date: UU?ÿÿ?

ÈÕÖ¾Ê±¼ä£º2019-07-11 09:09:01,067 
ÈÕÖ¾¼¶±ğ£ºINFO   
ÈÕÖ¾ÄÚÈİ£ºUDP Send Date: UU?ÿÿ?

ÈÕÖ¾Ê±¼ä£º2019-07-11 09:09:02,314 
ÈÕÖ¾¼¶±ğ£ºINFO   
ÈÕÖ¾ÄÚÈİ£ºUDP Send Date: UU?ÿÿ?

ÈÕÖ¾Ê±¼ä£º2019-07-11 09:09:21,075 
ÈÕÖ¾¼¶±ğ£ºINFO   
ÈÕÖ¾ÄÚÈİ£ºUDP Add Connect: 192.168.3.69

ÈÕÖ¾Ê±¼ä£º2019-07-11 09:09:23,303 
ÈÕÖ¾¼¶±ğ£ºINFO   
ÈÕÖ¾ÄÚÈİ£ºUDP Send Date: UU?ÿÿ?

ÈÕÖ¾Ê±¼ä£º2019-07-11 09:09:26,491 
ÈÕÖ¾¼¶±ğ£ºINFO   
ÈÕÖ¾ÄÚÈİ£ºUDP Receive Date: http://www.usr.cn

ÈÕÖ¾Ê±¼ä£º2019-07-11 09:09:50,983 
ÈÕÖ¾¼¶±ğ£ºINFO   
ÈÕÖ¾ÄÚÈİ£ºUDP Send Date: UU?ÿÿ?

ÈÕÖ¾Ê±¼ä£º2019-07-11 09:09:51,983 
ÈÕÖ¾¼¶±ğ£ºINFO   
ÈÕÖ¾ÄÚÈİ£ºUDP Send Date: UU?ÿÿ?

ÈÕÖ¾Ê±¼ä£º2019-07-11 09:09:52,592 
ÈÕÖ¾¼¶±ğ£ºINFO   
ÈÕÖ¾ÄÚÈİ£ºUDP Send Date: UU?ÿÿ?

ÈÕÖ¾Ê±¼ä£º2019-07-11 09:09:53,135 
ÈÕÖ¾¼¶±ğ£ºINFO   
ÈÕÖ¾ÄÚÈİ£ºUDP Send Date: UU?ÿÿ?

ÈÕÖ¾Ê±¼ä£º2019-07-11 09:09:53,936 
ÈÕÖ¾¼¶±ğ£ºINFO   
ÈÕÖ¾ÄÚÈİ£ºUDP Send Date: 4

ÈÕÖ¾Ê±¼ä£º2019-07-11 09:09:54,608 
ÈÕÖ¾¼¶±ğ£ºINFO   
ÈÕÖ¾ÄÚÈİ£ºUDP Send Date: abcdefg

ÈÕÖ¾Ê±¼ä£º2019-07-11 09:10:47,696 
ÈÕÖ¾¼¶±ğ£ºINFO   
ÈÕÖ¾ÄÚÈİ£ºMulti-tool Stop: Closed...

ÈÕÖ¾Ê±¼ä£º2019-07-11 09:11:52,471 
ÈÕÖ¾¼¶±ğ£ºINFO   
ÈÕÖ¾ÄÚÈİ£ºMulti-tool Start: Running...

ÈÕÖ¾Ê±¼ä£º2019-07-11 09:12:11,257 
ÈÕÖ¾¼¶±ğ£ºINFO   
ÈÕÖ¾ÄÚÈİ£ºUDP Add Connect: 192.168.3.69

ÈÕÖ¾Ê±¼ä£º2019-07-11 09:12:20,469 
ÈÕÖ¾¼¶±ğ£ºINFO   
ÈÕÖ¾ÄÚÈİ£ºUDP Receive Date: http://www.usr.cn

ÈÕÖ¾Ê±¼ä£º2019-07-11 09:12:36,339 
ÈÕÖ¾¼¶±ğ£ºINFO   
ÈÕÖ¾ÄÚÈİ£ºUDP Send Date: Test!

ÈÕÖ¾Ê±¼ä£º2019-07-11 09:13:11,322 
ÈÕÖ¾¼¶±ğ£ºINFO   
ÈÕÖ¾ÄÚÈİ£ºUDP Add Connect: 192.168.3.69

ÈÕÖ¾Ê±¼ä£º2019-07-11 09:13:37,701 
ÈÕÖ¾¼¶±ğ£ºINFO   
ÈÕÖ¾ÄÚÈİ£ºUDP Add Connect: 192.168.3.69

ÈÕÖ¾Ê±¼ä£º2019-07-11 09:13:39,536 
ÈÕÖ¾¼¶±ğ£ºINFO   
ÈÕÖ¾ÄÚÈİ£ºUDP Send Date: Test!

ÈÕÖ¾Ê±¼ä£º2019-07-11 09:13:42,673 
ÈÕÖ¾¼¶±ğ£ºINFO   
ÈÕÖ¾ÄÚÈİ£ºUDP Receive Date: http://www.usr.cn

ÈÕÖ¾Ê±¼ä£º2019-07-11 09:13:51,059 
ÈÕÖ¾¼¶±ğ£ºINFO   
ÈÕÖ¾ÄÚÈİ£ºUDP Receive Date: http://www.usr.cn

ÈÕÖ¾Ê±¼ä£º2019-07-11 09:13:58,519 
ÈÕÖ¾¼¶±ğ£ºINFO   
ÈÕÖ¾ÄÚÈİ£ºMulti-tool Stop: Closed...

ÈÕÖ¾Ê±¼ä£º2019-07-11 09:14:06,095 
ÈÕÖ¾¼¶±ğ£ºINFO   
ÈÕÖ¾ÄÚÈİ£ºMulti-tool Start: Running...

ÈÕÖ¾Ê±¼ä£º2019-07-11 09:14:17,526 
ÈÕÖ¾¼¶±ğ£ºINFO   
ÈÕÖ¾ÄÚÈİ£ºUDP Add Connect: 192.168.3.69

ÈÕÖ¾Ê±¼ä£º2019-07-11 09:14:30,067 
ÈÕÖ¾¼¶±ğ£ºINFO   
ÈÕÖ¾ÄÚÈİ£ºUDP Receive Date: http://www.usr.cn

ÈÕÖ¾Ê±¼ä£º2019-07-11 09:15:16,144 
ÈÕÖ¾¼¶±ğ£ºINFO   
ÈÕÖ¾ÄÚÈİ£ºMulti-tool Stop: Closed...

ÈÕÖ¾Ê±¼ä£º2019-07-11 09:18:39,358 
ÈÕÖ¾¼¶±ğ£ºINFO   
ÈÕÖ¾ÄÚÈİ£ºMulti-tool Start: Running...

ÈÕÖ¾Ê±¼ä£º2019-07-11 09:19:05,714 
ÈÕÖ¾¼¶±ğ£ºINFO   
ÈÕÖ¾ÄÚÈİ£ºMulti-tool Stop: Closed...

ÈÕÖ¾Ê±¼ä£º2019-07-11 09:19:44,344 
ÈÕÖ¾¼¶±ğ£ºINFO   
ÈÕÖ¾ÄÚÈİ£ºMulti-tool Start: Running...

ÈÕÖ¾Ê±¼ä£º2019-07-11 09:21:09,123 
ÈÕÖ¾¼¶±ğ£ºINFO   
ÈÕÖ¾ÄÚÈİ£ºMulti-tool Stop: Closed...

ÈÕÖ¾Ê±¼ä£º2019-07-11 09:24:55,553 
ÈÕÖ¾¼¶±ğ£ºINFO   
ÈÕÖ¾ÄÚÈİ£ºMulti-tool Start: Running...

ÈÕÖ¾Ê±¼ä£º2019-07-11 09:25:41,290 
ÈÕÖ¾¼¶±ğ£ºINFO   
ÈÕÖ¾ÄÚÈİ£ºUDP Add Connect: 192.168.3.69

ÈÕÖ¾Ê±¼ä£º2019-07-11 09:25:53,769 
ÈÕÖ¾¼¶±ğ£ºINFO   
ÈÕÖ¾ÄÚÈİ£ºUDP Add Connect: 192.168.3.69

ÈÕÖ¾Ê±¼ä£º2019-07-11 09:27:29,588 
ÈÕÖ¾¼¶±ğ£ºINFO   
ÈÕÖ¾ÄÚÈİ£ºUDP Add Connect: 192.168.3.69

ÈÕÖ¾Ê±¼ä£º2019-07-11 09:27:32,737 
ÈÕÖ¾¼¶±ğ£ºINFO   
ÈÕÖ¾ÄÚÈİ£ºUDP Send Date: Test!

ÈÕÖ¾Ê±¼ä£º2019-07-11 09:27:33,672 
ÈÕÖ¾¼¶±ğ£ºINFO   
ÈÕÖ¾ÄÚÈİ£ºUDP Send Date: Test!

ÈÕÖ¾Ê±¼ä£º2019-07-11 09:27:34,528 
ÈÕÖ¾¼¶±ğ£ºINFO   
ÈÕÖ¾ÄÚÈİ£ºUDP Send Date: Test!

ÈÕÖ¾Ê±¼ä£º2019-07-11 09:28:14,710 
ÈÕÖ¾¼¶±ğ£ºINFO   
ÈÕÖ¾ÄÚÈİ£º´ò¿ª´®¿Ú

ÈÕÖ¾Ê±¼ä£º2019-07-11 09:28:32,405 
ÈÕÖ¾¼¶±ğ£ºINFO   
ÈÕÖ¾ÄÚÈİ£º´®¿Ú Send Data:System.Byte[]

ÈÕÖ¾Ê±¼ä£º2019-07-11 09:28:33,321 
ÈÕÖ¾¼¶±ğ£ºINFO   
ÈÕÖ¾ÄÚÈİ£º´®¿Ú Send Data:System.Byte[]

ÈÕÖ¾Ê±¼ä£º2019-07-11 09:28:33,775 
ÈÕÖ¾¼¶±ğ£ºINFO   
ÈÕÖ¾ÄÚÈİ£º´®¿Ú Send Data:System.Byte[]

ÈÕÖ¾Ê±¼ä£º2019-07-11 09:28:34,215 
ÈÕÖ¾¼¶±ğ£ºINFO   
ÈÕÖ¾ÄÚÈİ£º´®¿Ú Send Data:System.Byte[]

ÈÕÖ¾Ê±¼ä£º2019-07-11 09:28:34,759 
ÈÕÖ¾¼¶±ğ£ºINFO   
ÈÕÖ¾ÄÚÈİ£º´®¿Ú Send Data:System.Byte[]

ÈÕÖ¾Ê±¼ä£º2019-07-11 09:28:35,255 
ÈÕÖ¾¼¶±ğ£ºINFO   
ÈÕÖ¾ÄÚÈİ£º´®¿Ú Send Data:System.Byte[]

ÈÕÖ¾Ê±¼ä£º2019-07-11 09:28:36,272 
ÈÕÖ¾¼¶±ğ£ºINFO   
ÈÕÖ¾ÄÚÈİ£º´®¿Ú Send Data:System.Byte[]

ÈÕÖ¾Ê±¼ä£º2019-07-11 09:28:37,818 
ÈÕÖ¾¼¶±ğ£ºINFO   
ÈÕÖ¾ÄÚÈİ£º´®¿Ú DataReceived£º¼ÃÄÏÓĞÈËÎïÁªÍø¼¼ÊõÓĞÏŞ¹«Ë¾

ÈÕÖ¾Ê±¼ä£º2019-07-11 09:28:44,970 
ÈÕÖ¾¼¶±ğ£ºINFO   
ÈÕÖ¾ÄÚÈİ£º¹Ø±Õ´®¿Ú

ÈÕÖ¾Ê±¼ä£º2019-07-11 09:28:46,786 
ÈÕÖ¾¼¶±ğ£ºINFO   
ÈÕÖ¾ÄÚÈİ£ºMulti-tool Stop: Closed...

ÈÕÖ¾Ê±¼ä£º2019-07-11 09:28:56,829 
ÈÕÖ¾¼¶±ğ£ºINFO   
ÈÕÖ¾ÄÚÈİ£ºMulti-tool Start: Running...

ÈÕÖ¾Ê±¼ä£º2019-07-11 09:28:59,820 
ÈÕÖ¾¼¶±ğ£ºINFO   
ÈÕÖ¾ÄÚÈİ£ºMulti-tool Stop: Closed...

ÈÕÖ¾Ê±¼ä£º2019-07-11 09:34:17,510 
ÈÕÖ¾¼¶±ğ£ºINFO   
ÈÕÖ¾ÄÚÈİ£ºMulti-tool Start: Running...

ÈÕÖ¾Ê±¼ä£º2019-07-11 09:34:48,819 
ÈÕÖ¾¼¶±ğ£ºINFO   
ÈÕÖ¾ÄÚÈİ£ºUDP Add Connect: 192.168.3.69

ÈÕÖ¾Ê±¼ä£º2019-07-11 09:34:50,389 
ÈÕÖ¾¼¶±ğ£ºINFO   
ÈÕÖ¾ÄÚÈİ£ºUDP Send Date: Test!

ÈÕÖ¾Ê±¼ä£º2019-07-11 09:34:54,433 
ÈÕÖ¾¼¶±ğ£ºINFO   
ÈÕÖ¾ÄÚÈİ£ºUDP Receive Date: 4

ÈÕÖ¾Ê±¼ä£º2019-07-11 09:37:00,496 
ÈÕÖ¾¼¶±ğ£ºINFO   
ÈÕÖ¾ÄÚÈİ£ºMulti-tool Stop: Closed...

ÈÕÖ¾Ê±¼ä£º2019-07-11 09:39:33,962 
ÈÕÖ¾¼¶±ğ£ºINFO   
ÈÕÖ¾ÄÚÈİ£ºMulti-tool Start: Running...

ÈÕÖ¾Ê±¼ä£º2019-07-11 09:40:21,547 
ÈÕÖ¾¼¶±ğ£ºINFO   
ÈÕÖ¾ÄÚÈİ£ºUDP Add Connect: 192.168.3.1

ÈÕÖ¾Ê±¼ä£º2019-07-11 09:40:22,809 
ÈÕÖ¾¼¶±ğ£ºINFO   
ÈÕÖ¾ÄÚÈİ£ºUDP Send Date: Test!

ÈÕÖ¾Ê±¼ä£º2019-07-11 09:40:25,048 
ÈÕÖ¾¼¶±ğ£ºINFO   
ÈÕÖ¾ÄÚÈİ£ºUDP Receive Date: Test!

ÈÕÖ¾Ê±¼ä£º2019-07-11 09:40:44,857 
ÈÕÖ¾¼¶±ğ£ºINFO   
ÈÕÖ¾ÄÚÈİ£ºUDP Add Connect: 192.168.3.69

ÈÕÖ¾Ê±¼ä£º2019-07-11 09:40:46,547 
ÈÕÖ¾¼¶±ğ£ºINFO   
ÈÕÖ¾ÄÚÈİ£ºUDP Send Date: Test!

ÈÕÖ¾Ê±¼ä£º2019-07-11 09:40:53,769 
ÈÕÖ¾¼¶±ğ£ºINFO   
ÈÕÖ¾ÄÚÈİ£ºUDP Receive Date: Test!

ÈÕÖ¾Ê±¼ä£º2019-07-11 09:40:59,075 
ÈÕÖ¾¼¶±ğ£ºINFO   
ÈÕÖ¾ÄÚÈİ£ºUDP Receive Date: Test!

ÈÕÖ¾Ê±¼ä£º2019-07-11 09:41:10,250 
ÈÕÖ¾¼¶±ğ£ºINFO   
ÈÕÖ¾ÄÚÈİ£ºMulti-tool Stop: Closed...

ÈÕÖ¾Ê±¼ä£º2019-07-11 09:41:32,073 
ÈÕÖ¾¼¶±ğ£ºINFO   
ÈÕÖ¾ÄÚÈİ£ºMulti-tool Start: Running...

ÈÕÖ¾Ê±¼ä£º2019-07-11 09:41:35,551 
ÈÕÖ¾¼¶±ğ£ºINFO   
ÈÕÖ¾ÄÚÈİ£ºMulti-tool Stop: Closed...

ÈÕÖ¾Ê±¼ä£º2019-07-11 10:23:49,135 
ÈÕÖ¾¼¶±ğ£ºINFO   
ÈÕÖ¾ÄÚÈİ£ºMulti-tool Start: Running...

ÈÕÖ¾Ê±¼ä£º2019-07-11 10:23:59,941 
ÈÕÖ¾¼¶±ğ£ºINFO   
ÈÕÖ¾ÄÚÈİ£ºMulti-tool Stop: Closed...

ÈÕÖ¾Ê±¼ä£º2019-07-11 10:24:22,909 
ÈÕÖ¾¼¶±ğ£ºINFO   
ÈÕÖ¾ÄÚÈİ£ºMulti-tool Start: Running...

ÈÕÖ¾Ê±¼ä£º2019-07-11 10:25:04,139 
ÈÕÖ¾¼¶±ğ£ºINFO   
ÈÕÖ¾ÄÚÈİ£ºADB Send Date: connect 192.168.3.6

ÈÕÖ¾Ê±¼ä£º2019-07-11 10:25:41,796 
ÈÕÖ¾¼¶±ğ£ºINFO   
ÈÕÖ¾ÄÚÈİ£ºADB Send Date: connect 192.168.3.6

ÈÕÖ¾Ê±¼ä£º2019-07-11 10:26:23,808 
ÈÕÖ¾¼¶±ğ£ºINFO   
ÈÕÖ¾ÄÚÈİ£ºMulti-tool Stop: Closed...

ÈÕÖ¾Ê±¼ä£º2019-07-11 10:26:37,885 
ÈÕÖ¾¼¶±ğ£ºINFO   
ÈÕÖ¾ÄÚÈİ£ºMulti-tool Start: Running...

ÈÕÖ¾Ê±¼ä£º2019-07-11 10:26:50,003 
ÈÕÖ¾¼¶±ğ£ºINFO   
ÈÕÖ¾ÄÚÈİ£ºADB Send Date: connect 192.168.3.6

ÈÕÖ¾Ê±¼ä£º2019-07-11 10:27:37,498 
ÈÕÖ¾¼¶±ğ£ºINFO   
ÈÕÖ¾ÄÚÈİ£ºADB Send Date: connect 192.168.3.6

ÈÕÖ¾Ê±¼ä£º2019-07-11 10:29:38,386 
ÈÕÖ¾¼¶±ğ£ºINFO   
ÈÕÖ¾ÄÚÈİ£ºMulti-tool Stop: Closed...

ÈÕÖ¾Ê±¼ä£º2019-07-11 10:39:16,421 
ÈÕÖ¾¼¶±ğ£ºINFO   
ÈÕÖ¾ÄÚÈİ£ºMulti-tool Start: Running...

ÈÕÖ¾Ê±¼ä£º2019-07-11 10:39:29,288 
ÈÕÖ¾¼¶±ğ£ºINFO   
ÈÕÖ¾ÄÚÈİ£ºADB Send Date: connect 192.168.3.6

ÈÕÖ¾Ê±¼ä£º2019-07-11 10:43:14,769 
ÈÕÖ¾¼¶±ğ£ºINFO   
ÈÕÖ¾ÄÚÈİ£ºMulti-tool Stop: Closed...

ÈÕÖ¾Ê±¼ä£º2019-07-11 10:46:06,619 
ÈÕÖ¾¼¶±ğ£ºINFO   
ÈÕÖ¾ÄÚÈİ£ºMulti-tool Start: Running...

ÈÕÖ¾Ê±¼ä£º2019-07-11 10:46:24,924 
ÈÕÖ¾¼¶±ğ£ºINFO   
ÈÕÖ¾ÄÚÈİ£ºMulti-tool Stop: Closed...

ÈÕÖ¾Ê±¼ä£º2019-07-11 10:46:52,931 
ÈÕÖ¾¼¶±ğ£ºINFO   
ÈÕÖ¾ÄÚÈİ£ºMulti-tool Start: Running...

ÈÕÖ¾Ê±¼ä£º2019-07-11 10:47:06,695 
ÈÕÖ¾¼¶±ğ£ºINFO   
ÈÕÖ¾ÄÚÈİ£ºMulti-tool Stop: Closed...

ÈÕÖ¾Ê±¼ä£º2019-07-11 10:47:39,039 
ÈÕÖ¾¼¶±ğ£ºINFO   
ÈÕÖ¾ÄÚÈİ£ºMulti-tool Start: Running...

ÈÕÖ¾Ê±¼ä£º2019-07-11 10:47:50,752 
ÈÕÖ¾¼¶±ğ£ºINFO   
ÈÕÖ¾ÄÚÈİ£ºMulti-tool Stop: Closed...

ÈÕÖ¾Ê±¼ä£º2019-07-11 10:48:21,825 
ÈÕÖ¾¼¶±ğ£ºINFO   
ÈÕÖ¾ÄÚÈİ£ºMulti-tool Start: Running...

ÈÕÖ¾Ê±¼ä£º2019-07-11 10:49:16,378 
ÈÕÖ¾¼¶±ğ£ºINFO   
ÈÕÖ¾ÄÚÈİ£ºMulti-tool Stop: Closed...

ÈÕÖ¾Ê±¼ä£º2019-07-11 10:49:45,405 
ÈÕÖ¾¼¶±ğ£ºINFO   
ÈÕÖ¾ÄÚÈİ£ºMulti-tool Start: Running...

ÈÕÖ¾Ê±¼ä£º2019-07-11 10:50:09,209 
ÈÕÖ¾¼¶±ğ£ºINFO   
ÈÕÖ¾ÄÚÈİ£ºMulti-tool Stop: Closed...

ÈÕÖ¾Ê±¼ä£º2019-07-11 11:04:31,532 
ÈÕÖ¾¼¶±ğ£ºINFO   
ÈÕÖ¾ÄÚÈİ£ºMulti-tool Start: Running...

ÈÕÖ¾Ê±¼ä£º2019-07-11 11:06:12,679 
ÈÕÖ¾¼¶±ğ£ºINFO   
ÈÕÖ¾ÄÚÈİ£ºMulti-tool Stop: Closed...

ÈÕÖ¾Ê±¼ä£º2019-07-11 11:11:32,186 
ÈÕÖ¾¼¶±ğ£ºINFO   
ÈÕÖ¾ÄÚÈİ£ºMulti-tool Start: Running...

ÈÕÖ¾Ê±¼ä£º2019-07-11 11:13:44,331 
ÈÕÖ¾¼¶±ğ£ºINFO   
ÈÕÖ¾ÄÚÈİ£ºMulti-tool Stop: Closed...

ÈÕÖ¾Ê±¼ä£º2019-07-11 11:40:58,187 
ÈÕÖ¾¼¶±ğ£ºINFO   
ÈÕÖ¾ÄÚÈİ£ºMulti-tool Start: Running...

ÈÕÖ¾Ê±¼ä£º2019-07-11 11:41:03,074 
ÈÕÖ¾¼¶±ğ£ºINFO   
ÈÕÖ¾ÄÚÈİ£ºTCP Server Connect: open

ÈÕÖ¾Ê±¼ä£º2019-07-11 11:41:36,199 
ÈÕÖ¾¼¶±ğ£ºINFO   
ÈÕÖ¾ÄÚÈİ£ºTCP Server Connect: close

ÈÕÖ¾Ê±¼ä£º2019-07-11 11:41:45,464 
ÈÕÖ¾¼¶±ğ£ºINFO   
ÈÕÖ¾ÄÚÈİ£ºTCP Server Connect: open

ÈÕÖ¾Ê±¼ä£º2019-07-11 11:41:47,583 
ÈÕÖ¾¼¶±ğ£ºINFO   
ÈÕÖ¾ÄÚÈİ£ºTCP Server Connect: close

ÈÕÖ¾Ê±¼ä£º2019-07-11 11:41:50,334 
ÈÕÖ¾¼¶±ğ£ºINFO   
ÈÕÖ¾ÄÚÈİ£ºMulti-tool Stop: Closed...

ÈÕÖ¾Ê±¼ä£º2019-07-11 14:06:13,692 
ÈÕÖ¾¼¶±ğ£ºINFO   
ÈÕÖ¾ÄÚÈİ£ºMulti-tool Start: Running...

ÈÕÖ¾Ê±¼ä£º2019-07-11 14:08:06,769 
ÈÕÖ¾¼¶±ğ£ºINFO   
ÈÕÖ¾ÄÚÈİ£ºTCP Server Connect: open

ÈÕÖ¾Ê±¼ä£º2019-07-11 14:08:41,627 
ÈÕÖ¾¼¶±ğ£ºINFO   
ÈÕÖ¾ÄÚÈİ£ºTCP Server Send date:Test!

ÈÕÖ¾Ê±¼ä£º2019-07-11 14:08:54,690 
ÈÕÖ¾¼¶±ğ£ºINFO   
ÈÕÖ¾ÄÚÈİ£ºTCP Server Send date:Test!

ÈÕÖ¾Ê±¼ä£º2019-07-11 14:09:48,336 
ÈÕÖ¾¼¶±ğ£ºINFO   
ÈÕÖ¾ÄÚÈİ£ºTCP Server Received: http://www.usr.cn

ÈÕÖ¾Ê±¼ä£º2019-07-11 14:10:36,258 
ÈÕÖ¾¼¶±ğ£ºINFO   
ÈÕÖ¾ÄÚÈİ£ºTCP Server Received: !!

ÈÕÖ¾Ê±¼ä£º2019-07-11 14:11:32,423 
ÈÕÖ¾¼¶±ğ£ºINFO   
ÈÕÖ¾ÄÚÈİ£ºTCP Server Received: ÿÿÿÿ

ÈÕÖ¾Ê±¼ä£º2019-07-11 14:11:50,602 
ÈÕÖ¾¼¶±ğ£ºINFO   
ÈÕÖ¾ÄÚÈİ£ºTCP Server Send date:Test!

ÈÕÖ¾Ê±¼ä£º2019-07-11 14:12:28,802 
ÈÕÖ¾¼¶±ğ£ºINFO   
ÈÕÖ¾ÄÚÈİ£ºTCP Server Send date:Test!

ÈÕÖ¾Ê±¼ä£º2019-07-11 14:12:29,868 
ÈÕÖ¾¼¶±ğ£ºINFO   
ÈÕÖ¾ÄÚÈİ£ºTCP Server Send date:Test!

ÈÕÖ¾Ê±¼ä£º2019-07-11 14:13:54,526 
ÈÕÖ¾¼¶±ğ£ºINFO   
ÈÕÖ¾ÄÚÈİ£ºMulti-tool Stop: Closed...

ÈÕÖ¾Ê±¼ä£º2019-07-11 14:16:06,051 
ÈÕÖ¾¼¶±ğ£ºINFO   
ÈÕÖ¾ÄÚÈİ£ºMulti-tool Start: Running...

ÈÕÖ¾Ê±¼ä£º2019-07-11 14:17:08,301 
ÈÕÖ¾¼¶±ğ£ºINFO   
ÈÕÖ¾ÄÚÈİ£ºMulti-tool Stop: Closed...

ÈÕÖ¾Ê±¼ä£º2019-07-11 14:21:04,620 
ÈÕÖ¾¼¶±ğ£ºINFO   
ÈÕÖ¾ÄÚÈİ£ºMulti-tool Start: Running...

ÈÕÖ¾Ê±¼ä£º2019-07-11 14:21:07,781 
ÈÕÖ¾¼¶±ğ£ºINFO   
ÈÕÖ¾ÄÚÈİ£ºMulti-tool Stop: Closed...

ÈÕÖ¾Ê±¼ä£º2019-07-11 14:22:53,425 
ÈÕÖ¾¼¶±ğ£ºINFO   
ÈÕÖ¾ÄÚÈİ£ºMulti-tool Start: Running...

ÈÕÖ¾Ê±¼ä£º2019-07-11 14:23:44,296 
ÈÕÖ¾¼¶±ğ£ºINFO   
ÈÕÖ¾ÄÚÈİ£ºMulti-tool Stop: Closed...

ÈÕÖ¾Ê±¼ä£º2019-07-11 14:24:15,020 
ÈÕÖ¾¼¶±ğ£ºINFO   
ÈÕÖ¾ÄÚÈİ£ºMulti-tool Start: Running...

ÈÕÖ¾Ê±¼ä£º2019-07-11 14:24:27,252 
ÈÕÖ¾¼¶±ğ£ºINFO   
ÈÕÖ¾ÄÚÈİ£ºMulti-tool Stop: Closed...

ÈÕÖ¾Ê±¼ä£º2019-07-11 14:24:56,454 
ÈÕÖ¾¼¶±ğ£ºINFO   
ÈÕÖ¾ÄÚÈİ£ºMulti-tool Start: Running...

ÈÕÖ¾Ê±¼ä£º2019-07-11 14:25:13,878 
ÈÕÖ¾¼¶±ğ£ºINFO   
ÈÕÖ¾ÄÚÈİ£ºMulti-tool Stop: Closed...

ÈÕÖ¾Ê±¼ä£º2019-07-11 14:25:38,320 
ÈÕÖ¾¼¶±ğ£ºINFO   
ÈÕÖ¾ÄÚÈİ£ºMulti-tool Start: Running...

ÈÕÖ¾Ê±¼ä£º2019-07-11 14:26:36,455 
ÈÕÖ¾¼¶±ğ£ºINFO   
ÈÕÖ¾ÄÚÈİ£ºMulti-tool Stop: Closed...

ÈÕÖ¾Ê±¼ä£º2019-07-11 14:28:35,868 
ÈÕÖ¾¼¶±ğ£ºINFO   
ÈÕÖ¾ÄÚÈİ£ºMulti-tool Start: Running...

ÈÕÖ¾Ê±¼ä£º2019-07-11 14:29:09,655 
ÈÕÖ¾¼¶±ğ£ºINFO   
ÈÕÖ¾ÄÚÈİ£ºMulti-tool Stop: Closed...

ÈÕÖ¾Ê±¼ä£º2019-07-11 14:36:11,179 
ÈÕÖ¾¼¶±ğ£ºINFO   
ÈÕÖ¾ÄÚÈİ£ºMulti-tool Start: Running...

ÈÕÖ¾Ê±¼ä£º2019-07-11 14:37:20,475 
ÈÕÖ¾¼¶±ğ£ºINFO   
ÈÕÖ¾ÄÚÈİ£ºMulti-tool Stop: Closed...

ÈÕÖ¾Ê±¼ä£º2019-07-11 14:43:02,287 
ÈÕÖ¾¼¶±ğ£ºINFO   
ÈÕÖ¾ÄÚÈİ£ºMulti-tool Start: Running...

ÈÕÖ¾Ê±¼ä£º2019-07-11 14:43:07,570 
ÈÕÖ¾¼¶±ğ£ºINFO   
ÈÕÖ¾ÄÚÈİ£ºMulti-tool Stop: Closed...

ÈÕÖ¾Ê±¼ä£º2019-07-11 14:53:52,804 
ÈÕÖ¾¼¶±ğ£ºINFO   
ÈÕÖ¾ÄÚÈİ£ºMulti-tool Start: Running...

ÈÕÖ¾Ê±¼ä£º2019-07-11 14:53:56,278 
ÈÕÖ¾¼¶±ğ£ºINFO   
ÈÕÖ¾ÄÚÈİ£ºMulti-tool Stop: Closed...

ÈÕÖ¾Ê±¼ä£º2019-07-11 18:39:49,317 
ÈÕÖ¾¼¶±ğ£ºINFO   
ÈÕÖ¾ÄÚÈİ£ºMulti-tool Start: Running...

ÈÕÖ¾Ê±¼ä£º2019-07-11 18:40:02,837 
ÈÕÖ¾¼¶±ğ£ºINFO   
ÈÕÖ¾ÄÚÈİ£ºMulti-tool Stop: Closed...

ÈÕÖ¾Ê±¼ä£º2019-07-11 18:43:49,380 
ÈÕÖ¾¼¶±ğ£ºINFO   
ÈÕÖ¾ÄÚÈİ£ºMulti-tool Start: Running...

ÈÕÖ¾Ê±¼ä£º2019-07-11 18:44:04,695 
ÈÕÖ¾¼¶±ğ£ºINFO   
ÈÕÖ¾ÄÚÈİ£ºMulti-tool Stop: Closed...

ÈÕÖ¾Ê±¼ä£º2019-07-11 18:44:42,345 
ÈÕÖ¾¼¶±ğ£ºINFO   
ÈÕÖ¾ÄÚÈİ£ºMulti-tool Start: Running...

ÈÕÖ¾Ê±¼ä£º2019-07-11 18:45:27,183 
ÈÕÖ¾¼¶±ğ£ºINFO   
ÈÕÖ¾ÄÚÈİ£ºMulti-tool Stop: Closed...

ÈÕÖ¾Ê±¼ä£º2019-07-11 20:32:31,956 
ÈÕÖ¾¼¶±ğ£ºINFO   
ÈÕÖ¾ÄÚÈİ£ºMulti-tool Start: Running...

ÈÕÖ¾Ê±¼ä£º2019-07-11 20:33:06,474 
ÈÕÖ¾¼¶±ğ£ºINFO   
ÈÕÖ¾ÄÚÈİ£ºMulti-tool Stop: Closed...

ÈÕÖ¾Ê±¼ä£º2019-07-11 20:34:34,813 
ÈÕÖ¾¼¶±ğ£ºINFO   
ÈÕÖ¾ÄÚÈİ£ºMulti-tool Start: Running...

ÈÕÖ¾Ê±¼ä£º2019-07-11 20:35:06,560 
ÈÕÖ¾¼¶±ğ£ºINFO   
ÈÕÖ¾ÄÚÈİ£ºMulti-tool Stop: Closed...

ÈÕÖ¾Ê±¼ä£º2019-07-11 20:36:55,213 
ÈÕÖ¾¼¶±ğ£ºINFO   
ÈÕÖ¾ÄÚÈİ£ºMulti-tool Start: Running...

ÈÕÖ¾Ê±¼ä£º2019-07-11 20:48:38,056 
ÈÕÖ¾¼¶±ğ£ºINFO   
ÈÕÖ¾ÄÚÈİ£ºMulti-tool Start: Running...

ÈÕÖ¾Ê±¼ä£º2019-07-11 20:51:14,422 
ÈÕÖ¾¼¶±ğ£ºINFO   
ÈÕÖ¾ÄÚÈİ£ºMulti-tool Start: Running...

