日志时间：2019-07-10 09:46:14,018 
日志级别：INFO   
日志内容：Multi-tool Start: Running...

日志时间：2019-07-10 09:46:18,976 
日志级别：INFO   
日志内容：TCP Server Connect: open

日志时间：2019-07-10 09:46:37,449 
日志级别：INFO   
日志内容：TCP Server Received: http://www.usr.cn

日志时间：2019-07-10 09:47:08,009 
日志级别：INFO   
日志内容：TCP Server Connect: close

日志时间：2019-07-10 09:47:12,361 
日志级别：INFO   
日志内容：Multi-tool Stop: Closed...

日志时间：2019-07-10 09:56:51,847 
日志级别：INFO   
日志内容：Multi-tool Start: Running...

日志时间：2019-07-10 09:57:11,246 
日志级别：INFO   
日志内容：TCP Server Connect: open

日志时间：2019-07-10 09:57:15,006 
日志级别：INFO   
日志内容：TCP Server Received: http://www.usr.cn

日志时间：2019-07-10 09:57:40,214 
日志级别：INFO   
日志内容：Multi-tool Stop: Closed...

日志时间：2019-07-10 09:58:09,601 
日志级别：INFO   
日志内容：Multi-tool Start: Running...

日志时间：2019-07-10 09:58:12,877 
日志级别：INFO   
日志内容：TCP Server Connect: open

日志时间：2019-07-10 09:58:15,076 
日志级别：INFO   
日志内容：TCP Server Received: http://www.usr.cn

日志时间：2019-07-10 09:58:49,114 
日志级别：INFO   
日志内容：TCP Server Connect: close

日志时间：2019-07-10 09:58:50,580 
日志级别：INFO   
日志内容：Multi-tool Stop: Closed...

日志时间：2019-07-10 10:14:29,984 
日志级别：INFO   
日志内容：Multi-tool Start: Running...

日志时间：2019-07-10 10:14:33,813 
日志级别：INFO   
日志内容：TCP Server Connect: open

日志时间：2019-07-10 10:14:39,090 
日志级别：INFO   
日志内容：TCP Server Received: http://www.usr.cn

日志时间：2019-07-10 10:15:09,133 
日志级别：INFO   
日志内容：TCP Server Connect: close

日志时间：2019-07-10 10:15:10,272 
日志级别：INFO   
日志内容：Multi-tool Stop: Closed...

日志时间：2019-07-10 10:16:47,969 
日志级别：INFO   
日志内容：Multi-tool Start: Running...

日志时间：2019-07-10 10:16:51,195 
日志级别：INFO   
日志内容：TCP Server Connect: open

日志时间：2019-07-10 10:17:10,921 
日志级别：INFO   
日志内容：Multi-tool Stop: Closed...

日志时间：2019-07-10 10:17:21,442 
日志级别：INFO   
日志内容：Multi-tool Start: Running...

日志时间：2019-07-10 10:17:24,760 
日志级别：INFO   
日志内容：TCP Server Connect: open

日志时间：2019-07-10 10:17:34,151 
日志级别：INFO   
日志内容：TCP Server Received: http://www.usr.cn

日志时间：2019-07-10 10:17:52,621 
日志级别：INFO   
日志内容：Multi-tool Stop: Closed...

日志时间：2019-07-10 10:18:02,632 
日志级别：INFO   
日志内容：Multi-tool Start: Running...

日志时间：2019-07-10 10:18:05,273 
日志级别：INFO   
日志内容：TCP Server Connect: open

日志时间：2019-07-10 10:18:07,916 
日志级别：INFO   
日志内容：TCP Server Received: http://www.usr.cn

日志时间：2019-07-10 10:19:02,854 
日志级别：INFO   
日志内容：TCP Server Received: http://www.usr.cn

日志时间：2019-07-10 10:19:58,438 
日志级别：INFO   
日志内容：TCP Server Connect: close

日志时间：2019-07-10 10:19:59,820 
日志级别：INFO   
日志内容：Multi-tool Stop: Closed...

日志时间：2019-07-10 10:25:42,076 
日志级别：INFO   
日志内容：Multi-tool Start: Running...

日志时间：2019-07-10 10:25:46,227 
日志级别：INFO   
日志内容：TCP Server Connect: open

日志时间：2019-07-10 10:26:02,373 
日志级别：INFO   
日志内容：TCP Server Received: http://www.usr.cn

日志时间：2019-07-10 10:26:05,071 
日志级别：INFO   
日志内容：TCP Server Received: http://www.usr.cn

日志时间：2019-07-10 10:26:16,457 
日志级别：INFO   
日志内容：TCP Server Received: http://www.usr.cn

日志时间：2019-07-10 10:28:28,077 
日志级别：INFO   
日志内容：Multi-tool Start: Running...

日志时间：2019-07-10 10:28:31,086 
日志级别：INFO   
日志内容：TCP Server Connect: open

日志时间：2019-07-10 10:28:39,433 
日志级别：INFO   
日志内容：TCP Server Received: http://www.usr.cn

日志时间：2019-07-10 10:28:41,601 
日志级别：INFO   
日志内容：TCP Server Received: http://www.usr.cn

日志时间：2019-07-10 10:28:49,526 
日志级别：INFO   
日志内容：TCP Server Connect: close

日志时间：2019-07-10 10:28:59,571 
日志级别：INFO   
日志内容：TCP Server Connect: open

日志时间：2019-07-10 10:29:02,433 
日志级别：INFO   
日志内容：TCP Server Received: http://www.usr.cn

日志时间：2019-07-10 10:29:05,155 
日志级别：INFO   
日志内容：TCP Server Received: http://www.usr.cn

日志时间：2019-07-10 10:29:18,258 
日志级别：INFO   
日志内容：TCP Server Received: http://www.usr.cn

日志时间：2019-07-10 10:29:40,909 
日志级别：INFO   
日志内容：Multi-tool Start: Running...

日志时间：2019-07-10 10:29:44,766 
日志级别：INFO   
日志内容：TCP Server Connect: open

日志时间：2019-07-10 10:29:50,772 
日志级别：INFO   
日志内容：TCP Server Received: http://www.usr.cn

日志时间：2019-07-10 10:29:59,554 
日志级别：INFO   
日志内容：TCP Server Received: http://www.usr.cn

日志时间：2019-07-10 10:30:00,755 
日志级别：INFO   
日志内容：TCP Server Received: http://www.usr.cn

日志时间：2019-07-10 10:30:02,846 
日志级别：INFO   
日志内容：TCP Server Received: http://www.usr.cn

日志时间：2019-07-10 10:30:05,825 
日志级别：INFO   
日志内容：TCP Server Received: http://www.usr.cn

日志时间：2019-07-10 10:30:08,555 
日志级别：INFO   
日志内容：TCP Server Received: http://www.usr.cn

日志时间：2019-07-10 10:30:10,161 
日志级别：INFO   
日志内容：TCP Server Received: http://www.usr.cn

日志时间：2019-07-10 10:30:21,502 
日志级别：INFO   
日志内容：TCP Server Received: http://www.usr.cn

日志时间：2019-07-10 10:30:22,703 
日志级别：INFO   
日志内容：TCP Server Received: http://www.usr.cn

日志时间：2019-07-10 10:30:23,561 
日志级别：INFO   
日志内容：TCP Server Received: http://www.usr.cn

日志时间：2019-07-10 10:30:24,310 
日志级别：INFO   
日志内容：TCP Server Received: http://www.usr.cn

日志时间：2019-07-10 10:30:25,168 
日志级别：INFO   
日志内容：TCP Server Received: http://www.usr.cn

日志时间：2019-07-10 10:30:25,682 
日志级别：INFO   
日志内容：TCP Server Received: http://www.usr.cn

日志时间：2019-07-10 10:31:23,395 
日志级别：INFO   
日志内容：Multi-tool Start: Running...

日志时间：2019-07-10 10:31:26,175 
日志级别：INFO   
日志内容：TCP Server Connect: open

日志时间：2019-07-10 10:31:29,935 
日志级别：INFO   
日志内容：TCP Server Received: http://www.usr.cn

日志时间：2019-07-10 10:31:36,324 
日志级别：INFO   
日志内容：TCP Server Received: http://www.usr.cn

日志时间：2019-07-10 10:31:46,466 
日志级别：INFO   
日志内容：TCP Server Received: http://www.usr.cn

日志时间：2019-07-10 10:31:49,283 
日志级别：INFO   
日志内容：TCP Server Received: http://www.usr.cn

日志时间：2019-07-10 10:33:37,367 
日志级别：INFO   
日志内容：Multi-tool Stop: Closed...

日志时间：2019-07-10 10:33:58,079 
日志级别：INFO   
日志内容：Multi-tool Start: Running...

日志时间：2019-07-10 10:34:01,148 
日志级别：INFO   
日志内容：TCP Server Connect: open

日志时间：2019-07-10 10:34:03,520 
日志级别：INFO   
日志内容：TCP Server Received: http://www.usr.cn

日志时间：2019-07-10 10:34:10,227 
日志级别：INFO   
日志内容：TCP Server Received: http://www.usr.cn

日志时间：2019-07-10 10:34:32,269 
日志级别：INFO   
日志内容：Multi-tool Stop: Closed...

日志时间：2019-07-10 10:36:04,501 
日志级别：INFO   
日志内容：Multi-tool Start: Running...

日志时间：2019-07-10 10:36:09,053 
日志级别：INFO   
日志内容：TCP Server Connect: open

日志时间：2019-07-10 10:36:11,473 
日志级别：INFO   
日志内容：TCP Server Received: http://www.usr.cn

日志时间：2019-07-10 10:36:20,317 
日志级别：INFO   
日志内容：TCP Server Received: http://www.usr.cn

日志时间：2019-07-10 10:36:55,962 
日志级别：INFO   
日志内容：Multi-tool Stop: Closed...

日志时间：2019-07-10 10:39:40,869 
日志级别：INFO   
日志内容：Multi-tool Start: Running...

日志时间：2019-07-10 10:39:43,823 
日志级别：INFO   
日志内容：TCP Server Connect: open

日志时间：2019-07-10 10:39:47,507 
日志级别：INFO   
日志内容：TCP Server Received: http://www.usr.cn

日志时间：2019-07-10 10:39:57,803 
日志级别：INFO   
日志内容：TCP Server Received: http://www.usr.cn

日志时间：2019-07-10 10:40:06,819 
日志级别：INFO   
日志内容：Multi-tool Stop: Closed...

日志时间：2019-07-10 10:40:34,313 
日志级别：INFO   
日志内容：Multi-tool Start: Running...

日志时间：2019-07-10 10:40:38,472 
日志级别：INFO   
日志内容：TCP Server Connect: open

日志时间：2019-07-10 10:40:41,686 
日志级别：INFO   
日志内容：TCP Server Received: http://www.usr.cn

日志时间：2019-07-10 10:41:04,882 
日志级别：INFO   
日志内容：TCP Server Received: http://www.usr.cn

日志时间：2019-07-10 10:41:15,771 
日志级别：INFO   
日志内容：Multi-tool Stop: Closed...

日志时间：2019-07-10 10:53:12,513 
日志级别：INFO   
日志内容：Multi-tool Start: Running...

日志时间：2019-07-10 10:53:24,924 
日志级别：INFO   
日志内容：Multi-tool Stop: Closed...

日志时间：2019-07-10 10:55:13,341 
日志级别：INFO   
日志内容：Multi-tool Start: Running...

日志时间：2019-07-10 10:55:16,950 
日志级别：INFO   
日志内容：Multi-tool Stop: Closed...

日志时间：2019-07-10 11:46:36,597 
日志级别：INFO   
日志内容：Multi-tool Start: Running...

日志时间：2019-07-10 11:46:46,875 
日志级别：INFO   
日志内容：Multi-tool Stop: Closed...

日志时间：2019-07-10 11:48:36,025 
日志级别：INFO   
日志内容：Multi-tool Start: Running...

日志时间：2019-07-10 11:48:54,202 
日志级别：INFO   
日志内容：Multi-tool Stop: Closed...

日志时间：2019-07-10 11:49:09,882 
日志级别：INFO   
日志内容：Multi-tool Start: Running...

日志时间：2019-07-10 11:49:20,944 
日志级别：INFO   
日志内容：Multi-tool Stop: Closed...

日志时间：2019-07-10 14:02:04,217 
日志级别：INFO   
日志内容：Multi-tool Start: Running...

日志时间：2019-07-10 14:04:02,854 
日志级别：INFO   
日志内容：Multi-tool Stop: Closed...

日志时间：2019-07-10 14:04:29,618 
日志级别：INFO   
日志内容：Multi-tool Start: Running...

日志时间：2019-07-10 14:05:08,297 
日志级别：INFO   
日志内容：Multi-tool Stop: Closed...

日志时间：2019-07-10 14:07:29,873 
日志级别：INFO   
日志内容：Multi-tool Start: Running...

日志时间：2019-07-10 14:07:55,760 
日志级别：INFO   
日志内容：Multi-tool Stop: Closed...

日志时间：2019-07-10 14:10:07,045 
日志级别：INFO   
日志内容：Multi-tool Start: Running...

日志时间：2019-07-10 14:11:05,843 
日志级别：INFO   
日志内容：Multi-tool Stop: Closed...

日志时间：2019-07-10 14:13:17,894 
日志级别：INFO   
日志内容：Multi-tool Start: Running...

日志时间：2019-07-10 14:13:32,606 
日志级别：INFO   
日志内容：打开串口

日志时间：2019-07-10 14:13:36,277 
日志级别：INFO   
日志内容：关闭串口

日志时间：2019-07-10 14:13:47,615 
日志级别：INFO   
日志内容：Multi-tool Stop: Closed...

日志时间：2019-07-10 14:14:23,808 
日志级别：INFO   
日志内容：Multi-tool Start: Running...

日志时间：2019-07-10 14:14:38,066 
日志级别：INFO   
日志内容：打开串口

日志时间：2019-07-10 14:14:45,600 
日志级别：INFO   
日志内容：串口 DataReceived：济南有人物联网技术有限公司

日志时间：2019-07-10 14:14:46,157 
日志级别：INFO   
日志内容：串口 DataReceived：济南有人物联网技术有限公司

日志时间：2019-07-10 14:14:47,916 
日志级别：INFO   
日志内容：串口 DataReceived：济南有人物联网技术有限公司

日志时间：2019-07-10 14:15:05,313 
日志级别：INFO   
日志内容：Multi-tool Stop: Closed...

日志时间：2019-07-10 14:15:53,925 
日志级别：INFO   
日志内容：Multi-tool Start: Running...

日志时间：2019-07-10 14:16:18,971 
日志级别：INFO   
日志内容：Multi-tool Stop: Closed...

日志时间：2019-07-10 14:17:23,097 
日志级别：INFO   
日志内容：Multi-tool Start: Running...

日志时间：2019-07-10 14:17:28,313 
日志级别：INFO   
日志内容：打开串口

日志时间：2019-07-10 14:17:29,807 
日志级别：INFO   
日志内容：串口 Send Data:System.Byte[]

日志时间：2019-07-10 14:17:35,146 
日志级别：INFO   
日志内容：串口 Send Data:System.Byte[]

日志时间：2019-07-10 14:17:35,761 
日志级别：INFO   
日志内容：串口 Send Data:System.Byte[]

日志时间：2019-07-10 14:17:36,861 
日志级别：INFO   
日志内容：串口 Send Data:System.Byte[]

日志时间：2019-07-10 14:17:37,889 
日志级别：INFO   
日志内容：串口 Send Data:System.Byte[]

日志时间：2019-07-10 14:17:38,935 
日志级别：INFO   
日志内容：串口 Send Data:System.Byte[]

日志时间：2019-07-10 14:17:39,841 
日志级别：INFO   
日志内容：串口 Send Data:System.Byte[]

日志时间：2019-07-10 14:17:40,601 
日志级别：INFO   
日志内容：串口 Send Data:System.Byte[]

日志时间：2019-07-10 14:17:41,313 
日志级别：INFO   
日志内容：串口 Send Data:System.Byte[]

日志时间：2019-07-10 14:17:42,033 
日志级别：INFO   
日志内容：串口 Send Data:System.Byte[]

日志时间：2019-07-10 14:17:42,681 
日志级别：INFO   
日志内容：串口 Send Data:System.Byte[]

日志时间：2019-07-10 14:17:43,268 
日志级别：INFO   
日志内容：串口 Send Data:System.Byte[]

日志时间：2019-07-10 14:17:43,858 
日志级别：INFO   
日志内容：串口 Send Data:System.Byte[]

日志时间：2019-07-10 14:17:44,441 
日志级别：INFO   
日志内容：串口 Send Data:System.Byte[]

日志时间：2019-07-10 14:17:45,008 
日志级别：INFO   
日志内容：串口 Send Data:System.Byte[]

日志时间：2019-07-10 14:17:45,602 
日志级别：INFO   
日志内容：串口 Send Data:System.Byte[]

日志时间：2019-07-10 14:17:46,112 
日志级别：INFO   
日志内容：串口 Send Data:System.Byte[]

日志时间：2019-07-10 14:17:47,498 
日志级别：INFO   
日志内容：串口 Send Data:System.Byte[]

日志时间：2019-07-10 14:17:51,856 
日志级别：INFO   
日志内容：Multi-tool Stop: Closed...

日志时间：2019-07-10 14:20:44,554 
日志级别：INFO   
日志内容：Multi-tool Start: Running...

日志时间：2019-07-10 14:20:49,261 
日志级别：INFO   
日志内容：打开串口

日志时间：2019-07-10 14:20:57,213 
日志级别：INFO   
日志内容：串口 Send Data:System.Byte[]

日志时间：2019-07-10 14:20:58,170 
日志级别：INFO   
日志内容：串口 Send Data:System.Byte[]

日志时间：2019-07-10 14:20:59,481 
日志级别：INFO   
日志内容：串口 Send Data:System.Byte[]

日志时间：2019-07-10 14:21:00,320 
日志级别：INFO   
日志内容：串口 Send Data:System.Byte[]

日志时间：2019-07-10 14:21:01,616 
日志级别：INFO   
日志内容：串口 Send Data:System.Byte[]

日志时间：2019-07-10 14:21:02,144 
日志级别：INFO   
日志内容：串口 Send Data:System.Byte[]

日志时间：2019-07-10 14:21:02,465 
日志级别：INFO   
日志内容：串口 Send Data:System.Byte[]

日志时间：2019-07-10 14:21:02,769 
日志级别：INFO   
日志内容：串口 Send Data:System.Byte[]

日志时间：2019-07-10 14:21:03,640 
日志级别：INFO   
日志内容：串口 Send Data:System.Byte[]

日志时间：2019-07-10 14:21:03,824 
日志级别：INFO   
日志内容：串口 Send Data:System.Byte[]

日志时间：2019-07-10 14:21:04,280 
日志级别：INFO   
日志内容：串口 Send Data:System.Byte[]

日志时间：2019-07-10 14:21:04,918 
日志级别：INFO   
日志内容：串口 Send Data:System.Byte[]

日志时间：2019-07-10 14:21:31,513 
日志级别：INFO   
日志内容：串口 Send Data:System.Byte[]

日志时间：2019-07-10 14:21:32,459 
日志级别：INFO   
日志内容：串口 Send Data:System.Byte[]

日志时间：2019-07-10 14:21:32,696 
日志级别：INFO   
日志内容：串口 Send Data:System.Byte[]

日志时间：2019-07-10 14:21:32,896 
日志级别：INFO   
日志内容：串口 Send Data:System.Byte[]

日志时间：2019-07-10 14:21:33,672 
日志级别：INFO   
日志内容：串口 Send Data:System.Byte[]

日志时间：2019-07-10 14:21:38,018 
日志级别：INFO   
日志内容：串口 Send Data:System.Byte[]

日志时间：2019-07-10 14:21:38,971 
日志级别：INFO   
日志内容：串口 Send Data:System.Byte[]

日志时间：2019-07-10 14:21:40,457 
日志级别：INFO   
日志内容：串口 Send Data:System.Byte[]

日志时间：2019-07-10 14:21:41,456 
日志级别：INFO   
日志内容：串口 Send Data:System.Byte[]

日志时间：2019-07-10 14:21:41,816 
日志级别：INFO   
日志内容：串口 Send Data:System.Byte[]

日志时间：2019-07-10 14:21:42,112 
日志级别：INFO   
日志内容：串口 Send Data:System.Byte[]

日志时间：2019-07-10 14:21:42,356 
日志级别：INFO   
日志内容：串口 Send Data:System.Byte[]

日志时间：2019-07-10 14:21:42,536 
日志级别：INFO   
日志内容：串口 Send Data:System.Byte[]

日志时间：2019-07-10 14:22:00,824 
日志级别：INFO   
日志内容：串口 Send Data:System.Byte[]

日志时间：2019-07-10 14:22:01,233 
日志级别：INFO   
日志内容：串口 Send Data:System.Byte[]

日志时间：2019-07-10 14:22:01,560 
日志级别：INFO   
日志内容：串口 Send Data:System.Byte[]

日志时间：2019-07-10 14:22:01,768 
日志级别：INFO   
日志内容：串口 Send Data:System.Byte[]

日志时间：2019-07-10 14:22:03,440 
日志级别：INFO   
日志内容：串口 Send Data:System.Byte[]

日志时间：2019-07-10 14:22:04,080 
日志级别：INFO   
日志内容：串口 Send Data:System.Byte[]

日志时间：2019-07-10 14:22:04,320 
日志级别：INFO   
日志内容：串口 Send Data:System.Byte[]

日志时间：2019-07-10 14:22:04,592 
日志级别：INFO   
日志内容：串口 Send Data:System.Byte[]

日志时间：2019-07-10 14:22:05,304 
日志级别：INFO   
日志内容：串口 Send Data:System.Byte[]

日志时间：2019-07-10 14:22:05,585 
日志级别：INFO   
日志内容：串口 Send Data:System.Byte[]

日志时间：2019-07-10 14:22:05,937 
日志级别：INFO   
日志内容：串口 Send Data:System.Byte[]

日志时间：2019-07-10 14:22:06,416 
日志级别：INFO   
日志内容：串口 Send Data:System.Byte[]

日志时间：2019-07-10 14:22:06,736 
日志级别：INFO   
日志内容：串口 Send Data:System.Byte[]

日志时间：2019-07-10 14:22:09,921 
日志级别：INFO   
日志内容：串口 Send Data:System.Byte[]

日志时间：2019-07-10 14:22:11,584 
日志级别：INFO   
日志内容：串口 Send Data:System.Byte[]

日志时间：2019-07-10 14:22:12,472 
日志级别：INFO   
日志内容：串口 Send Data:System.Byte[]

日志时间：2019-07-10 14:22:13,089 
日志级别：INFO   
日志内容：串口 Send Data:System.Byte[]

日志时间：2019-07-10 14:22:13,512 
日志级别：INFO   
日志内容：串口 Send Data:System.Byte[]

日志时间：2019-07-10 14:22:13,920 
日志级别：INFO   
日志内容：串口 Send Data:System.Byte[]

日志时间：2019-07-10 14:22:18,160 
日志级别：INFO   
日志内容：串口 Send Data:System.Byte[]

日志时间：2019-07-10 14:22:20,107 
日志级别：INFO   
日志内容：串口 Send Data:System.Byte[]

日志时间：2019-07-10 14:22:43,695 
日志级别：INFO   
日志内容：关闭串口

日志时间：2019-07-10 14:22:46,052 
日志级别：INFO   
日志内容：Multi-tool Stop: Closed...

日志时间：2019-07-10 14:26:14,568 
日志级别：INFO   
日志内容：Multi-tool Start: Running...

日志时间：2019-07-10 14:26:18,059 
日志级别：INFO   
日志内容：打开串口

日志时间：2019-07-10 14:26:24,915 
日志级别：INFO   
日志内容：串口 Send Data:System.Byte[]

日志时间：2019-07-10 14:26:25,289 
日志级别：INFO   
日志内容：串口 Send Data:System.Byte[]

日志时间：2019-07-10 14:26:25,533 
日志级别：INFO   
日志内容：串口 Send Data:System.Byte[]

日志时间：2019-07-10 14:26:25,752 
日志级别：INFO   
日志内容：串口 Send Data:System.Byte[]

日志时间：2019-07-10 14:26:25,984 
日志级别：INFO   
日志内容：串口 Send Data:System.Byte[]

日志时间：2019-07-10 14:26:26,200 
日志级别：INFO   
日志内容：串口 Send Data:System.Byte[]

日志时间：2019-07-10 14:26:26,466 
日志级别：INFO   
日志内容：串口 Send Data:System.Byte[]

日志时间：2019-07-10 14:26:27,714 
日志级别：INFO   
日志内容：串口 Send Data:System.Byte[]

日志时间：2019-07-10 14:26:28,232 
日志级别：INFO   
日志内容：串口 Send Data:System.Byte[]

日志时间：2019-07-10 14:26:28,624 
日志级别：INFO   
日志内容：串口 Send Data:System.Byte[]

日志时间：2019-07-10 14:26:28,856 
日志级别：INFO   
日志内容：串口 Send Data:System.Byte[]

日志时间：2019-07-10 14:26:29,272 
日志级别：INFO   
日志内容：串口 Send Data:System.Byte[]

日志时间：2019-07-10 14:26:29,443 
日志级别：INFO   
日志内容：串口 Send Data:System.Byte[]

日志时间：2019-07-10 14:26:30,544 
日志级别：INFO   
日志内容：串口 Send Data:System.Byte[]

日志时间：2019-07-10 14:26:31,168 
日志级别：INFO   
日志内容：串口 Send Data:System.Byte[]

日志时间：2019-07-10 14:26:32,368 
日志级别：INFO   
日志内容：串口 Send Data:System.Byte[]

日志时间：2019-07-10 14:26:32,920 
日志级别：INFO   
日志内容：串口 Send Data:System.Byte[]

日志时间：2019-07-10 14:26:36,288 
日志级别：INFO   
日志内容：串口 Send Data:System.Byte[]

日志时间：2019-07-10 14:26:36,761 
日志级别：INFO   
日志内容：串口 Send Data:System.Byte[]

日志时间：2019-07-10 14:26:46,392 
日志级别：INFO   
日志内容：串口 Send Data:System.Byte[]

日志时间：2019-07-10 14:26:46,608 
日志级别：INFO   
日志内容：串口 Send Data:System.Byte[]

日志时间：2019-07-10 14:26:46,904 
日志级别：INFO   
日志内容：串口 Send Data:System.Byte[]

日志时间：2019-07-10 14:26:47,128 
日志级别：INFO   
日志内容：串口 Send Data:System.Byte[]

日志时间：2019-07-10 14:26:47,712 
日志级别：INFO   
日志内容：串口 Send Data:System.Byte[]

日志时间：2019-07-10 14:26:48,656 
日志级别：INFO   
日志内容：串口 Send Data:System.Byte[]

日志时间：2019-07-10 14:26:59,729 
日志级别：INFO   
日志内容：串口 Send Data:System.Byte[]

日志时间：2019-07-10 14:27:01,680 
日志级别：INFO   
日志内容：串口 Send Data:System.Byte[]

日志时间：2019-07-10 14:27:35,498 
日志级别：INFO   
日志内容：串口 Send Data:System.Byte[]

日志时间：2019-07-10 14:27:36,331 
日志级别：INFO   
日志内容：串口 Send Data:System.Byte[]

日志时间：2019-07-10 14:27:36,816 
日志级别：INFO   
日志内容：串口 Send Data:System.Byte[]

日志时间：2019-07-10 14:27:37,168 
日志级别：INFO   
日志内容：串口 Send Data:System.Byte[]

日志时间：2019-07-10 14:27:37,449 
日志级别：INFO   
日志内容：串口 Send Data:System.Byte[]

日志时间：2019-07-10 14:27:37,704 
日志级别：INFO   
日志内容：串口 Send Data:System.Byte[]

日志时间：2019-07-10 14:27:41,760 
日志级别：INFO   
日志内容：串口 Send Data:System.Byte[]

日志时间：2019-07-10 14:27:42,312 
日志级别：INFO   
日志内容：串口 Send Data:System.Byte[]

日志时间：2019-07-10 14:27:42,576 
日志级别：INFO   
日志内容：串口 Send Data:System.Byte[]

日志时间：2019-07-10 14:27:42,896 
日志级别：INFO   
日志内容：串口 Send Data:System.Byte[]

日志时间：2019-07-10 14:27:43,176 
日志级别：INFO   
日志内容：串口 Send Data:System.Byte[]

日志时间：2019-07-10 14:27:43,392 
日志级别：INFO   
日志内容：串口 Send Data:System.Byte[]

日志时间：2019-07-10 14:27:43,616 
日志级别：INFO   
日志内容：串口 Send Data:System.Byte[]

日志时间：2019-07-10 14:27:43,890 
日志级别：INFO   
日志内容：串口 Send Data:System.Byte[]

日志时间：2019-07-10 14:27:52,790 
日志级别：INFO   
日志内容：Multi-tool Stop: Closed...

日志时间：2019-07-10 14:28:24,107 
日志级别：INFO   
日志内容：Multi-tool Start: Running...

日志时间：2019-07-10 14:30:00,235 
日志级别：INFO   
日志内容：Multi-tool Start: Running...

日志时间：2019-07-10 14:31:16,859 
日志级别：INFO   
日志内容：Multi-tool Start: Running...

日志时间：2019-07-10 14:33:56,094 
日志级别：INFO   
日志内容：Multi-tool Start: Running...

日志时间：2019-07-10 14:34:33,868 
日志级别：INFO   
日志内容：Multi-tool Start: Running...

日志时间：2019-07-10 14:34:44,781 
日志级别：INFO   
日志内容：打开串口

日志时间：2019-07-10 14:34:46,215 
日志级别：INFO   
日志内容：关闭串口

日志时间：2019-07-10 14:34:52,712 
日志级别：INFO   
日志内容：Multi-tool Stop: Closed...

日志时间：2019-07-10 14:50:47,022 
日志级别：INFO   
日志内容：Multi-tool Start: Running...

日志时间：2019-07-10 14:51:36,905 
日志级别：INFO   
日志内容：Multi-tool Stop: Closed...

日志时间：2019-07-10 14:53:20,609 
日志级别：INFO   
日志内容：Multi-tool Start: Running...

日志时间：2019-07-10 14:54:09,068 
日志级别：INFO   
日志内容：Multi-tool Stop: Closed...

日志时间：2019-07-10 15:01:15,981 
日志级别：INFO   
日志内容：Multi-tool Start: Running...

日志时间：2019-07-10 15:01:47,509 
日志级别：INFO   
日志内容：Multi-tool Stop: Closed...

日志时间：2019-07-10 15:10:40,263 
日志级别：INFO   
日志内容：Multi-tool Start: Running...

日志时间：2019-07-10 15:11:15,569 
日志级别：INFO   
日志内容：Multi-tool Stop: Closed...

日志时间：2019-07-10 15:18:58,675 
日志级别：INFO   
日志内容：Multi-tool Start: Running...

日志时间：2019-07-10 15:19:36,356 
日志级别：INFO   
日志内容：Multi-tool Stop: Closed...

日志时间：2019-07-10 15:43:51,182 
日志级别：INFO   
日志内容：Multi-tool Start: Running...

日志时间：2019-07-10 15:44:50,827 
日志级别：INFO   
日志内容：WOL Date: 1C:1B:0D:62:D0:2F

日志时间：2019-07-10 16:14:19,266 
日志级别：INFO   
日志内容：Multi-tool Start: Running...

日志时间：2019-07-10 16:14:51,648 
日志级别：INFO   
日志内容：Multi-tool Stop: Closed...

日志时间：2019-07-10 16:27:21,368 
日志级别：INFO   
日志内容：Multi-tool Start: Running...

日志时间：2019-07-10 16:28:17,301 
日志级别：INFO   
日志内容：Multi-tool Stop: Closed...

日志时间：2019-07-10 16:29:36,452 
日志级别：INFO   
日志内容：Multi-tool Start: Running...

日志时间：2019-07-10 16:29:52,345 
日志级别：INFO   
日志内容：Multi-tool Stop: Closed...

日志时间：2019-07-10 16:54:33,610 
日志级别：INFO   
日志内容：Multi-tool Start: Running...

日志时间：2019-07-10 16:54:52,052 
日志级别：INFO   
日志内容：Multi-tool Stop: Closed...

日志时间：2019-07-10 16:56:22,460 
日志级别：INFO   
日志内容：Multi-tool Start: Running...

日志时间：2019-07-10 16:57:14,674 
日志级别：INFO   
日志内容：Multi-tool Start: Running...

日志时间：2019-07-10 16:57:36,069 
日志级别：INFO   
日志内容：Multi-tool Stop: Closed...

日志时间：2019-07-10 16:57:47,287 
日志级别：INFO   
日志内容：Multi-tool Start: Running...

日志时间：2019-07-10 16:58:37,645 
日志级别：INFO   
日志内容：Multi-tool Stop: Closed...

日志时间：2019-07-10 17:05:10,900 
日志级别：INFO   
日志内容：Multi-tool Start: Running...

日志时间：2019-07-10 17:06:10,201 
日志级别：INFO   
日志内容：Multi-tool Stop: Closed...

日志时间：2019-07-10 17:07:53,120 
日志级别：INFO   
日志内容：Multi-tool Start: Running...

日志时间：2019-07-10 17:08:11,624 
日志级别：INFO   
日志内容：Multi-tool Stop: Closed...

日志时间：2019-07-10 17:08:50,105 
日志级别：INFO   
日志内容：Multi-tool Start: Running...

日志时间：2019-07-10 17:09:03,179 
日志级别：INFO   
日志内容：Multi-tool Stop: Closed...

日志时间：2019-07-10 17:10:33,777 
日志级别：INFO   
日志内容：Multi-tool Start: Running...

日志时间：2019-07-10 17:10:45,765 
日志级别：INFO   
日志内容：Multi-tool Stop: Closed...

日志时间：2019-07-10 17:12:04,792 
日志级别：INFO   
日志内容：Multi-tool Start: Running...

日志时间：2019-07-10 17:13:43,451 
日志级别：INFO   
日志内容：Multi-tool Start: Running...

日志时间：2019-07-10 17:14:06,881 
日志级别：INFO   
日志内容：Multi-tool Stop: Closed...

日志时间：2019-07-10 17:15:24,676 
日志级别：INFO   
日志内容：Multi-tool Start: Running...

日志时间：2019-07-10 17:15:43,192 
日志级别：INFO   
日志内容：Multi-tool Stop: Closed...

日志时间：2019-07-10 17:18:10,346 
日志级别：INFO   
日志内容：Multi-tool Start: Running...

日志时间：2019-07-10 17:19:00,084 
日志级别：INFO   
日志内容：Multi-tool Start: Running...

日志时间：2019-07-10 17:19:16,709 
日志级别：INFO   
日志内容：Multi-tool Stop: Closed...

日志时间：2019-07-10 17:19:52,479 
日志级别：INFO   
日志内容：Multi-tool Start: Running...

日志时间：2019-07-10 18:32:18,289 
日志级别：INFO   
日志内容：Multi-tool Start: Running...

日志时间：2019-07-10 18:32:39,539 
日志级别：INFO   
日志内容：Multi-tool Stop: Closed...

日志时间：2019-07-10 18:48:39,152 
日志级别：INFO   
日志内容：Multi-tool Start: Running...

日志时间：2019-07-10 18:49:39,903 
日志级别：INFO   
日志内容：Multi-tool Start: Running...

日志时间：2019-07-10 18:49:49,500 
日志级别：INFO   
日志内容：Multi-tool Stop: Closed...

日志时间：2019-07-10 19:07:42,159 
日志级别：INFO   
日志内容：Multi-tool Start: Running...

日志时间：2019-07-10 19:07:57,006 
日志级别：INFO   
日志内容：Multi-tool Stop: Closed...

日志时间：2019-07-10 19:14:11,219 
日志级别：INFO   
日志内容：Multi-tool Start: Running...

日志时间：2019-07-10 19:14:49,497 
日志级别：INFO   
日志内容：Multi-tool Stop: Closed...

日志时间：2019-07-10 19:15:24,239 
日志级别：INFO   
日志内容：Multi-tool Start: Running...

日志时间：2019-07-10 19:17:17,302 
日志级别：INFO   
日志内容：Multi-tool Stop: Closed...

日志时间：2019-07-10 19:19:50,126 
日志级别：INFO   
日志内容：Multi-tool Start: Running...

日志时间：2019-07-10 19:20:38,926 
日志级别：INFO   
日志内容：Multi-tool Stop: Closed...

日志时间：2019-07-10 19:26:57,967 
日志级别：INFO   
日志内容：Multi-tool Start: Running...

日志时间：2019-07-10 19:27:24,904 
日志级别：INFO   
日志内容：Multi-tool Stop: Closed...

日志时间：2019-07-10 19:31:58,093 
日志级别：INFO   
日志内容：Multi-tool Start: Running...

日志时间：2019-07-10 19:33:26,380 
日志级别：INFO   
日志内容：Multi-tool Stop: Closed...

日志时间：2019-07-10 19:40:16,149 
日志级别：INFO   
日志内容：Multi-tool Start: Running...

日志时间：2019-07-10 19:41:05,210 
日志级别：INFO   
日志内容：Multi-tool Stop: Closed...

日志时间：2019-07-10 19:43:13,103 
日志级别：INFO   
日志内容：Multi-tool Start: Running...

日志时间：2019-07-10 19:48:00,209 
日志级别：INFO   
日志内容：Multi-tool Stop: Closed...

日志时间：2019-07-10 20:00:22,535 
日志级别：INFO   
日志内容：Multi-tool Start: Running...

日志时间：2019-07-10 20:01:29,154 
日志级别：INFO   
日志内容：Multi-tool Stop: Closed...

日志时间：2019-07-10 20:16:00,272 
日志级别：INFO   
日志内容：Multi-tool Start: Running...

日志时间：2019-07-10 20:16:41,458 
日志级别：INFO   
日志内容：Multi-tool Stop: Closed...

日志时间：2019-07-10 20:29:09,314 
日志级别：INFO   
日志内容：Multi-tool Start: Running...

日志时间：2019-07-10 20:29:58,333 
日志级别：INFO   
日志内容：Multi-tool Stop: Closed...

