日志时间：2019-07-25 09:13:57,234 
日志级别：INFO   
日志内容：Multi-tool Start: Running...

日志时间：2019-07-25 09:22:52,748 
日志级别：INFO   
日志内容：Multi-tool Start: Running...

日志时间：2019-07-25 09:23:56,500 
日志级别：INFO   
日志内容：Multi-tool Stop: Closed...

日志时间：2019-07-25 09:51:07,073 
日志级别：INFO   
日志内容：Multi-tool Start: Running...

日志时间：2019-07-25 09:52:56,431 
日志级别：INFO   
日志内容：Multi-tool Stop: Closed...

日志时间：2019-07-25 09:55:50,325 
日志级别：INFO   
日志内容：Multi-tool Start: Running...

日志时间：2019-07-25 09:56:35,700 
日志级别：INFO   
日志内容：Multi-tool Stop: Closed...

日志时间：2019-07-25 09:59:19,792 
日志级别：INFO   
日志内容：Multi-tool Start: Running...

日志时间：2019-07-25 09:59:43,992 
日志级别：INFO   
日志内容：打开串口

日志时间：2019-07-25 09:59:53,696 
日志级别：INFO   
日志内容：关闭串口

日志时间：2019-07-25 09:59:54,718 
日志级别：INFO   
日志内容：关闭串口

日志时间：2019-07-25 10:00:22,841 
日志级别：INFO   
日志内容：Multi-tool Stop: Closed...

日志时间：2019-07-25 10:21:59,688 
日志级别：INFO   
日志内容：Multi-tool Start: Running...

日志时间：2019-07-25 10:22:45,257 
日志级别：INFO   
日志内容：Multi-tool Stop: Closed...

日志时间：2019-07-25 10:25:17,961 
日志级别：INFO   
日志内容：Multi-tool Start: Running...

日志时间：2019-07-25 10:25:33,237 
日志级别：INFO   
日志内容：Multi-tool Stop: Closed...

日志时间：2019-07-25 10:29:53,643 
日志级别：INFO   
日志内容：Multi-tool Start: Running...

日志时间：2019-07-25 10:30:29,679 
日志级别：INFO   
日志内容：Multi-tool Stop: Closed...

日志时间：2019-07-25 10:37:53,591 
日志级别：INFO   
日志内容：Multi-tool Start: Running...

日志时间：2019-07-25 10:38:06,655 
日志级别：INFO   
日志内容：Multi-tool Stop: Closed...

日志时间：2019-07-25 10:41:55,191 
日志级别：INFO   
日志内容：Multi-tool Start: Running...

日志时间：2019-07-25 10:46:20,677 
日志级别：INFO   
日志内容：Multi-tool Start: Running...

日志时间：2019-07-25 10:49:00,033 
日志级别：INFO   
日志内容：Multi-tool Stop: Closed...

日志时间：2019-07-25 14:22:37,777 
日志级别：INFO   
日志内容：Multi-tool Start: Running...

日志时间：2019-07-25 14:22:42,325 
日志级别：INFO   
日志内容：Multi-tool Stop: Closed...

日志时间：2019-07-25 14:51:11,828 
日志级别：INFO   
日志内容：Multi-tool Start: Running...

日志时间：2019-07-25 14:51:54,687 
日志级别：INFO   
日志内容：Multi-tool Stop: Closed...

日志时间：2019-07-25 15:16:29,821 
日志级别：INFO   
日志内容：Multi-tool Start: Running...

日志时间：2019-07-25 15:17:14,053 
日志级别：INFO   
日志内容：Multi-tool Stop: Closed...

日志时间：2019-07-25 18:44:12,401 
日志级别：INFO   
日志内容：Multi-tool Start: Running...

日志时间：2019-07-25 20:28:51,360 
日志级别：INFO   
日志内容：Multi-tool Stop: Closed...

